ARM GAS  /var/folders/jl/lskhb0_j53jf26l9_b8c7ppm0000gn/T//cc2LMnwd.s 			page 1


   1              		.cpu cortex-m0plus
   2              		.eabi_attribute 20, 1
   3              		.eabi_attribute 21, 1
   4              		.eabi_attribute 23, 3
   5              		.eabi_attribute 24, 1
   6              		.eabi_attribute 25, 1
   7              		.eabi_attribute 26, 1
   8              		.eabi_attribute 30, 1
   9              		.eabi_attribute 34, 0
  10              		.eabi_attribute 18, 4
  11              		.file	"stm32l0xx_hal_uart_ex.c"
  12              		.text
  13              	.Ltext0:
  14              		.cfi_sections	.debug_frame
  15              		.section	.text.UARTEx_Wakeup_AddressConfig,"ax",%progbits
  16              		.align	1
  17              		.arch armv6s-m
  18              		.syntax unified
  19              		.code	16
  20              		.thumb_func
  21              		.fpu softvfp
  23              	UARTEx_Wakeup_AddressConfig:
  24              	.LVL0:
  25              	.LFB42:
  26              		.file 1 "Drivers/STM32L0xx_HAL_Driver/Src/stm32l0xx_hal_uart_ex.c"
   1:Drivers/STM32L0xx_HAL_Driver/Src/stm32l0xx_hal_uart_ex.c **** /**
   2:Drivers/STM32L0xx_HAL_Driver/Src/stm32l0xx_hal_uart_ex.c ****   ******************************************************************************
   3:Drivers/STM32L0xx_HAL_Driver/Src/stm32l0xx_hal_uart_ex.c ****   * @file    stm32l0xx_hal_uart_ex.c
   4:Drivers/STM32L0xx_HAL_Driver/Src/stm32l0xx_hal_uart_ex.c ****   * @author  MCD Application Team
   5:Drivers/STM32L0xx_HAL_Driver/Src/stm32l0xx_hal_uart_ex.c ****   * @brief   Extended UART HAL module driver.
   6:Drivers/STM32L0xx_HAL_Driver/Src/stm32l0xx_hal_uart_ex.c ****   *          This file provides firmware functions to manage the following extended
   7:Drivers/STM32L0xx_HAL_Driver/Src/stm32l0xx_hal_uart_ex.c ****   *          functionalities of the Universal Asynchronous Receiver Transmitter Peripheral (UART).
   8:Drivers/STM32L0xx_HAL_Driver/Src/stm32l0xx_hal_uart_ex.c ****   *           + Initialization and de-initialization functions
   9:Drivers/STM32L0xx_HAL_Driver/Src/stm32l0xx_hal_uart_ex.c ****   *           + Peripheral Control functions
  10:Drivers/STM32L0xx_HAL_Driver/Src/stm32l0xx_hal_uart_ex.c ****   *
  11:Drivers/STM32L0xx_HAL_Driver/Src/stm32l0xx_hal_uart_ex.c ****   *
  12:Drivers/STM32L0xx_HAL_Driver/Src/stm32l0xx_hal_uart_ex.c ****   @verbatim
  13:Drivers/STM32L0xx_HAL_Driver/Src/stm32l0xx_hal_uart_ex.c ****   ==============================================================================
  14:Drivers/STM32L0xx_HAL_Driver/Src/stm32l0xx_hal_uart_ex.c ****                ##### UART peripheral extended features  #####
  15:Drivers/STM32L0xx_HAL_Driver/Src/stm32l0xx_hal_uart_ex.c ****   ==============================================================================
  16:Drivers/STM32L0xx_HAL_Driver/Src/stm32l0xx_hal_uart_ex.c **** 
  17:Drivers/STM32L0xx_HAL_Driver/Src/stm32l0xx_hal_uart_ex.c ****     (#) Declare a UART_HandleTypeDef handle structure.
  18:Drivers/STM32L0xx_HAL_Driver/Src/stm32l0xx_hal_uart_ex.c **** 
  19:Drivers/STM32L0xx_HAL_Driver/Src/stm32l0xx_hal_uart_ex.c ****     (#) For the UART RS485 Driver Enable mode, initialize the UART registers
  20:Drivers/STM32L0xx_HAL_Driver/Src/stm32l0xx_hal_uart_ex.c ****         by calling the HAL_RS485Ex_Init() API.
  21:Drivers/STM32L0xx_HAL_Driver/Src/stm32l0xx_hal_uart_ex.c **** 
  22:Drivers/STM32L0xx_HAL_Driver/Src/stm32l0xx_hal_uart_ex.c ****   @endverbatim
  23:Drivers/STM32L0xx_HAL_Driver/Src/stm32l0xx_hal_uart_ex.c ****   ******************************************************************************
  24:Drivers/STM32L0xx_HAL_Driver/Src/stm32l0xx_hal_uart_ex.c ****   * @attention
  25:Drivers/STM32L0xx_HAL_Driver/Src/stm32l0xx_hal_uart_ex.c ****   *
  26:Drivers/STM32L0xx_HAL_Driver/Src/stm32l0xx_hal_uart_ex.c ****   * <h2><center>&copy; Copyright (c) 2016 STMicroelectronics.
  27:Drivers/STM32L0xx_HAL_Driver/Src/stm32l0xx_hal_uart_ex.c ****   * All rights reserved.</center></h2>
  28:Drivers/STM32L0xx_HAL_Driver/Src/stm32l0xx_hal_uart_ex.c ****   *
  29:Drivers/STM32L0xx_HAL_Driver/Src/stm32l0xx_hal_uart_ex.c ****   * This software component is licensed by ST under BSD 3-Clause license,
  30:Drivers/STM32L0xx_HAL_Driver/Src/stm32l0xx_hal_uart_ex.c ****   * the "License"; You may not use this file except in compliance with the
  31:Drivers/STM32L0xx_HAL_Driver/Src/stm32l0xx_hal_uart_ex.c ****   * License. You may obtain a copy of the License at:
  32:Drivers/STM32L0xx_HAL_Driver/Src/stm32l0xx_hal_uart_ex.c ****   *                        opensource.org/licenses/BSD-3-Clause
ARM GAS  /var/folders/jl/lskhb0_j53jf26l9_b8c7ppm0000gn/T//cc2LMnwd.s 			page 2


  33:Drivers/STM32L0xx_HAL_Driver/Src/stm32l0xx_hal_uart_ex.c ****   *
  34:Drivers/STM32L0xx_HAL_Driver/Src/stm32l0xx_hal_uart_ex.c ****   ******************************************************************************
  35:Drivers/STM32L0xx_HAL_Driver/Src/stm32l0xx_hal_uart_ex.c ****   */
  36:Drivers/STM32L0xx_HAL_Driver/Src/stm32l0xx_hal_uart_ex.c **** 
  37:Drivers/STM32L0xx_HAL_Driver/Src/stm32l0xx_hal_uart_ex.c **** /* Includes ------------------------------------------------------------------*/
  38:Drivers/STM32L0xx_HAL_Driver/Src/stm32l0xx_hal_uart_ex.c **** #include "stm32l0xx_hal.h"
  39:Drivers/STM32L0xx_HAL_Driver/Src/stm32l0xx_hal_uart_ex.c **** 
  40:Drivers/STM32L0xx_HAL_Driver/Src/stm32l0xx_hal_uart_ex.c **** /** @addtogroup STM32L0xx_HAL_Driver
  41:Drivers/STM32L0xx_HAL_Driver/Src/stm32l0xx_hal_uart_ex.c ****   * @{
  42:Drivers/STM32L0xx_HAL_Driver/Src/stm32l0xx_hal_uart_ex.c ****   */
  43:Drivers/STM32L0xx_HAL_Driver/Src/stm32l0xx_hal_uart_ex.c **** 
  44:Drivers/STM32L0xx_HAL_Driver/Src/stm32l0xx_hal_uart_ex.c **** /** @defgroup UARTEx UARTEx
  45:Drivers/STM32L0xx_HAL_Driver/Src/stm32l0xx_hal_uart_ex.c ****   * @brief UART Extended HAL module driver
  46:Drivers/STM32L0xx_HAL_Driver/Src/stm32l0xx_hal_uart_ex.c ****   * @{
  47:Drivers/STM32L0xx_HAL_Driver/Src/stm32l0xx_hal_uart_ex.c ****   */
  48:Drivers/STM32L0xx_HAL_Driver/Src/stm32l0xx_hal_uart_ex.c **** 
  49:Drivers/STM32L0xx_HAL_Driver/Src/stm32l0xx_hal_uart_ex.c **** #ifdef HAL_UART_MODULE_ENABLED
  50:Drivers/STM32L0xx_HAL_Driver/Src/stm32l0xx_hal_uart_ex.c **** 
  51:Drivers/STM32L0xx_HAL_Driver/Src/stm32l0xx_hal_uart_ex.c **** /* Private typedef -----------------------------------------------------------*/
  52:Drivers/STM32L0xx_HAL_Driver/Src/stm32l0xx_hal_uart_ex.c **** /* Private define ------------------------------------------------------------*/
  53:Drivers/STM32L0xx_HAL_Driver/Src/stm32l0xx_hal_uart_ex.c **** 
  54:Drivers/STM32L0xx_HAL_Driver/Src/stm32l0xx_hal_uart_ex.c **** /* Private macros ------------------------------------------------------------*/
  55:Drivers/STM32L0xx_HAL_Driver/Src/stm32l0xx_hal_uart_ex.c **** /* Private variables ---------------------------------------------------------*/
  56:Drivers/STM32L0xx_HAL_Driver/Src/stm32l0xx_hal_uart_ex.c **** /* Private function prototypes -----------------------------------------------*/
  57:Drivers/STM32L0xx_HAL_Driver/Src/stm32l0xx_hal_uart_ex.c **** /** @defgroup UARTEx_Private_Functions UARTEx Private Functions
  58:Drivers/STM32L0xx_HAL_Driver/Src/stm32l0xx_hal_uart_ex.c ****   * @{
  59:Drivers/STM32L0xx_HAL_Driver/Src/stm32l0xx_hal_uart_ex.c ****   */
  60:Drivers/STM32L0xx_HAL_Driver/Src/stm32l0xx_hal_uart_ex.c **** #if (USE_HAL_UART_REGISTER_CALLBACKS == 1)
  61:Drivers/STM32L0xx_HAL_Driver/Src/stm32l0xx_hal_uart_ex.c **** extern void UART_InitCallbacksToDefault(UART_HandleTypeDef *huart);
  62:Drivers/STM32L0xx_HAL_Driver/Src/stm32l0xx_hal_uart_ex.c **** #endif /* USE_HAL_UART_REGISTER_CALLBACKS */
  63:Drivers/STM32L0xx_HAL_Driver/Src/stm32l0xx_hal_uart_ex.c **** static void UARTEx_Wakeup_AddressConfig(UART_HandleTypeDef *huart, UART_WakeUpTypeDef WakeUpSelecti
  64:Drivers/STM32L0xx_HAL_Driver/Src/stm32l0xx_hal_uart_ex.c **** /**
  65:Drivers/STM32L0xx_HAL_Driver/Src/stm32l0xx_hal_uart_ex.c ****   * @}
  66:Drivers/STM32L0xx_HAL_Driver/Src/stm32l0xx_hal_uart_ex.c ****   */
  67:Drivers/STM32L0xx_HAL_Driver/Src/stm32l0xx_hal_uart_ex.c **** 
  68:Drivers/STM32L0xx_HAL_Driver/Src/stm32l0xx_hal_uart_ex.c **** /* Exported functions --------------------------------------------------------*/
  69:Drivers/STM32L0xx_HAL_Driver/Src/stm32l0xx_hal_uart_ex.c **** 
  70:Drivers/STM32L0xx_HAL_Driver/Src/stm32l0xx_hal_uart_ex.c **** /** @defgroup UARTEx_Exported_Functions  UARTEx Exported Functions
  71:Drivers/STM32L0xx_HAL_Driver/Src/stm32l0xx_hal_uart_ex.c ****   * @{
  72:Drivers/STM32L0xx_HAL_Driver/Src/stm32l0xx_hal_uart_ex.c ****   */
  73:Drivers/STM32L0xx_HAL_Driver/Src/stm32l0xx_hal_uart_ex.c **** 
  74:Drivers/STM32L0xx_HAL_Driver/Src/stm32l0xx_hal_uart_ex.c **** /** @defgroup UARTEx_Exported_Functions_Group1 Initialization and de-initialization functions
  75:Drivers/STM32L0xx_HAL_Driver/Src/stm32l0xx_hal_uart_ex.c ****   * @brief    Extended Initialization and Configuration Functions
  76:Drivers/STM32L0xx_HAL_Driver/Src/stm32l0xx_hal_uart_ex.c ****   *
  77:Drivers/STM32L0xx_HAL_Driver/Src/stm32l0xx_hal_uart_ex.c **** @verbatim
  78:Drivers/STM32L0xx_HAL_Driver/Src/stm32l0xx_hal_uart_ex.c **** ===============================================================================
  79:Drivers/STM32L0xx_HAL_Driver/Src/stm32l0xx_hal_uart_ex.c ****             ##### Initialization and Configuration functions #####
  80:Drivers/STM32L0xx_HAL_Driver/Src/stm32l0xx_hal_uart_ex.c ****  ===============================================================================
  81:Drivers/STM32L0xx_HAL_Driver/Src/stm32l0xx_hal_uart_ex.c ****     [..]
  82:Drivers/STM32L0xx_HAL_Driver/Src/stm32l0xx_hal_uart_ex.c ****     This subsection provides a set of functions allowing to initialize the USARTx or the UARTy
  83:Drivers/STM32L0xx_HAL_Driver/Src/stm32l0xx_hal_uart_ex.c ****     in asynchronous mode.
  84:Drivers/STM32L0xx_HAL_Driver/Src/stm32l0xx_hal_uart_ex.c ****       (+) For the asynchronous mode the parameters below can be configured:
  85:Drivers/STM32L0xx_HAL_Driver/Src/stm32l0xx_hal_uart_ex.c ****         (++) Baud Rate
  86:Drivers/STM32L0xx_HAL_Driver/Src/stm32l0xx_hal_uart_ex.c ****         (++) Word Length
  87:Drivers/STM32L0xx_HAL_Driver/Src/stm32l0xx_hal_uart_ex.c ****         (++) Stop Bit
  88:Drivers/STM32L0xx_HAL_Driver/Src/stm32l0xx_hal_uart_ex.c ****         (++) Parity: If the parity is enabled, then the MSB bit of the data written
  89:Drivers/STM32L0xx_HAL_Driver/Src/stm32l0xx_hal_uart_ex.c ****              in the data register is transmitted but is changed by the parity bit.
ARM GAS  /var/folders/jl/lskhb0_j53jf26l9_b8c7ppm0000gn/T//cc2LMnwd.s 			page 3


  90:Drivers/STM32L0xx_HAL_Driver/Src/stm32l0xx_hal_uart_ex.c ****         (++) Hardware flow control
  91:Drivers/STM32L0xx_HAL_Driver/Src/stm32l0xx_hal_uart_ex.c ****         (++) Receiver/transmitter modes
  92:Drivers/STM32L0xx_HAL_Driver/Src/stm32l0xx_hal_uart_ex.c ****         (++) Over Sampling Method
  93:Drivers/STM32L0xx_HAL_Driver/Src/stm32l0xx_hal_uart_ex.c ****         (++) One-Bit Sampling Method
  94:Drivers/STM32L0xx_HAL_Driver/Src/stm32l0xx_hal_uart_ex.c ****       (+) For the asynchronous mode, the following advanced features can be configured as well:
  95:Drivers/STM32L0xx_HAL_Driver/Src/stm32l0xx_hal_uart_ex.c ****         (++) TX and/or RX pin level inversion
  96:Drivers/STM32L0xx_HAL_Driver/Src/stm32l0xx_hal_uart_ex.c ****         (++) data logical level inversion
  97:Drivers/STM32L0xx_HAL_Driver/Src/stm32l0xx_hal_uart_ex.c ****         (++) RX and TX pins swap
  98:Drivers/STM32L0xx_HAL_Driver/Src/stm32l0xx_hal_uart_ex.c ****         (++) RX overrun detection disabling
  99:Drivers/STM32L0xx_HAL_Driver/Src/stm32l0xx_hal_uart_ex.c ****         (++) DMA disabling on RX error
 100:Drivers/STM32L0xx_HAL_Driver/Src/stm32l0xx_hal_uart_ex.c ****         (++) MSB first on communication line
 101:Drivers/STM32L0xx_HAL_Driver/Src/stm32l0xx_hal_uart_ex.c ****         (++) auto Baud rate detection
 102:Drivers/STM32L0xx_HAL_Driver/Src/stm32l0xx_hal_uart_ex.c ****     [..]
 103:Drivers/STM32L0xx_HAL_Driver/Src/stm32l0xx_hal_uart_ex.c ****     The HAL_RS485Ex_Init() API follows the UART RS485 mode configuration
 104:Drivers/STM32L0xx_HAL_Driver/Src/stm32l0xx_hal_uart_ex.c ****      procedures (details for the procedures are available in reference manual).
 105:Drivers/STM32L0xx_HAL_Driver/Src/stm32l0xx_hal_uart_ex.c **** 
 106:Drivers/STM32L0xx_HAL_Driver/Src/stm32l0xx_hal_uart_ex.c **** @endverbatim
 107:Drivers/STM32L0xx_HAL_Driver/Src/stm32l0xx_hal_uart_ex.c **** 
 108:Drivers/STM32L0xx_HAL_Driver/Src/stm32l0xx_hal_uart_ex.c ****   Depending on the frame length defined by the M1 and M0 bits (7-bit,
 109:Drivers/STM32L0xx_HAL_Driver/Src/stm32l0xx_hal_uart_ex.c ****   8-bit or 9-bit), the possible UART formats are listed in the
 110:Drivers/STM32L0xx_HAL_Driver/Src/stm32l0xx_hal_uart_ex.c ****   following table.
 111:Drivers/STM32L0xx_HAL_Driver/Src/stm32l0xx_hal_uart_ex.c **** 
 112:Drivers/STM32L0xx_HAL_Driver/Src/stm32l0xx_hal_uart_ex.c ****     Table 1. UART frame format.
 113:Drivers/STM32L0xx_HAL_Driver/Src/stm32l0xx_hal_uart_ex.c ****     +-----------------------------------------------------------------------+
 114:Drivers/STM32L0xx_HAL_Driver/Src/stm32l0xx_hal_uart_ex.c ****     |  M1 bit |  M0 bit |  PCE bit  |             UART frame                |
 115:Drivers/STM32L0xx_HAL_Driver/Src/stm32l0xx_hal_uart_ex.c ****     |---------|---------|-----------|---------------------------------------|
 116:Drivers/STM32L0xx_HAL_Driver/Src/stm32l0xx_hal_uart_ex.c ****     |    0    |    0    |    0      |    | SB |    8 bit data   | STB |     |
 117:Drivers/STM32L0xx_HAL_Driver/Src/stm32l0xx_hal_uart_ex.c ****     |---------|---------|-----------|---------------------------------------|
 118:Drivers/STM32L0xx_HAL_Driver/Src/stm32l0xx_hal_uart_ex.c ****     |    0    |    0    |    1      |    | SB | 7 bit data | PB | STB |     |
 119:Drivers/STM32L0xx_HAL_Driver/Src/stm32l0xx_hal_uart_ex.c ****     |---------|---------|-----------|---------------------------------------|
 120:Drivers/STM32L0xx_HAL_Driver/Src/stm32l0xx_hal_uart_ex.c ****     |    0    |    1    |    0      |    | SB |    9 bit data   | STB |     |
 121:Drivers/STM32L0xx_HAL_Driver/Src/stm32l0xx_hal_uart_ex.c ****     |---------|---------|-----------|---------------------------------------|
 122:Drivers/STM32L0xx_HAL_Driver/Src/stm32l0xx_hal_uart_ex.c ****     |    0    |    1    |    1      |    | SB | 8 bit data | PB | STB |     |
 123:Drivers/STM32L0xx_HAL_Driver/Src/stm32l0xx_hal_uart_ex.c ****     |---------|---------|-----------|---------------------------------------|
 124:Drivers/STM32L0xx_HAL_Driver/Src/stm32l0xx_hal_uart_ex.c ****     |    1    |    0    |    0      |    | SB |    7 bit data   | STB |     |
 125:Drivers/STM32L0xx_HAL_Driver/Src/stm32l0xx_hal_uart_ex.c ****     |---------|---------|-----------|---------------------------------------|
 126:Drivers/STM32L0xx_HAL_Driver/Src/stm32l0xx_hal_uart_ex.c ****     |    1    |    0    |    1      |    | SB | 6 bit data | PB | STB |     |
 127:Drivers/STM32L0xx_HAL_Driver/Src/stm32l0xx_hal_uart_ex.c ****     +-----------------------------------------------------------------------+
 128:Drivers/STM32L0xx_HAL_Driver/Src/stm32l0xx_hal_uart_ex.c **** 
 129:Drivers/STM32L0xx_HAL_Driver/Src/stm32l0xx_hal_uart_ex.c ****   * @{
 130:Drivers/STM32L0xx_HAL_Driver/Src/stm32l0xx_hal_uart_ex.c ****   */
 131:Drivers/STM32L0xx_HAL_Driver/Src/stm32l0xx_hal_uart_ex.c **** 
 132:Drivers/STM32L0xx_HAL_Driver/Src/stm32l0xx_hal_uart_ex.c **** /**
 133:Drivers/STM32L0xx_HAL_Driver/Src/stm32l0xx_hal_uart_ex.c ****   * @brief Initialize the RS485 Driver enable feature according to the specified
 134:Drivers/STM32L0xx_HAL_Driver/Src/stm32l0xx_hal_uart_ex.c ****   *         parameters in the UART_InitTypeDef and creates the associated handle.
 135:Drivers/STM32L0xx_HAL_Driver/Src/stm32l0xx_hal_uart_ex.c ****   * @param huart            UART handle.
 136:Drivers/STM32L0xx_HAL_Driver/Src/stm32l0xx_hal_uart_ex.c ****   * @param Polarity         Select the driver enable polarity.
 137:Drivers/STM32L0xx_HAL_Driver/Src/stm32l0xx_hal_uart_ex.c ****   *          This parameter can be one of the following values:
 138:Drivers/STM32L0xx_HAL_Driver/Src/stm32l0xx_hal_uart_ex.c ****   *          @arg @ref UART_DE_POLARITY_HIGH DE signal is active high
 139:Drivers/STM32L0xx_HAL_Driver/Src/stm32l0xx_hal_uart_ex.c ****   *          @arg @ref UART_DE_POLARITY_LOW  DE signal is active low
 140:Drivers/STM32L0xx_HAL_Driver/Src/stm32l0xx_hal_uart_ex.c ****   * @param AssertionTime    Driver Enable assertion time:
 141:Drivers/STM32L0xx_HAL_Driver/Src/stm32l0xx_hal_uart_ex.c ****   *       5-bit value defining the time between the activation of the DE (Driver Enable)
 142:Drivers/STM32L0xx_HAL_Driver/Src/stm32l0xx_hal_uart_ex.c ****   *       signal and the beginning of the start bit. It is expressed in sample time
 143:Drivers/STM32L0xx_HAL_Driver/Src/stm32l0xx_hal_uart_ex.c ****   *       units (1/8 or 1/16 bit time, depending on the oversampling rate)
 144:Drivers/STM32L0xx_HAL_Driver/Src/stm32l0xx_hal_uart_ex.c ****   * @param DeassertionTime  Driver Enable deassertion time:
 145:Drivers/STM32L0xx_HAL_Driver/Src/stm32l0xx_hal_uart_ex.c ****   *       5-bit value defining the time between the end of the last stop bit, in a
 146:Drivers/STM32L0xx_HAL_Driver/Src/stm32l0xx_hal_uart_ex.c ****   *       transmitted message, and the de-activation of the DE (Driver Enable) signal.
ARM GAS  /var/folders/jl/lskhb0_j53jf26l9_b8c7ppm0000gn/T//cc2LMnwd.s 			page 4


 147:Drivers/STM32L0xx_HAL_Driver/Src/stm32l0xx_hal_uart_ex.c ****   *       It is expressed in sample time units (1/8 or 1/16 bit time, depending on the
 148:Drivers/STM32L0xx_HAL_Driver/Src/stm32l0xx_hal_uart_ex.c ****   *       oversampling rate).
 149:Drivers/STM32L0xx_HAL_Driver/Src/stm32l0xx_hal_uart_ex.c ****   * @retval HAL status
 150:Drivers/STM32L0xx_HAL_Driver/Src/stm32l0xx_hal_uart_ex.c ****   */
 151:Drivers/STM32L0xx_HAL_Driver/Src/stm32l0xx_hal_uart_ex.c **** HAL_StatusTypeDef HAL_RS485Ex_Init(UART_HandleTypeDef *huart, uint32_t Polarity, uint32_t Assertion
 152:Drivers/STM32L0xx_HAL_Driver/Src/stm32l0xx_hal_uart_ex.c **** {
 153:Drivers/STM32L0xx_HAL_Driver/Src/stm32l0xx_hal_uart_ex.c ****   uint32_t temp;
 154:Drivers/STM32L0xx_HAL_Driver/Src/stm32l0xx_hal_uart_ex.c **** 
 155:Drivers/STM32L0xx_HAL_Driver/Src/stm32l0xx_hal_uart_ex.c ****   /* Check the UART handle allocation */
 156:Drivers/STM32L0xx_HAL_Driver/Src/stm32l0xx_hal_uart_ex.c ****   if (huart == NULL)
 157:Drivers/STM32L0xx_HAL_Driver/Src/stm32l0xx_hal_uart_ex.c ****   {
 158:Drivers/STM32L0xx_HAL_Driver/Src/stm32l0xx_hal_uart_ex.c ****     return HAL_ERROR;
 159:Drivers/STM32L0xx_HAL_Driver/Src/stm32l0xx_hal_uart_ex.c ****   }
 160:Drivers/STM32L0xx_HAL_Driver/Src/stm32l0xx_hal_uart_ex.c ****   /* Check the Driver Enable UART instance */
 161:Drivers/STM32L0xx_HAL_Driver/Src/stm32l0xx_hal_uart_ex.c ****   assert_param(IS_UART_DRIVER_ENABLE_INSTANCE(huart->Instance));
 162:Drivers/STM32L0xx_HAL_Driver/Src/stm32l0xx_hal_uart_ex.c **** 
 163:Drivers/STM32L0xx_HAL_Driver/Src/stm32l0xx_hal_uart_ex.c ****   /* Check the Driver Enable polarity */
 164:Drivers/STM32L0xx_HAL_Driver/Src/stm32l0xx_hal_uart_ex.c ****   assert_param(IS_UART_DE_POLARITY(Polarity));
 165:Drivers/STM32L0xx_HAL_Driver/Src/stm32l0xx_hal_uart_ex.c **** 
 166:Drivers/STM32L0xx_HAL_Driver/Src/stm32l0xx_hal_uart_ex.c ****   /* Check the Driver Enable assertion time */
 167:Drivers/STM32L0xx_HAL_Driver/Src/stm32l0xx_hal_uart_ex.c ****   assert_param(IS_UART_ASSERTIONTIME(AssertionTime));
 168:Drivers/STM32L0xx_HAL_Driver/Src/stm32l0xx_hal_uart_ex.c **** 
 169:Drivers/STM32L0xx_HAL_Driver/Src/stm32l0xx_hal_uart_ex.c ****   /* Check the Driver Enable deassertion time */
 170:Drivers/STM32L0xx_HAL_Driver/Src/stm32l0xx_hal_uart_ex.c ****   assert_param(IS_UART_DEASSERTIONTIME(DeassertionTime));
 171:Drivers/STM32L0xx_HAL_Driver/Src/stm32l0xx_hal_uart_ex.c **** 
 172:Drivers/STM32L0xx_HAL_Driver/Src/stm32l0xx_hal_uart_ex.c ****   if (huart->gState == HAL_UART_STATE_RESET)
 173:Drivers/STM32L0xx_HAL_Driver/Src/stm32l0xx_hal_uart_ex.c ****   {
 174:Drivers/STM32L0xx_HAL_Driver/Src/stm32l0xx_hal_uart_ex.c ****     /* Allocate lock resource and initialize it */
 175:Drivers/STM32L0xx_HAL_Driver/Src/stm32l0xx_hal_uart_ex.c ****     huart->Lock = HAL_UNLOCKED;
 176:Drivers/STM32L0xx_HAL_Driver/Src/stm32l0xx_hal_uart_ex.c **** 
 177:Drivers/STM32L0xx_HAL_Driver/Src/stm32l0xx_hal_uart_ex.c **** #if (USE_HAL_UART_REGISTER_CALLBACKS == 1)
 178:Drivers/STM32L0xx_HAL_Driver/Src/stm32l0xx_hal_uart_ex.c ****     UART_InitCallbacksToDefault(huart);
 179:Drivers/STM32L0xx_HAL_Driver/Src/stm32l0xx_hal_uart_ex.c **** 
 180:Drivers/STM32L0xx_HAL_Driver/Src/stm32l0xx_hal_uart_ex.c ****     if (huart->MspInitCallback == NULL)
 181:Drivers/STM32L0xx_HAL_Driver/Src/stm32l0xx_hal_uart_ex.c ****     {
 182:Drivers/STM32L0xx_HAL_Driver/Src/stm32l0xx_hal_uart_ex.c ****       huart->MspInitCallback = HAL_UART_MspInit;
 183:Drivers/STM32L0xx_HAL_Driver/Src/stm32l0xx_hal_uart_ex.c ****     }
 184:Drivers/STM32L0xx_HAL_Driver/Src/stm32l0xx_hal_uart_ex.c **** 
 185:Drivers/STM32L0xx_HAL_Driver/Src/stm32l0xx_hal_uart_ex.c ****     /* Init the low level hardware */
 186:Drivers/STM32L0xx_HAL_Driver/Src/stm32l0xx_hal_uart_ex.c ****     huart->MspInitCallback(huart);
 187:Drivers/STM32L0xx_HAL_Driver/Src/stm32l0xx_hal_uart_ex.c **** #else
 188:Drivers/STM32L0xx_HAL_Driver/Src/stm32l0xx_hal_uart_ex.c ****     /* Init the low level hardware : GPIO, CLOCK, CORTEX */
 189:Drivers/STM32L0xx_HAL_Driver/Src/stm32l0xx_hal_uart_ex.c ****     HAL_UART_MspInit(huart);
 190:Drivers/STM32L0xx_HAL_Driver/Src/stm32l0xx_hal_uart_ex.c **** #endif /* (USE_HAL_UART_REGISTER_CALLBACKS) */
 191:Drivers/STM32L0xx_HAL_Driver/Src/stm32l0xx_hal_uart_ex.c ****   }
 192:Drivers/STM32L0xx_HAL_Driver/Src/stm32l0xx_hal_uart_ex.c **** 
 193:Drivers/STM32L0xx_HAL_Driver/Src/stm32l0xx_hal_uart_ex.c ****   huart->gState = HAL_UART_STATE_BUSY;
 194:Drivers/STM32L0xx_HAL_Driver/Src/stm32l0xx_hal_uart_ex.c **** 
 195:Drivers/STM32L0xx_HAL_Driver/Src/stm32l0xx_hal_uart_ex.c ****   /* Disable the Peripheral */
 196:Drivers/STM32L0xx_HAL_Driver/Src/stm32l0xx_hal_uart_ex.c ****   __HAL_UART_DISABLE(huart);
 197:Drivers/STM32L0xx_HAL_Driver/Src/stm32l0xx_hal_uart_ex.c **** 
 198:Drivers/STM32L0xx_HAL_Driver/Src/stm32l0xx_hal_uart_ex.c ****   /* Set the UART Communication parameters */
 199:Drivers/STM32L0xx_HAL_Driver/Src/stm32l0xx_hal_uart_ex.c ****   if (UART_SetConfig(huart) == HAL_ERROR)
 200:Drivers/STM32L0xx_HAL_Driver/Src/stm32l0xx_hal_uart_ex.c ****   {
 201:Drivers/STM32L0xx_HAL_Driver/Src/stm32l0xx_hal_uart_ex.c ****     return HAL_ERROR;
 202:Drivers/STM32L0xx_HAL_Driver/Src/stm32l0xx_hal_uart_ex.c ****   }
 203:Drivers/STM32L0xx_HAL_Driver/Src/stm32l0xx_hal_uart_ex.c **** 
ARM GAS  /var/folders/jl/lskhb0_j53jf26l9_b8c7ppm0000gn/T//cc2LMnwd.s 			page 5


 204:Drivers/STM32L0xx_HAL_Driver/Src/stm32l0xx_hal_uart_ex.c ****   if (huart->AdvancedInit.AdvFeatureInit != UART_ADVFEATURE_NO_INIT)
 205:Drivers/STM32L0xx_HAL_Driver/Src/stm32l0xx_hal_uart_ex.c ****   {
 206:Drivers/STM32L0xx_HAL_Driver/Src/stm32l0xx_hal_uart_ex.c ****     UART_AdvFeatureConfig(huart);
 207:Drivers/STM32L0xx_HAL_Driver/Src/stm32l0xx_hal_uart_ex.c ****   }
 208:Drivers/STM32L0xx_HAL_Driver/Src/stm32l0xx_hal_uart_ex.c **** 
 209:Drivers/STM32L0xx_HAL_Driver/Src/stm32l0xx_hal_uart_ex.c ****   /* Enable the Driver Enable mode by setting the DEM bit in the CR3 register */
 210:Drivers/STM32L0xx_HAL_Driver/Src/stm32l0xx_hal_uart_ex.c ****   SET_BIT(huart->Instance->CR3, USART_CR3_DEM);
 211:Drivers/STM32L0xx_HAL_Driver/Src/stm32l0xx_hal_uart_ex.c **** 
 212:Drivers/STM32L0xx_HAL_Driver/Src/stm32l0xx_hal_uart_ex.c ****   /* Set the Driver Enable polarity */
 213:Drivers/STM32L0xx_HAL_Driver/Src/stm32l0xx_hal_uart_ex.c ****   MODIFY_REG(huart->Instance->CR3, USART_CR3_DEP, Polarity);
 214:Drivers/STM32L0xx_HAL_Driver/Src/stm32l0xx_hal_uart_ex.c **** 
 215:Drivers/STM32L0xx_HAL_Driver/Src/stm32l0xx_hal_uart_ex.c ****   /* Set the Driver Enable assertion and deassertion times */
 216:Drivers/STM32L0xx_HAL_Driver/Src/stm32l0xx_hal_uart_ex.c ****   temp = (AssertionTime << UART_CR1_DEAT_ADDRESS_LSB_POS);
 217:Drivers/STM32L0xx_HAL_Driver/Src/stm32l0xx_hal_uart_ex.c ****   temp |= (DeassertionTime << UART_CR1_DEDT_ADDRESS_LSB_POS);
 218:Drivers/STM32L0xx_HAL_Driver/Src/stm32l0xx_hal_uart_ex.c ****   MODIFY_REG(huart->Instance->CR1, (USART_CR1_DEDT | USART_CR1_DEAT), temp);
 219:Drivers/STM32L0xx_HAL_Driver/Src/stm32l0xx_hal_uart_ex.c **** 
 220:Drivers/STM32L0xx_HAL_Driver/Src/stm32l0xx_hal_uart_ex.c ****   /* Enable the Peripheral */
 221:Drivers/STM32L0xx_HAL_Driver/Src/stm32l0xx_hal_uart_ex.c ****   __HAL_UART_ENABLE(huart);
 222:Drivers/STM32L0xx_HAL_Driver/Src/stm32l0xx_hal_uart_ex.c **** 
 223:Drivers/STM32L0xx_HAL_Driver/Src/stm32l0xx_hal_uart_ex.c ****   /* TEACK and/or REACK to check before moving huart->gState and huart->RxState to Ready */
 224:Drivers/STM32L0xx_HAL_Driver/Src/stm32l0xx_hal_uart_ex.c ****   return (UART_CheckIdleState(huart));
 225:Drivers/STM32L0xx_HAL_Driver/Src/stm32l0xx_hal_uart_ex.c **** }
 226:Drivers/STM32L0xx_HAL_Driver/Src/stm32l0xx_hal_uart_ex.c **** 
 227:Drivers/STM32L0xx_HAL_Driver/Src/stm32l0xx_hal_uart_ex.c **** /**
 228:Drivers/STM32L0xx_HAL_Driver/Src/stm32l0xx_hal_uart_ex.c ****   * @}
 229:Drivers/STM32L0xx_HAL_Driver/Src/stm32l0xx_hal_uart_ex.c ****   */
 230:Drivers/STM32L0xx_HAL_Driver/Src/stm32l0xx_hal_uart_ex.c **** 
 231:Drivers/STM32L0xx_HAL_Driver/Src/stm32l0xx_hal_uart_ex.c **** /** @defgroup UARTEx_Exported_Functions_Group2 IO operation functions
 232:Drivers/STM32L0xx_HAL_Driver/Src/stm32l0xx_hal_uart_ex.c ****   *  @brief Extended functions
 233:Drivers/STM32L0xx_HAL_Driver/Src/stm32l0xx_hal_uart_ex.c ****   *
 234:Drivers/STM32L0xx_HAL_Driver/Src/stm32l0xx_hal_uart_ex.c **** @verbatim
 235:Drivers/STM32L0xx_HAL_Driver/Src/stm32l0xx_hal_uart_ex.c ****  ===============================================================================
 236:Drivers/STM32L0xx_HAL_Driver/Src/stm32l0xx_hal_uart_ex.c ****                       ##### IO operation functions #####
 237:Drivers/STM32L0xx_HAL_Driver/Src/stm32l0xx_hal_uart_ex.c ****  ===============================================================================
 238:Drivers/STM32L0xx_HAL_Driver/Src/stm32l0xx_hal_uart_ex.c ****     This subsection provides a set of Wakeup and FIFO mode related callback functions.
 239:Drivers/STM32L0xx_HAL_Driver/Src/stm32l0xx_hal_uart_ex.c **** 
 240:Drivers/STM32L0xx_HAL_Driver/Src/stm32l0xx_hal_uart_ex.c ****     (#) Wakeup from Stop mode Callback:
 241:Drivers/STM32L0xx_HAL_Driver/Src/stm32l0xx_hal_uart_ex.c ****         (+) HAL_UARTEx_WakeupCallback()
 242:Drivers/STM32L0xx_HAL_Driver/Src/stm32l0xx_hal_uart_ex.c **** 
 243:Drivers/STM32L0xx_HAL_Driver/Src/stm32l0xx_hal_uart_ex.c **** @endverbatim
 244:Drivers/STM32L0xx_HAL_Driver/Src/stm32l0xx_hal_uart_ex.c ****   * @{
 245:Drivers/STM32L0xx_HAL_Driver/Src/stm32l0xx_hal_uart_ex.c ****   */
 246:Drivers/STM32L0xx_HAL_Driver/Src/stm32l0xx_hal_uart_ex.c **** 
 247:Drivers/STM32L0xx_HAL_Driver/Src/stm32l0xx_hal_uart_ex.c **** /**
 248:Drivers/STM32L0xx_HAL_Driver/Src/stm32l0xx_hal_uart_ex.c ****   * @brief UART wakeup from Stop mode callback.
 249:Drivers/STM32L0xx_HAL_Driver/Src/stm32l0xx_hal_uart_ex.c ****   * @param huart UART handle.
 250:Drivers/STM32L0xx_HAL_Driver/Src/stm32l0xx_hal_uart_ex.c ****   * @retval None
 251:Drivers/STM32L0xx_HAL_Driver/Src/stm32l0xx_hal_uart_ex.c ****   */
 252:Drivers/STM32L0xx_HAL_Driver/Src/stm32l0xx_hal_uart_ex.c **** __weak void HAL_UARTEx_WakeupCallback(UART_HandleTypeDef *huart)
 253:Drivers/STM32L0xx_HAL_Driver/Src/stm32l0xx_hal_uart_ex.c **** {
 254:Drivers/STM32L0xx_HAL_Driver/Src/stm32l0xx_hal_uart_ex.c ****   /* Prevent unused argument(s) compilation warning */
 255:Drivers/STM32L0xx_HAL_Driver/Src/stm32l0xx_hal_uart_ex.c ****   UNUSED(huart);
 256:Drivers/STM32L0xx_HAL_Driver/Src/stm32l0xx_hal_uart_ex.c **** 
 257:Drivers/STM32L0xx_HAL_Driver/Src/stm32l0xx_hal_uart_ex.c ****   /* NOTE : This function should not be modified, when the callback is needed,
 258:Drivers/STM32L0xx_HAL_Driver/Src/stm32l0xx_hal_uart_ex.c ****             the HAL_UARTEx_WakeupCallback can be implemented in the user file.
 259:Drivers/STM32L0xx_HAL_Driver/Src/stm32l0xx_hal_uart_ex.c ****    */
 260:Drivers/STM32L0xx_HAL_Driver/Src/stm32l0xx_hal_uart_ex.c **** }
ARM GAS  /var/folders/jl/lskhb0_j53jf26l9_b8c7ppm0000gn/T//cc2LMnwd.s 			page 6


 261:Drivers/STM32L0xx_HAL_Driver/Src/stm32l0xx_hal_uart_ex.c **** 
 262:Drivers/STM32L0xx_HAL_Driver/Src/stm32l0xx_hal_uart_ex.c **** 
 263:Drivers/STM32L0xx_HAL_Driver/Src/stm32l0xx_hal_uart_ex.c **** /**
 264:Drivers/STM32L0xx_HAL_Driver/Src/stm32l0xx_hal_uart_ex.c ****   * @}
 265:Drivers/STM32L0xx_HAL_Driver/Src/stm32l0xx_hal_uart_ex.c ****   */
 266:Drivers/STM32L0xx_HAL_Driver/Src/stm32l0xx_hal_uart_ex.c **** 
 267:Drivers/STM32L0xx_HAL_Driver/Src/stm32l0xx_hal_uart_ex.c **** /** @defgroup UARTEx_Exported_Functions_Group3 Peripheral Control functions
 268:Drivers/STM32L0xx_HAL_Driver/Src/stm32l0xx_hal_uart_ex.c ****   * @brief    Extended Peripheral Control functions
 269:Drivers/STM32L0xx_HAL_Driver/Src/stm32l0xx_hal_uart_ex.c ****  *
 270:Drivers/STM32L0xx_HAL_Driver/Src/stm32l0xx_hal_uart_ex.c **** @verbatim
 271:Drivers/STM32L0xx_HAL_Driver/Src/stm32l0xx_hal_uart_ex.c ****  ===============================================================================
 272:Drivers/STM32L0xx_HAL_Driver/Src/stm32l0xx_hal_uart_ex.c ****                       ##### Peripheral Control functions #####
 273:Drivers/STM32L0xx_HAL_Driver/Src/stm32l0xx_hal_uart_ex.c ****  ===============================================================================
 274:Drivers/STM32L0xx_HAL_Driver/Src/stm32l0xx_hal_uart_ex.c ****     [..] This section provides the following functions:
 275:Drivers/STM32L0xx_HAL_Driver/Src/stm32l0xx_hal_uart_ex.c ****      (+) HAL_UARTEx_EnableClockStopMode() API enables the UART clock (HSI or LSE only) during stop 
 276:Drivers/STM32L0xx_HAL_Driver/Src/stm32l0xx_hal_uart_ex.c ****      (+) HAL_UARTEx_DisableClockStopMode() API disables the above functionality
 277:Drivers/STM32L0xx_HAL_Driver/Src/stm32l0xx_hal_uart_ex.c ****      (+) HAL_MultiProcessorEx_AddressLength_Set() API optionally sets the UART node address
 278:Drivers/STM32L0xx_HAL_Driver/Src/stm32l0xx_hal_uart_ex.c ****          detection length to more than 4 bits for multiprocessor address mark wake up.
 279:Drivers/STM32L0xx_HAL_Driver/Src/stm32l0xx_hal_uart_ex.c ****      (+) HAL_UARTEx_StopModeWakeUpSourceConfig() API defines the wake-up from stop mode
 280:Drivers/STM32L0xx_HAL_Driver/Src/stm32l0xx_hal_uart_ex.c ****          trigger: address match, Start Bit detection or RXNE bit status.
 281:Drivers/STM32L0xx_HAL_Driver/Src/stm32l0xx_hal_uart_ex.c ****      (+) HAL_UARTEx_EnableStopMode() API enables the UART to wake up the MCU from stop mode
 282:Drivers/STM32L0xx_HAL_Driver/Src/stm32l0xx_hal_uart_ex.c ****      (+) HAL_UARTEx_DisableStopMode() API disables the above functionality
 283:Drivers/STM32L0xx_HAL_Driver/Src/stm32l0xx_hal_uart_ex.c **** 
 284:Drivers/STM32L0xx_HAL_Driver/Src/stm32l0xx_hal_uart_ex.c **** @endverbatim
 285:Drivers/STM32L0xx_HAL_Driver/Src/stm32l0xx_hal_uart_ex.c ****   * @{
 286:Drivers/STM32L0xx_HAL_Driver/Src/stm32l0xx_hal_uart_ex.c ****   */
 287:Drivers/STM32L0xx_HAL_Driver/Src/stm32l0xx_hal_uart_ex.c **** 
 288:Drivers/STM32L0xx_HAL_Driver/Src/stm32l0xx_hal_uart_ex.c **** 
 289:Drivers/STM32L0xx_HAL_Driver/Src/stm32l0xx_hal_uart_ex.c **** 
 290:Drivers/STM32L0xx_HAL_Driver/Src/stm32l0xx_hal_uart_ex.c **** /**
 291:Drivers/STM32L0xx_HAL_Driver/Src/stm32l0xx_hal_uart_ex.c ****   * @brief  Keep UART Clock enabled when in Stop Mode.
 292:Drivers/STM32L0xx_HAL_Driver/Src/stm32l0xx_hal_uart_ex.c ****   * @note   When the USART clock source is configured to be LSE or HSI, it is possible to keep enab
 293:Drivers/STM32L0xx_HAL_Driver/Src/stm32l0xx_hal_uart_ex.c ****   *         this clock during STOP mode by setting the UCESM bit in USART_CR3 control register.
 294:Drivers/STM32L0xx_HAL_Driver/Src/stm32l0xx_hal_uart_ex.c ****   * @note   When LPUART is used to wakeup from stop with LSE is selected as LPUART clock source,
 295:Drivers/STM32L0xx_HAL_Driver/Src/stm32l0xx_hal_uart_ex.c ****   *         and desired baud rate is 9600 baud, the bit UCESM bit in LPUART_CR3 control register mu
 296:Drivers/STM32L0xx_HAL_Driver/Src/stm32l0xx_hal_uart_ex.c ****   * @param  huart UART handle.
 297:Drivers/STM32L0xx_HAL_Driver/Src/stm32l0xx_hal_uart_ex.c ****   * @retval HAL status
 298:Drivers/STM32L0xx_HAL_Driver/Src/stm32l0xx_hal_uart_ex.c ****   */
 299:Drivers/STM32L0xx_HAL_Driver/Src/stm32l0xx_hal_uart_ex.c **** HAL_StatusTypeDef HAL_UARTEx_EnableClockStopMode(UART_HandleTypeDef *huart)
 300:Drivers/STM32L0xx_HAL_Driver/Src/stm32l0xx_hal_uart_ex.c **** {
 301:Drivers/STM32L0xx_HAL_Driver/Src/stm32l0xx_hal_uart_ex.c ****   /* Process Locked */
 302:Drivers/STM32L0xx_HAL_Driver/Src/stm32l0xx_hal_uart_ex.c ****   __HAL_LOCK(huart);
 303:Drivers/STM32L0xx_HAL_Driver/Src/stm32l0xx_hal_uart_ex.c **** 
 304:Drivers/STM32L0xx_HAL_Driver/Src/stm32l0xx_hal_uart_ex.c ****   /* Set UCESM bit */
 305:Drivers/STM32L0xx_HAL_Driver/Src/stm32l0xx_hal_uart_ex.c ****   SET_BIT(huart->Instance->CR3, USART_CR3_UCESM);
 306:Drivers/STM32L0xx_HAL_Driver/Src/stm32l0xx_hal_uart_ex.c **** 
 307:Drivers/STM32L0xx_HAL_Driver/Src/stm32l0xx_hal_uart_ex.c ****   /* Process Unlocked */
 308:Drivers/STM32L0xx_HAL_Driver/Src/stm32l0xx_hal_uart_ex.c ****   __HAL_UNLOCK(huart);
 309:Drivers/STM32L0xx_HAL_Driver/Src/stm32l0xx_hal_uart_ex.c **** 
 310:Drivers/STM32L0xx_HAL_Driver/Src/stm32l0xx_hal_uart_ex.c ****   return HAL_OK;
 311:Drivers/STM32L0xx_HAL_Driver/Src/stm32l0xx_hal_uart_ex.c **** }
 312:Drivers/STM32L0xx_HAL_Driver/Src/stm32l0xx_hal_uart_ex.c **** 
 313:Drivers/STM32L0xx_HAL_Driver/Src/stm32l0xx_hal_uart_ex.c **** /**
 314:Drivers/STM32L0xx_HAL_Driver/Src/stm32l0xx_hal_uart_ex.c ****   * @brief  Disable UART Clock when in Stop Mode.
 315:Drivers/STM32L0xx_HAL_Driver/Src/stm32l0xx_hal_uart_ex.c ****   * @param  huart UART handle.
 316:Drivers/STM32L0xx_HAL_Driver/Src/stm32l0xx_hal_uart_ex.c ****   * @retval HAL status
 317:Drivers/STM32L0xx_HAL_Driver/Src/stm32l0xx_hal_uart_ex.c ****   */
ARM GAS  /var/folders/jl/lskhb0_j53jf26l9_b8c7ppm0000gn/T//cc2LMnwd.s 			page 7


 318:Drivers/STM32L0xx_HAL_Driver/Src/stm32l0xx_hal_uart_ex.c **** HAL_StatusTypeDef HAL_UARTEx_DisableClockStopMode(UART_HandleTypeDef *huart)
 319:Drivers/STM32L0xx_HAL_Driver/Src/stm32l0xx_hal_uart_ex.c **** {
 320:Drivers/STM32L0xx_HAL_Driver/Src/stm32l0xx_hal_uart_ex.c ****   /* Process Locked */
 321:Drivers/STM32L0xx_HAL_Driver/Src/stm32l0xx_hal_uart_ex.c ****   __HAL_LOCK(huart);
 322:Drivers/STM32L0xx_HAL_Driver/Src/stm32l0xx_hal_uart_ex.c **** 
 323:Drivers/STM32L0xx_HAL_Driver/Src/stm32l0xx_hal_uart_ex.c ****   /* Clear UCESM bit */
 324:Drivers/STM32L0xx_HAL_Driver/Src/stm32l0xx_hal_uart_ex.c ****   CLEAR_BIT(huart->Instance->CR3, USART_CR3_UCESM);
 325:Drivers/STM32L0xx_HAL_Driver/Src/stm32l0xx_hal_uart_ex.c **** 
 326:Drivers/STM32L0xx_HAL_Driver/Src/stm32l0xx_hal_uart_ex.c ****   /* Process Unlocked */
 327:Drivers/STM32L0xx_HAL_Driver/Src/stm32l0xx_hal_uart_ex.c ****   __HAL_UNLOCK(huart);
 328:Drivers/STM32L0xx_HAL_Driver/Src/stm32l0xx_hal_uart_ex.c **** 
 329:Drivers/STM32L0xx_HAL_Driver/Src/stm32l0xx_hal_uart_ex.c ****   return HAL_OK;
 330:Drivers/STM32L0xx_HAL_Driver/Src/stm32l0xx_hal_uart_ex.c **** }
 331:Drivers/STM32L0xx_HAL_Driver/Src/stm32l0xx_hal_uart_ex.c **** 
 332:Drivers/STM32L0xx_HAL_Driver/Src/stm32l0xx_hal_uart_ex.c **** /**
 333:Drivers/STM32L0xx_HAL_Driver/Src/stm32l0xx_hal_uart_ex.c ****   * @brief By default in multiprocessor mode, when the wake up method is set
 334:Drivers/STM32L0xx_HAL_Driver/Src/stm32l0xx_hal_uart_ex.c ****   *        to address mark, the UART handles only 4-bit long addresses detection;
 335:Drivers/STM32L0xx_HAL_Driver/Src/stm32l0xx_hal_uart_ex.c ****   *        this API allows to enable longer addresses detection (6-, 7- or 8-bit
 336:Drivers/STM32L0xx_HAL_Driver/Src/stm32l0xx_hal_uart_ex.c ****   *        long).
 337:Drivers/STM32L0xx_HAL_Driver/Src/stm32l0xx_hal_uart_ex.c ****   * @note  Addresses detection lengths are: 6-bit address detection in 7-bit data mode,
 338:Drivers/STM32L0xx_HAL_Driver/Src/stm32l0xx_hal_uart_ex.c ****   *        7-bit address detection in 8-bit data mode, 8-bit address detection in 9-bit data mode.
 339:Drivers/STM32L0xx_HAL_Driver/Src/stm32l0xx_hal_uart_ex.c ****   * @param huart         UART handle.
 340:Drivers/STM32L0xx_HAL_Driver/Src/stm32l0xx_hal_uart_ex.c ****   * @param AddressLength This parameter can be one of the following values:
 341:Drivers/STM32L0xx_HAL_Driver/Src/stm32l0xx_hal_uart_ex.c ****   *          @arg @ref UART_ADDRESS_DETECT_4B 4-bit long address
 342:Drivers/STM32L0xx_HAL_Driver/Src/stm32l0xx_hal_uart_ex.c ****   *          @arg @ref UART_ADDRESS_DETECT_7B 6-, 7- or 8-bit long address
 343:Drivers/STM32L0xx_HAL_Driver/Src/stm32l0xx_hal_uart_ex.c ****   * @retval HAL status
 344:Drivers/STM32L0xx_HAL_Driver/Src/stm32l0xx_hal_uart_ex.c ****   */
 345:Drivers/STM32L0xx_HAL_Driver/Src/stm32l0xx_hal_uart_ex.c **** HAL_StatusTypeDef HAL_MultiProcessorEx_AddressLength_Set(UART_HandleTypeDef *huart, uint32_t Addres
 346:Drivers/STM32L0xx_HAL_Driver/Src/stm32l0xx_hal_uart_ex.c **** {
 347:Drivers/STM32L0xx_HAL_Driver/Src/stm32l0xx_hal_uart_ex.c ****   /* Check the UART handle allocation */
 348:Drivers/STM32L0xx_HAL_Driver/Src/stm32l0xx_hal_uart_ex.c ****   if (huart == NULL)
 349:Drivers/STM32L0xx_HAL_Driver/Src/stm32l0xx_hal_uart_ex.c ****   {
 350:Drivers/STM32L0xx_HAL_Driver/Src/stm32l0xx_hal_uart_ex.c ****     return HAL_ERROR;
 351:Drivers/STM32L0xx_HAL_Driver/Src/stm32l0xx_hal_uart_ex.c ****   }
 352:Drivers/STM32L0xx_HAL_Driver/Src/stm32l0xx_hal_uart_ex.c **** 
 353:Drivers/STM32L0xx_HAL_Driver/Src/stm32l0xx_hal_uart_ex.c ****   /* Check the address length parameter */
 354:Drivers/STM32L0xx_HAL_Driver/Src/stm32l0xx_hal_uart_ex.c ****   assert_param(IS_UART_ADDRESSLENGTH_DETECT(AddressLength));
 355:Drivers/STM32L0xx_HAL_Driver/Src/stm32l0xx_hal_uart_ex.c **** 
 356:Drivers/STM32L0xx_HAL_Driver/Src/stm32l0xx_hal_uart_ex.c ****   huart->gState = HAL_UART_STATE_BUSY;
 357:Drivers/STM32L0xx_HAL_Driver/Src/stm32l0xx_hal_uart_ex.c **** 
 358:Drivers/STM32L0xx_HAL_Driver/Src/stm32l0xx_hal_uart_ex.c ****   /* Disable the Peripheral */
 359:Drivers/STM32L0xx_HAL_Driver/Src/stm32l0xx_hal_uart_ex.c ****   __HAL_UART_DISABLE(huart);
 360:Drivers/STM32L0xx_HAL_Driver/Src/stm32l0xx_hal_uart_ex.c **** 
 361:Drivers/STM32L0xx_HAL_Driver/Src/stm32l0xx_hal_uart_ex.c ****   /* Set the address length */
 362:Drivers/STM32L0xx_HAL_Driver/Src/stm32l0xx_hal_uart_ex.c ****   MODIFY_REG(huart->Instance->CR2, USART_CR2_ADDM7, AddressLength);
 363:Drivers/STM32L0xx_HAL_Driver/Src/stm32l0xx_hal_uart_ex.c **** 
 364:Drivers/STM32L0xx_HAL_Driver/Src/stm32l0xx_hal_uart_ex.c ****   /* Enable the Peripheral */
 365:Drivers/STM32L0xx_HAL_Driver/Src/stm32l0xx_hal_uart_ex.c ****   __HAL_UART_ENABLE(huart);
 366:Drivers/STM32L0xx_HAL_Driver/Src/stm32l0xx_hal_uart_ex.c **** 
 367:Drivers/STM32L0xx_HAL_Driver/Src/stm32l0xx_hal_uart_ex.c ****   /* TEACK and/or REACK to check before moving huart->gState to Ready */
 368:Drivers/STM32L0xx_HAL_Driver/Src/stm32l0xx_hal_uart_ex.c ****   return (UART_CheckIdleState(huart));
 369:Drivers/STM32L0xx_HAL_Driver/Src/stm32l0xx_hal_uart_ex.c **** }
 370:Drivers/STM32L0xx_HAL_Driver/Src/stm32l0xx_hal_uart_ex.c **** 
 371:Drivers/STM32L0xx_HAL_Driver/Src/stm32l0xx_hal_uart_ex.c **** /**
 372:Drivers/STM32L0xx_HAL_Driver/Src/stm32l0xx_hal_uart_ex.c ****   * @brief Set Wakeup from Stop mode interrupt flag selection.
 373:Drivers/STM32L0xx_HAL_Driver/Src/stm32l0xx_hal_uart_ex.c ****   * @note It is the application responsibility to enable the interrupt used as
 374:Drivers/STM32L0xx_HAL_Driver/Src/stm32l0xx_hal_uart_ex.c ****   *       usart_wkup interrupt source before entering low-power mode.
ARM GAS  /var/folders/jl/lskhb0_j53jf26l9_b8c7ppm0000gn/T//cc2LMnwd.s 			page 8


 375:Drivers/STM32L0xx_HAL_Driver/Src/stm32l0xx_hal_uart_ex.c ****   * @param huart           UART handle.
 376:Drivers/STM32L0xx_HAL_Driver/Src/stm32l0xx_hal_uart_ex.c ****   * @param WakeUpSelection Address match, Start Bit detection or RXNE/RXFNE bit status.
 377:Drivers/STM32L0xx_HAL_Driver/Src/stm32l0xx_hal_uart_ex.c ****   *          This parameter can be one of the following values:
 378:Drivers/STM32L0xx_HAL_Driver/Src/stm32l0xx_hal_uart_ex.c ****   *          @arg @ref UART_WAKEUP_ON_ADDRESS
 379:Drivers/STM32L0xx_HAL_Driver/Src/stm32l0xx_hal_uart_ex.c ****   *          @arg @ref UART_WAKEUP_ON_STARTBIT
 380:Drivers/STM32L0xx_HAL_Driver/Src/stm32l0xx_hal_uart_ex.c ****   *          @arg @ref UART_WAKEUP_ON_READDATA_NONEMPTY
 381:Drivers/STM32L0xx_HAL_Driver/Src/stm32l0xx_hal_uart_ex.c ****   * @retval HAL status
 382:Drivers/STM32L0xx_HAL_Driver/Src/stm32l0xx_hal_uart_ex.c ****   */
 383:Drivers/STM32L0xx_HAL_Driver/Src/stm32l0xx_hal_uart_ex.c **** HAL_StatusTypeDef HAL_UARTEx_StopModeWakeUpSourceConfig(UART_HandleTypeDef *huart, UART_WakeUpTypeD
 384:Drivers/STM32L0xx_HAL_Driver/Src/stm32l0xx_hal_uart_ex.c **** {
 385:Drivers/STM32L0xx_HAL_Driver/Src/stm32l0xx_hal_uart_ex.c ****   HAL_StatusTypeDef status = HAL_OK;
 386:Drivers/STM32L0xx_HAL_Driver/Src/stm32l0xx_hal_uart_ex.c ****   uint32_t tickstart;
 387:Drivers/STM32L0xx_HAL_Driver/Src/stm32l0xx_hal_uart_ex.c **** 
 388:Drivers/STM32L0xx_HAL_Driver/Src/stm32l0xx_hal_uart_ex.c ****   /* check the wake-up from stop mode UART instance */
 389:Drivers/STM32L0xx_HAL_Driver/Src/stm32l0xx_hal_uart_ex.c ****   assert_param(IS_UART_WAKEUP_FROMSTOP_INSTANCE(huart->Instance));
 390:Drivers/STM32L0xx_HAL_Driver/Src/stm32l0xx_hal_uart_ex.c ****   /* check the wake-up selection parameter */
 391:Drivers/STM32L0xx_HAL_Driver/Src/stm32l0xx_hal_uart_ex.c ****   assert_param(IS_UART_WAKEUP_SELECTION(WakeUpSelection.WakeUpEvent));
 392:Drivers/STM32L0xx_HAL_Driver/Src/stm32l0xx_hal_uart_ex.c **** 
 393:Drivers/STM32L0xx_HAL_Driver/Src/stm32l0xx_hal_uart_ex.c ****   /* Process Locked */
 394:Drivers/STM32L0xx_HAL_Driver/Src/stm32l0xx_hal_uart_ex.c ****   __HAL_LOCK(huart);
 395:Drivers/STM32L0xx_HAL_Driver/Src/stm32l0xx_hal_uart_ex.c **** 
 396:Drivers/STM32L0xx_HAL_Driver/Src/stm32l0xx_hal_uart_ex.c ****   huart->gState = HAL_UART_STATE_BUSY;
 397:Drivers/STM32L0xx_HAL_Driver/Src/stm32l0xx_hal_uart_ex.c **** 
 398:Drivers/STM32L0xx_HAL_Driver/Src/stm32l0xx_hal_uart_ex.c ****   /* Disable the Peripheral */
 399:Drivers/STM32L0xx_HAL_Driver/Src/stm32l0xx_hal_uart_ex.c ****   __HAL_UART_DISABLE(huart);
 400:Drivers/STM32L0xx_HAL_Driver/Src/stm32l0xx_hal_uart_ex.c **** 
 401:Drivers/STM32L0xx_HAL_Driver/Src/stm32l0xx_hal_uart_ex.c ****   /* Set the wake-up selection scheme */
 402:Drivers/STM32L0xx_HAL_Driver/Src/stm32l0xx_hal_uart_ex.c ****   MODIFY_REG(huart->Instance->CR3, USART_CR3_WUS, WakeUpSelection.WakeUpEvent);
 403:Drivers/STM32L0xx_HAL_Driver/Src/stm32l0xx_hal_uart_ex.c **** 
 404:Drivers/STM32L0xx_HAL_Driver/Src/stm32l0xx_hal_uart_ex.c ****   if (WakeUpSelection.WakeUpEvent == UART_WAKEUP_ON_ADDRESS)
 405:Drivers/STM32L0xx_HAL_Driver/Src/stm32l0xx_hal_uart_ex.c ****   {
 406:Drivers/STM32L0xx_HAL_Driver/Src/stm32l0xx_hal_uart_ex.c ****     UARTEx_Wakeup_AddressConfig(huart, WakeUpSelection);
 407:Drivers/STM32L0xx_HAL_Driver/Src/stm32l0xx_hal_uart_ex.c ****   }
 408:Drivers/STM32L0xx_HAL_Driver/Src/stm32l0xx_hal_uart_ex.c **** 
 409:Drivers/STM32L0xx_HAL_Driver/Src/stm32l0xx_hal_uart_ex.c ****   /* Enable the Peripheral */
 410:Drivers/STM32L0xx_HAL_Driver/Src/stm32l0xx_hal_uart_ex.c ****   __HAL_UART_ENABLE(huart);
 411:Drivers/STM32L0xx_HAL_Driver/Src/stm32l0xx_hal_uart_ex.c **** 
 412:Drivers/STM32L0xx_HAL_Driver/Src/stm32l0xx_hal_uart_ex.c ****   /* Init tickstart for timeout managment*/
 413:Drivers/STM32L0xx_HAL_Driver/Src/stm32l0xx_hal_uart_ex.c ****   tickstart = HAL_GetTick();
 414:Drivers/STM32L0xx_HAL_Driver/Src/stm32l0xx_hal_uart_ex.c **** 
 415:Drivers/STM32L0xx_HAL_Driver/Src/stm32l0xx_hal_uart_ex.c ****   /* Wait until REACK flag is set */
 416:Drivers/STM32L0xx_HAL_Driver/Src/stm32l0xx_hal_uart_ex.c ****   if (UART_WaitOnFlagUntilTimeout(huart, USART_ISR_REACK, RESET, tickstart, HAL_UART_TIMEOUT_VALUE)
 417:Drivers/STM32L0xx_HAL_Driver/Src/stm32l0xx_hal_uart_ex.c ****   {
 418:Drivers/STM32L0xx_HAL_Driver/Src/stm32l0xx_hal_uart_ex.c ****     status = HAL_TIMEOUT;
 419:Drivers/STM32L0xx_HAL_Driver/Src/stm32l0xx_hal_uart_ex.c ****   }
 420:Drivers/STM32L0xx_HAL_Driver/Src/stm32l0xx_hal_uart_ex.c ****   else
 421:Drivers/STM32L0xx_HAL_Driver/Src/stm32l0xx_hal_uart_ex.c ****   {
 422:Drivers/STM32L0xx_HAL_Driver/Src/stm32l0xx_hal_uart_ex.c ****     /* Initialize the UART State */
 423:Drivers/STM32L0xx_HAL_Driver/Src/stm32l0xx_hal_uart_ex.c ****     huart->gState = HAL_UART_STATE_READY;
 424:Drivers/STM32L0xx_HAL_Driver/Src/stm32l0xx_hal_uart_ex.c ****   }
 425:Drivers/STM32L0xx_HAL_Driver/Src/stm32l0xx_hal_uart_ex.c **** 
 426:Drivers/STM32L0xx_HAL_Driver/Src/stm32l0xx_hal_uart_ex.c ****   /* Process Unlocked */
 427:Drivers/STM32L0xx_HAL_Driver/Src/stm32l0xx_hal_uart_ex.c ****   __HAL_UNLOCK(huart);
 428:Drivers/STM32L0xx_HAL_Driver/Src/stm32l0xx_hal_uart_ex.c **** 
 429:Drivers/STM32L0xx_HAL_Driver/Src/stm32l0xx_hal_uart_ex.c ****   return status;
 430:Drivers/STM32L0xx_HAL_Driver/Src/stm32l0xx_hal_uart_ex.c **** }
 431:Drivers/STM32L0xx_HAL_Driver/Src/stm32l0xx_hal_uart_ex.c **** 
ARM GAS  /var/folders/jl/lskhb0_j53jf26l9_b8c7ppm0000gn/T//cc2LMnwd.s 			page 9


 432:Drivers/STM32L0xx_HAL_Driver/Src/stm32l0xx_hal_uart_ex.c **** /**
 433:Drivers/STM32L0xx_HAL_Driver/Src/stm32l0xx_hal_uart_ex.c ****   * @brief Enable UART Stop Mode.
 434:Drivers/STM32L0xx_HAL_Driver/Src/stm32l0xx_hal_uart_ex.c ****   * @note The UART is able to wake up the MCU from Stop 1 mode as long as UART clock is HSI or LSE.
 435:Drivers/STM32L0xx_HAL_Driver/Src/stm32l0xx_hal_uart_ex.c ****   * @param huart UART handle.
 436:Drivers/STM32L0xx_HAL_Driver/Src/stm32l0xx_hal_uart_ex.c ****   * @retval HAL status
 437:Drivers/STM32L0xx_HAL_Driver/Src/stm32l0xx_hal_uart_ex.c ****   */
 438:Drivers/STM32L0xx_HAL_Driver/Src/stm32l0xx_hal_uart_ex.c **** HAL_StatusTypeDef HAL_UARTEx_EnableStopMode(UART_HandleTypeDef *huart)
 439:Drivers/STM32L0xx_HAL_Driver/Src/stm32l0xx_hal_uart_ex.c **** {
 440:Drivers/STM32L0xx_HAL_Driver/Src/stm32l0xx_hal_uart_ex.c ****   /* Process Locked */
 441:Drivers/STM32L0xx_HAL_Driver/Src/stm32l0xx_hal_uart_ex.c ****   __HAL_LOCK(huart);
 442:Drivers/STM32L0xx_HAL_Driver/Src/stm32l0xx_hal_uart_ex.c **** 
 443:Drivers/STM32L0xx_HAL_Driver/Src/stm32l0xx_hal_uart_ex.c ****   /* Set UESM bit */
 444:Drivers/STM32L0xx_HAL_Driver/Src/stm32l0xx_hal_uart_ex.c ****   SET_BIT(huart->Instance->CR1, USART_CR1_UESM);
 445:Drivers/STM32L0xx_HAL_Driver/Src/stm32l0xx_hal_uart_ex.c **** 
 446:Drivers/STM32L0xx_HAL_Driver/Src/stm32l0xx_hal_uart_ex.c ****   /* Process Unlocked */
 447:Drivers/STM32L0xx_HAL_Driver/Src/stm32l0xx_hal_uart_ex.c ****   __HAL_UNLOCK(huart);
 448:Drivers/STM32L0xx_HAL_Driver/Src/stm32l0xx_hal_uart_ex.c **** 
 449:Drivers/STM32L0xx_HAL_Driver/Src/stm32l0xx_hal_uart_ex.c ****   return HAL_OK;
 450:Drivers/STM32L0xx_HAL_Driver/Src/stm32l0xx_hal_uart_ex.c **** }
 451:Drivers/STM32L0xx_HAL_Driver/Src/stm32l0xx_hal_uart_ex.c **** 
 452:Drivers/STM32L0xx_HAL_Driver/Src/stm32l0xx_hal_uart_ex.c **** /**
 453:Drivers/STM32L0xx_HAL_Driver/Src/stm32l0xx_hal_uart_ex.c ****   * @brief Disable UART Stop Mode.
 454:Drivers/STM32L0xx_HAL_Driver/Src/stm32l0xx_hal_uart_ex.c ****   * @param huart UART handle.
 455:Drivers/STM32L0xx_HAL_Driver/Src/stm32l0xx_hal_uart_ex.c ****   * @retval HAL status
 456:Drivers/STM32L0xx_HAL_Driver/Src/stm32l0xx_hal_uart_ex.c ****   */
 457:Drivers/STM32L0xx_HAL_Driver/Src/stm32l0xx_hal_uart_ex.c **** HAL_StatusTypeDef HAL_UARTEx_DisableStopMode(UART_HandleTypeDef *huart)
 458:Drivers/STM32L0xx_HAL_Driver/Src/stm32l0xx_hal_uart_ex.c **** {
 459:Drivers/STM32L0xx_HAL_Driver/Src/stm32l0xx_hal_uart_ex.c ****   /* Process Locked */
 460:Drivers/STM32L0xx_HAL_Driver/Src/stm32l0xx_hal_uart_ex.c ****   __HAL_LOCK(huart);
 461:Drivers/STM32L0xx_HAL_Driver/Src/stm32l0xx_hal_uart_ex.c **** 
 462:Drivers/STM32L0xx_HAL_Driver/Src/stm32l0xx_hal_uart_ex.c ****   /* Clear UESM bit */
 463:Drivers/STM32L0xx_HAL_Driver/Src/stm32l0xx_hal_uart_ex.c ****   CLEAR_BIT(huart->Instance->CR1, USART_CR1_UESM);
 464:Drivers/STM32L0xx_HAL_Driver/Src/stm32l0xx_hal_uart_ex.c **** 
 465:Drivers/STM32L0xx_HAL_Driver/Src/stm32l0xx_hal_uart_ex.c ****   /* Process Unlocked */
 466:Drivers/STM32L0xx_HAL_Driver/Src/stm32l0xx_hal_uart_ex.c ****   __HAL_UNLOCK(huart);
 467:Drivers/STM32L0xx_HAL_Driver/Src/stm32l0xx_hal_uart_ex.c **** 
 468:Drivers/STM32L0xx_HAL_Driver/Src/stm32l0xx_hal_uart_ex.c ****   return HAL_OK;
 469:Drivers/STM32L0xx_HAL_Driver/Src/stm32l0xx_hal_uart_ex.c **** }
 470:Drivers/STM32L0xx_HAL_Driver/Src/stm32l0xx_hal_uart_ex.c **** 
 471:Drivers/STM32L0xx_HAL_Driver/Src/stm32l0xx_hal_uart_ex.c **** 
 472:Drivers/STM32L0xx_HAL_Driver/Src/stm32l0xx_hal_uart_ex.c **** /**
 473:Drivers/STM32L0xx_HAL_Driver/Src/stm32l0xx_hal_uart_ex.c ****   * @}
 474:Drivers/STM32L0xx_HAL_Driver/Src/stm32l0xx_hal_uart_ex.c ****   */
 475:Drivers/STM32L0xx_HAL_Driver/Src/stm32l0xx_hal_uart_ex.c **** 
 476:Drivers/STM32L0xx_HAL_Driver/Src/stm32l0xx_hal_uart_ex.c **** /**
 477:Drivers/STM32L0xx_HAL_Driver/Src/stm32l0xx_hal_uart_ex.c ****   * @}
 478:Drivers/STM32L0xx_HAL_Driver/Src/stm32l0xx_hal_uart_ex.c ****   */
 479:Drivers/STM32L0xx_HAL_Driver/Src/stm32l0xx_hal_uart_ex.c **** 
 480:Drivers/STM32L0xx_HAL_Driver/Src/stm32l0xx_hal_uart_ex.c **** /** @addtogroup UARTEx_Private_Functions
 481:Drivers/STM32L0xx_HAL_Driver/Src/stm32l0xx_hal_uart_ex.c ****   * @{
 482:Drivers/STM32L0xx_HAL_Driver/Src/stm32l0xx_hal_uart_ex.c ****   */
 483:Drivers/STM32L0xx_HAL_Driver/Src/stm32l0xx_hal_uart_ex.c **** 
 484:Drivers/STM32L0xx_HAL_Driver/Src/stm32l0xx_hal_uart_ex.c **** /**
 485:Drivers/STM32L0xx_HAL_Driver/Src/stm32l0xx_hal_uart_ex.c ****   * @brief Initialize the UART wake-up from stop mode parameters when triggered by address detectio
 486:Drivers/STM32L0xx_HAL_Driver/Src/stm32l0xx_hal_uart_ex.c ****   * @param huart           UART handle.
 487:Drivers/STM32L0xx_HAL_Driver/Src/stm32l0xx_hal_uart_ex.c ****   * @param WakeUpSelection UART wake up from stop mode parameters.
 488:Drivers/STM32L0xx_HAL_Driver/Src/stm32l0xx_hal_uart_ex.c ****   * @retval None
ARM GAS  /var/folders/jl/lskhb0_j53jf26l9_b8c7ppm0000gn/T//cc2LMnwd.s 			page 10


 489:Drivers/STM32L0xx_HAL_Driver/Src/stm32l0xx_hal_uart_ex.c ****   */
 490:Drivers/STM32L0xx_HAL_Driver/Src/stm32l0xx_hal_uart_ex.c **** static void UARTEx_Wakeup_AddressConfig(UART_HandleTypeDef *huart, UART_WakeUpTypeDef WakeUpSelecti
 491:Drivers/STM32L0xx_HAL_Driver/Src/stm32l0xx_hal_uart_ex.c **** {
  27              		.loc 1 491 1 view -0
  28              		.cfi_startproc
  29              		@ args = 0, pretend = 0, frame = 8
  30              		@ frame_needed = 0, uses_anonymous_args = 0
  31              		@ link register save eliminated.
  32              		.loc 1 491 1 is_stmt 0 view .LVU1
  33 0000 82B0     		sub	sp, sp, #8
  34              	.LCFI0:
  35              		.cfi_def_cfa_offset 8
  36 0002 0091     		str	r1, [sp]
  37 0004 0192     		str	r2, [sp, #4]
 492:Drivers/STM32L0xx_HAL_Driver/Src/stm32l0xx_hal_uart_ex.c ****   assert_param(IS_UART_ADDRESSLENGTH_DETECT(WakeUpSelection.AddressLength));
  38              		.loc 1 492 3 is_stmt 1 view .LVU2
 493:Drivers/STM32L0xx_HAL_Driver/Src/stm32l0xx_hal_uart_ex.c **** 
 494:Drivers/STM32L0xx_HAL_Driver/Src/stm32l0xx_hal_uart_ex.c ****   /* Set the USART address length */
 495:Drivers/STM32L0xx_HAL_Driver/Src/stm32l0xx_hal_uart_ex.c ****   MODIFY_REG(huart->Instance->CR2, USART_CR2_ADDM7, WakeUpSelection.AddressLength);
  39              		.loc 1 495 3 view .LVU3
  40 0006 0268     		ldr	r2, [r0]
  41 0008 5368     		ldr	r3, [r2, #4]
  42 000a 1021     		movs	r1, #16
  43 000c 8B43     		bics	r3, r1
  44 000e 6946     		mov	r1, sp
  45 0010 8988     		ldrh	r1, [r1, #4]
  46 0012 0B43     		orrs	r3, r1
  47 0014 5360     		str	r3, [r2, #4]
 496:Drivers/STM32L0xx_HAL_Driver/Src/stm32l0xx_hal_uart_ex.c **** 
 497:Drivers/STM32L0xx_HAL_Driver/Src/stm32l0xx_hal_uart_ex.c ****   /* Set the USART address node */
 498:Drivers/STM32L0xx_HAL_Driver/Src/stm32l0xx_hal_uart_ex.c ****   MODIFY_REG(huart->Instance->CR2, USART_CR2_ADD, ((uint32_t)WakeUpSelection.Address << UART_CR2_AD
  48              		.loc 1 498 3 view .LVU4
  49 0016 0168     		ldr	r1, [r0]
  50 0018 4B68     		ldr	r3, [r1, #4]
  51 001a 1B02     		lsls	r3, r3, #8
  52 001c 1B0A     		lsrs	r3, r3, #8
  53 001e 6A46     		mov	r2, sp
  54 0020 9279     		ldrb	r2, [r2, #6]
  55 0022 1206     		lsls	r2, r2, #24
  56 0024 1343     		orrs	r3, r2
  57 0026 4B60     		str	r3, [r1, #4]
 499:Drivers/STM32L0xx_HAL_Driver/Src/stm32l0xx_hal_uart_ex.c **** }
  58              		.loc 1 499 1 is_stmt 0 view .LVU5
  59 0028 02B0     		add	sp, sp, #8
  60              		@ sp needed
  61 002a 7047     		bx	lr
  62              		.cfi_endproc
  63              	.LFE42:
  65              		.section	.text.HAL_RS485Ex_Init,"ax",%progbits
  66              		.align	1
  67              		.global	HAL_RS485Ex_Init
  68              		.syntax unified
  69              		.code	16
  70              		.thumb_func
  71              		.fpu softvfp
  73              	HAL_RS485Ex_Init:
  74              	.LVL1:
ARM GAS  /var/folders/jl/lskhb0_j53jf26l9_b8c7ppm0000gn/T//cc2LMnwd.s 			page 11


  75              	.LFB34:
 152:Drivers/STM32L0xx_HAL_Driver/Src/stm32l0xx_hal_uart_ex.c ****   uint32_t temp;
  76              		.loc 1 152 1 is_stmt 1 view -0
  77              		.cfi_startproc
  78              		@ args = 0, pretend = 0, frame = 0
  79              		@ frame_needed = 0, uses_anonymous_args = 0
 152:Drivers/STM32L0xx_HAL_Driver/Src/stm32l0xx_hal_uart_ex.c ****   uint32_t temp;
  80              		.loc 1 152 1 is_stmt 0 view .LVU7
  81 0000 F8B5     		push	{r3, r4, r5, r6, r7, lr}
  82              	.LCFI1:
  83              		.cfi_def_cfa_offset 24
  84              		.cfi_offset 3, -24
  85              		.cfi_offset 4, -20
  86              		.cfi_offset 5, -16
  87              		.cfi_offset 6, -12
  88              		.cfi_offset 7, -8
  89              		.cfi_offset 14, -4
  90 0002 0400     		movs	r4, r0
  91 0004 0F00     		movs	r7, r1
  92 0006 1600     		movs	r6, r2
  93 0008 1D00     		movs	r5, r3
 153:Drivers/STM32L0xx_HAL_Driver/Src/stm32l0xx_hal_uart_ex.c **** 
  94              		.loc 1 153 3 is_stmt 1 view .LVU8
 156:Drivers/STM32L0xx_HAL_Driver/Src/stm32l0xx_hal_uart_ex.c ****   {
  95              		.loc 1 156 3 view .LVU9
 156:Drivers/STM32L0xx_HAL_Driver/Src/stm32l0xx_hal_uart_ex.c ****   {
  96              		.loc 1 156 6 is_stmt 0 view .LVU10
  97 000a 0028     		cmp	r0, #0
  98 000c 39D0     		beq	.L6
 161:Drivers/STM32L0xx_HAL_Driver/Src/stm32l0xx_hal_uart_ex.c **** 
  99              		.loc 1 161 3 is_stmt 1 view .LVU11
 164:Drivers/STM32L0xx_HAL_Driver/Src/stm32l0xx_hal_uart_ex.c **** 
 100              		.loc 1 164 3 view .LVU12
 167:Drivers/STM32L0xx_HAL_Driver/Src/stm32l0xx_hal_uart_ex.c **** 
 101              		.loc 1 167 3 view .LVU13
 170:Drivers/STM32L0xx_HAL_Driver/Src/stm32l0xx_hal_uart_ex.c **** 
 102              		.loc 1 170 3 view .LVU14
 172:Drivers/STM32L0xx_HAL_Driver/Src/stm32l0xx_hal_uart_ex.c ****   {
 103              		.loc 1 172 3 view .LVU15
 172:Drivers/STM32L0xx_HAL_Driver/Src/stm32l0xx_hal_uart_ex.c ****   {
 104              		.loc 1 172 12 is_stmt 0 view .LVU16
 105 000e 436F     		ldr	r3, [r0, #116]
 106              	.LVL2:
 172:Drivers/STM32L0xx_HAL_Driver/Src/stm32l0xx_hal_uart_ex.c ****   {
 107              		.loc 1 172 6 view .LVU17
 108 0010 002B     		cmp	r3, #0
 109 0012 2CD0     		beq	.L7
 110              	.LVL3:
 111              	.L4:
 193:Drivers/STM32L0xx_HAL_Driver/Src/stm32l0xx_hal_uart_ex.c **** 
 112              		.loc 1 193 3 is_stmt 1 view .LVU18
 193:Drivers/STM32L0xx_HAL_Driver/Src/stm32l0xx_hal_uart_ex.c **** 
 113              		.loc 1 193 17 is_stmt 0 view .LVU19
 114 0014 2423     		movs	r3, #36
 115 0016 6367     		str	r3, [r4, #116]
 196:Drivers/STM32L0xx_HAL_Driver/Src/stm32l0xx_hal_uart_ex.c **** 
 116              		.loc 1 196 3 is_stmt 1 view .LVU20
ARM GAS  /var/folders/jl/lskhb0_j53jf26l9_b8c7ppm0000gn/T//cc2LMnwd.s 			page 12


 117 0018 2268     		ldr	r2, [r4]
 118 001a 1368     		ldr	r3, [r2]
 119 001c 0121     		movs	r1, #1
 120 001e 8B43     		bics	r3, r1
 121 0020 1360     		str	r3, [r2]
 199:Drivers/STM32L0xx_HAL_Driver/Src/stm32l0xx_hal_uart_ex.c ****   {
 122              		.loc 1 199 3 view .LVU21
 199:Drivers/STM32L0xx_HAL_Driver/Src/stm32l0xx_hal_uart_ex.c ****   {
 123              		.loc 1 199 7 is_stmt 0 view .LVU22
 124 0022 2000     		movs	r0, r4
 125 0024 FFF7FEFF 		bl	UART_SetConfig
 126              	.LVL4:
 199:Drivers/STM32L0xx_HAL_Driver/Src/stm32l0xx_hal_uart_ex.c ****   {
 127              		.loc 1 199 6 view .LVU23
 128 0028 0128     		cmp	r0, #1
 129 002a 1FD0     		beq	.L3
 204:Drivers/STM32L0xx_HAL_Driver/Src/stm32l0xx_hal_uart_ex.c ****   {
 130              		.loc 1 204 3 is_stmt 1 view .LVU24
 204:Drivers/STM32L0xx_HAL_Driver/Src/stm32l0xx_hal_uart_ex.c ****   {
 131              		.loc 1 204 6 is_stmt 0 view .LVU25
 132 002c 636A     		ldr	r3, [r4, #36]
 133 002e 002B     		cmp	r3, #0
 134 0030 23D1     		bne	.L8
 135              	.L5:
 210:Drivers/STM32L0xx_HAL_Driver/Src/stm32l0xx_hal_uart_ex.c **** 
 136              		.loc 1 210 3 is_stmt 1 view .LVU26
 137 0032 2268     		ldr	r2, [r4]
 138 0034 9168     		ldr	r1, [r2, #8]
 139 0036 8023     		movs	r3, #128
 140 0038 DB01     		lsls	r3, r3, #7
 141 003a 0B43     		orrs	r3, r1
 142 003c 9360     		str	r3, [r2, #8]
 213:Drivers/STM32L0xx_HAL_Driver/Src/stm32l0xx_hal_uart_ex.c **** 
 143              		.loc 1 213 3 view .LVU27
 144 003e 2368     		ldr	r3, [r4]
 145 0040 9968     		ldr	r1, [r3, #8]
 146 0042 114A     		ldr	r2, .L9
 147 0044 1140     		ands	r1, r2
 148 0046 0F43     		orrs	r7, r1
 149              	.LVL5:
 213:Drivers/STM32L0xx_HAL_Driver/Src/stm32l0xx_hal_uart_ex.c **** 
 150              		.loc 1 213 3 is_stmt 0 view .LVU28
 151 0048 9F60     		str	r7, [r3, #8]
 216:Drivers/STM32L0xx_HAL_Driver/Src/stm32l0xx_hal_uart_ex.c ****   temp |= (DeassertionTime << UART_CR1_DEDT_ADDRESS_LSB_POS);
 152              		.loc 1 216 3 is_stmt 1 view .LVU29
 216:Drivers/STM32L0xx_HAL_Driver/Src/stm32l0xx_hal_uart_ex.c ****   temp |= (DeassertionTime << UART_CR1_DEDT_ADDRESS_LSB_POS);
 153              		.loc 1 216 8 is_stmt 0 view .LVU30
 154 004a 7605     		lsls	r6, r6, #21
 155              	.LVL6:
 217:Drivers/STM32L0xx_HAL_Driver/Src/stm32l0xx_hal_uart_ex.c ****   MODIFY_REG(huart->Instance->CR1, (USART_CR1_DEDT | USART_CR1_DEAT), temp);
 156              		.loc 1 217 3 is_stmt 1 view .LVU31
 217:Drivers/STM32L0xx_HAL_Driver/Src/stm32l0xx_hal_uart_ex.c ****   MODIFY_REG(huart->Instance->CR1, (USART_CR1_DEDT | USART_CR1_DEAT), temp);
 157              		.loc 1 217 28 is_stmt 0 view .LVU32
 158 004c 2D04     		lsls	r5, r5, #16
 159              	.LVL7:
 217:Drivers/STM32L0xx_HAL_Driver/Src/stm32l0xx_hal_uart_ex.c ****   MODIFY_REG(huart->Instance->CR1, (USART_CR1_DEDT | USART_CR1_DEAT), temp);
 160              		.loc 1 217 8 view .LVU33
ARM GAS  /var/folders/jl/lskhb0_j53jf26l9_b8c7ppm0000gn/T//cc2LMnwd.s 			page 13


 161 004e 2E43     		orrs	r6, r5
 162              	.LVL8:
 218:Drivers/STM32L0xx_HAL_Driver/Src/stm32l0xx_hal_uart_ex.c **** 
 163              		.loc 1 218 3 is_stmt 1 view .LVU34
 164 0050 2368     		ldr	r3, [r4]
 165 0052 1D68     		ldr	r5, [r3]
 166 0054 0D4A     		ldr	r2, .L9+4
 167 0056 1540     		ands	r5, r2
 168 0058 2E43     		orrs	r6, r5
 169              	.LVL9:
 218:Drivers/STM32L0xx_HAL_Driver/Src/stm32l0xx_hal_uart_ex.c **** 
 170              		.loc 1 218 3 is_stmt 0 view .LVU35
 171 005a 1E60     		str	r6, [r3]
 221:Drivers/STM32L0xx_HAL_Driver/Src/stm32l0xx_hal_uart_ex.c **** 
 172              		.loc 1 221 3 is_stmt 1 view .LVU36
 173 005c 2268     		ldr	r2, [r4]
 174 005e 1368     		ldr	r3, [r2]
 175 0060 0121     		movs	r1, #1
 176 0062 0B43     		orrs	r3, r1
 177 0064 1360     		str	r3, [r2]
 224:Drivers/STM32L0xx_HAL_Driver/Src/stm32l0xx_hal_uart_ex.c **** }
 178              		.loc 1 224 3 view .LVU37
 224:Drivers/STM32L0xx_HAL_Driver/Src/stm32l0xx_hal_uart_ex.c **** }
 179              		.loc 1 224 11 is_stmt 0 view .LVU38
 180 0066 2000     		movs	r0, r4
 181 0068 FFF7FEFF 		bl	UART_CheckIdleState
 182              	.LVL10:
 183              	.L3:
 225:Drivers/STM32L0xx_HAL_Driver/Src/stm32l0xx_hal_uart_ex.c **** 
 184              		.loc 1 225 1 view .LVU39
 185              		@ sp needed
 186              	.LVL11:
 225:Drivers/STM32L0xx_HAL_Driver/Src/stm32l0xx_hal_uart_ex.c **** 
 187              		.loc 1 225 1 view .LVU40
 188 006c F8BD     		pop	{r3, r4, r5, r6, r7, pc}
 189              	.LVL12:
 190              	.L7:
 175:Drivers/STM32L0xx_HAL_Driver/Src/stm32l0xx_hal_uart_ex.c **** 
 191              		.loc 1 175 5 is_stmt 1 view .LVU41
 175:Drivers/STM32L0xx_HAL_Driver/Src/stm32l0xx_hal_uart_ex.c **** 
 192              		.loc 1 175 17 is_stmt 0 view .LVU42
 193 006e 7033     		adds	r3, r3, #112
 194 0070 0022     		movs	r2, #0
 195              	.LVL13:
 175:Drivers/STM32L0xx_HAL_Driver/Src/stm32l0xx_hal_uart_ex.c **** 
 196              		.loc 1 175 17 view .LVU43
 197 0072 C254     		strb	r2, [r0, r3]
 189:Drivers/STM32L0xx_HAL_Driver/Src/stm32l0xx_hal_uart_ex.c **** #endif /* (USE_HAL_UART_REGISTER_CALLBACKS) */
 198              		.loc 1 189 5 is_stmt 1 view .LVU44
 199 0074 FFF7FEFF 		bl	HAL_UART_MspInit
 200              	.LVL14:
 189:Drivers/STM32L0xx_HAL_Driver/Src/stm32l0xx_hal_uart_ex.c **** #endif /* (USE_HAL_UART_REGISTER_CALLBACKS) */
 201              		.loc 1 189 5 is_stmt 0 view .LVU45
 202 0078 CCE7     		b	.L4
 203              	.L8:
 206:Drivers/STM32L0xx_HAL_Driver/Src/stm32l0xx_hal_uart_ex.c ****   }
 204              		.loc 1 206 5 is_stmt 1 view .LVU46
ARM GAS  /var/folders/jl/lskhb0_j53jf26l9_b8c7ppm0000gn/T//cc2LMnwd.s 			page 14


 205 007a 2000     		movs	r0, r4
 206 007c FFF7FEFF 		bl	UART_AdvFeatureConfig
 207              	.LVL15:
 208 0080 D7E7     		b	.L5
 209              	.LVL16:
 210              	.L6:
 158:Drivers/STM32L0xx_HAL_Driver/Src/stm32l0xx_hal_uart_ex.c ****   }
 211              		.loc 1 158 12 is_stmt 0 view .LVU47
 212 0082 0120     		movs	r0, #1
 213              	.LVL17:
 158:Drivers/STM32L0xx_HAL_Driver/Src/stm32l0xx_hal_uart_ex.c ****   }
 214              		.loc 1 158 12 view .LVU48
 215 0084 F2E7     		b	.L3
 216              	.L10:
 217 0086 C046     		.align	2
 218              	.L9:
 219 0088 FF7FFFFF 		.word	-32769
 220 008c FFFF00FC 		.word	-67043329
 221              		.cfi_endproc
 222              	.LFE34:
 224              		.section	.text.HAL_UARTEx_WakeupCallback,"ax",%progbits
 225              		.align	1
 226              		.weak	HAL_UARTEx_WakeupCallback
 227              		.syntax unified
 228              		.code	16
 229              		.thumb_func
 230              		.fpu softvfp
 232              	HAL_UARTEx_WakeupCallback:
 233              	.LVL18:
 234              	.LFB35:
 253:Drivers/STM32L0xx_HAL_Driver/Src/stm32l0xx_hal_uart_ex.c ****   /* Prevent unused argument(s) compilation warning */
 235              		.loc 1 253 1 is_stmt 1 view -0
 236              		.cfi_startproc
 237              		@ args = 0, pretend = 0, frame = 0
 238              		@ frame_needed = 0, uses_anonymous_args = 0
 239              		@ link register save eliminated.
 255:Drivers/STM32L0xx_HAL_Driver/Src/stm32l0xx_hal_uart_ex.c **** 
 240              		.loc 1 255 3 view .LVU50
 260:Drivers/STM32L0xx_HAL_Driver/Src/stm32l0xx_hal_uart_ex.c **** 
 241              		.loc 1 260 1 is_stmt 0 view .LVU51
 242              		@ sp needed
 243 0000 7047     		bx	lr
 244              		.cfi_endproc
 245              	.LFE35:
 247              		.section	.text.HAL_UARTEx_EnableClockStopMode,"ax",%progbits
 248              		.align	1
 249              		.global	HAL_UARTEx_EnableClockStopMode
 250              		.syntax unified
 251              		.code	16
 252              		.thumb_func
 253              		.fpu softvfp
 255              	HAL_UARTEx_EnableClockStopMode:
 256              	.LVL19:
 257              	.LFB36:
 300:Drivers/STM32L0xx_HAL_Driver/Src/stm32l0xx_hal_uart_ex.c ****   /* Process Locked */
 258              		.loc 1 300 1 is_stmt 1 view -0
 259              		.cfi_startproc
ARM GAS  /var/folders/jl/lskhb0_j53jf26l9_b8c7ppm0000gn/T//cc2LMnwd.s 			page 15


 260              		@ args = 0, pretend = 0, frame = 0
 261              		@ frame_needed = 0, uses_anonymous_args = 0
 300:Drivers/STM32L0xx_HAL_Driver/Src/stm32l0xx_hal_uart_ex.c ****   /* Process Locked */
 262              		.loc 1 300 1 is_stmt 0 view .LVU53
 263 0000 10B5     		push	{r4, lr}
 264              	.LCFI2:
 265              		.cfi_def_cfa_offset 8
 266              		.cfi_offset 4, -8
 267              		.cfi_offset 14, -4
 302:Drivers/STM32L0xx_HAL_Driver/Src/stm32l0xx_hal_uart_ex.c **** 
 268              		.loc 1 302 3 is_stmt 1 view .LVU54
 302:Drivers/STM32L0xx_HAL_Driver/Src/stm32l0xx_hal_uart_ex.c **** 
 269              		.loc 1 302 3 view .LVU55
 270 0002 7023     		movs	r3, #112
 271 0004 C35C     		ldrb	r3, [r0, r3]
 272 0006 012B     		cmp	r3, #1
 273 0008 0CD0     		beq	.L14
 302:Drivers/STM32L0xx_HAL_Driver/Src/stm32l0xx_hal_uart_ex.c **** 
 274              		.loc 1 302 3 discriminator 2 view .LVU56
 275 000a 7022     		movs	r2, #112
 276 000c 0123     		movs	r3, #1
 277 000e 8354     		strb	r3, [r0, r2]
 302:Drivers/STM32L0xx_HAL_Driver/Src/stm32l0xx_hal_uart_ex.c **** 
 278              		.loc 1 302 3 discriminator 2 view .LVU57
 305:Drivers/STM32L0xx_HAL_Driver/Src/stm32l0xx_hal_uart_ex.c **** 
 279              		.loc 1 305 3 discriminator 2 view .LVU58
 280 0010 0168     		ldr	r1, [r0]
 281 0012 8C68     		ldr	r4, [r1, #8]
 282 0014 8023     		movs	r3, #128
 283 0016 1B04     		lsls	r3, r3, #16
 284 0018 2343     		orrs	r3, r4
 285 001a 8B60     		str	r3, [r1, #8]
 308:Drivers/STM32L0xx_HAL_Driver/Src/stm32l0xx_hal_uart_ex.c **** 
 286              		.loc 1 308 3 discriminator 2 view .LVU59
 308:Drivers/STM32L0xx_HAL_Driver/Src/stm32l0xx_hal_uart_ex.c **** 
 287              		.loc 1 308 3 discriminator 2 view .LVU60
 288 001c 0023     		movs	r3, #0
 289 001e 8354     		strb	r3, [r0, r2]
 308:Drivers/STM32L0xx_HAL_Driver/Src/stm32l0xx_hal_uart_ex.c **** 
 290              		.loc 1 308 3 discriminator 2 view .LVU61
 310:Drivers/STM32L0xx_HAL_Driver/Src/stm32l0xx_hal_uart_ex.c **** }
 291              		.loc 1 310 3 discriminator 2 view .LVU62
 310:Drivers/STM32L0xx_HAL_Driver/Src/stm32l0xx_hal_uart_ex.c **** }
 292              		.loc 1 310 10 is_stmt 0 discriminator 2 view .LVU63
 293 0020 0020     		movs	r0, #0
 294              	.LVL20:
 295              	.L13:
 311:Drivers/STM32L0xx_HAL_Driver/Src/stm32l0xx_hal_uart_ex.c **** 
 296              		.loc 1 311 1 view .LVU64
 297              		@ sp needed
 298 0022 10BD     		pop	{r4, pc}
 299              	.LVL21:
 300              	.L14:
 302:Drivers/STM32L0xx_HAL_Driver/Src/stm32l0xx_hal_uart_ex.c **** 
 301              		.loc 1 302 3 view .LVU65
 302 0024 0220     		movs	r0, #2
 303              	.LVL22:
ARM GAS  /var/folders/jl/lskhb0_j53jf26l9_b8c7ppm0000gn/T//cc2LMnwd.s 			page 16


 302:Drivers/STM32L0xx_HAL_Driver/Src/stm32l0xx_hal_uart_ex.c **** 
 304              		.loc 1 302 3 view .LVU66
 305 0026 FCE7     		b	.L13
 306              		.cfi_endproc
 307              	.LFE36:
 309              		.section	.text.HAL_UARTEx_DisableClockStopMode,"ax",%progbits
 310              		.align	1
 311              		.global	HAL_UARTEx_DisableClockStopMode
 312              		.syntax unified
 313              		.code	16
 314              		.thumb_func
 315              		.fpu softvfp
 317              	HAL_UARTEx_DisableClockStopMode:
 318              	.LVL23:
 319              	.LFB37:
 319:Drivers/STM32L0xx_HAL_Driver/Src/stm32l0xx_hal_uart_ex.c ****   /* Process Locked */
 320              		.loc 1 319 1 is_stmt 1 view -0
 321              		.cfi_startproc
 322              		@ args = 0, pretend = 0, frame = 0
 323              		@ frame_needed = 0, uses_anonymous_args = 0
 319:Drivers/STM32L0xx_HAL_Driver/Src/stm32l0xx_hal_uart_ex.c ****   /* Process Locked */
 324              		.loc 1 319 1 is_stmt 0 view .LVU68
 325 0000 10B5     		push	{r4, lr}
 326              	.LCFI3:
 327              		.cfi_def_cfa_offset 8
 328              		.cfi_offset 4, -8
 329              		.cfi_offset 14, -4
 321:Drivers/STM32L0xx_HAL_Driver/Src/stm32l0xx_hal_uart_ex.c **** 
 330              		.loc 1 321 3 is_stmt 1 view .LVU69
 321:Drivers/STM32L0xx_HAL_Driver/Src/stm32l0xx_hal_uart_ex.c **** 
 331              		.loc 1 321 3 view .LVU70
 332 0002 7023     		movs	r3, #112
 333 0004 C35C     		ldrb	r3, [r0, r3]
 334 0006 012B     		cmp	r3, #1
 335 0008 0BD0     		beq	.L17
 321:Drivers/STM32L0xx_HAL_Driver/Src/stm32l0xx_hal_uart_ex.c **** 
 336              		.loc 1 321 3 discriminator 2 view .LVU71
 337 000a 7022     		movs	r2, #112
 338 000c 0123     		movs	r3, #1
 339 000e 8354     		strb	r3, [r0, r2]
 321:Drivers/STM32L0xx_HAL_Driver/Src/stm32l0xx_hal_uart_ex.c **** 
 340              		.loc 1 321 3 discriminator 2 view .LVU72
 324:Drivers/STM32L0xx_HAL_Driver/Src/stm32l0xx_hal_uart_ex.c **** 
 341              		.loc 1 324 3 discriminator 2 view .LVU73
 342 0010 0168     		ldr	r1, [r0]
 343 0012 8B68     		ldr	r3, [r1, #8]
 344 0014 044C     		ldr	r4, .L18
 345 0016 2340     		ands	r3, r4
 346 0018 8B60     		str	r3, [r1, #8]
 327:Drivers/STM32L0xx_HAL_Driver/Src/stm32l0xx_hal_uart_ex.c **** 
 347              		.loc 1 327 3 discriminator 2 view .LVU74
 327:Drivers/STM32L0xx_HAL_Driver/Src/stm32l0xx_hal_uart_ex.c **** 
 348              		.loc 1 327 3 discriminator 2 view .LVU75
 349 001a 0023     		movs	r3, #0
 350 001c 8354     		strb	r3, [r0, r2]
 327:Drivers/STM32L0xx_HAL_Driver/Src/stm32l0xx_hal_uart_ex.c **** 
 351              		.loc 1 327 3 discriminator 2 view .LVU76
ARM GAS  /var/folders/jl/lskhb0_j53jf26l9_b8c7ppm0000gn/T//cc2LMnwd.s 			page 17


 329:Drivers/STM32L0xx_HAL_Driver/Src/stm32l0xx_hal_uart_ex.c **** }
 352              		.loc 1 329 3 discriminator 2 view .LVU77
 329:Drivers/STM32L0xx_HAL_Driver/Src/stm32l0xx_hal_uart_ex.c **** }
 353              		.loc 1 329 10 is_stmt 0 discriminator 2 view .LVU78
 354 001e 0020     		movs	r0, #0
 355              	.LVL24:
 356              	.L16:
 330:Drivers/STM32L0xx_HAL_Driver/Src/stm32l0xx_hal_uart_ex.c **** 
 357              		.loc 1 330 1 view .LVU79
 358              		@ sp needed
 359 0020 10BD     		pop	{r4, pc}
 360              	.LVL25:
 361              	.L17:
 321:Drivers/STM32L0xx_HAL_Driver/Src/stm32l0xx_hal_uart_ex.c **** 
 362              		.loc 1 321 3 view .LVU80
 363 0022 0220     		movs	r0, #2
 364              	.LVL26:
 321:Drivers/STM32L0xx_HAL_Driver/Src/stm32l0xx_hal_uart_ex.c **** 
 365              		.loc 1 321 3 view .LVU81
 366 0024 FCE7     		b	.L16
 367              	.L19:
 368 0026 C046     		.align	2
 369              	.L18:
 370 0028 FFFF7FFF 		.word	-8388609
 371              		.cfi_endproc
 372              	.LFE37:
 374              		.section	.text.HAL_MultiProcessorEx_AddressLength_Set,"ax",%progbits
 375              		.align	1
 376              		.global	HAL_MultiProcessorEx_AddressLength_Set
 377              		.syntax unified
 378              		.code	16
 379              		.thumb_func
 380              		.fpu softvfp
 382              	HAL_MultiProcessorEx_AddressLength_Set:
 383              	.LVL27:
 384              	.LFB38:
 346:Drivers/STM32L0xx_HAL_Driver/Src/stm32l0xx_hal_uart_ex.c ****   /* Check the UART handle allocation */
 385              		.loc 1 346 1 is_stmt 1 view -0
 386              		.cfi_startproc
 387              		@ args = 0, pretend = 0, frame = 0
 388              		@ frame_needed = 0, uses_anonymous_args = 0
 346:Drivers/STM32L0xx_HAL_Driver/Src/stm32l0xx_hal_uart_ex.c ****   /* Check the UART handle allocation */
 389              		.loc 1 346 1 is_stmt 0 view .LVU83
 390 0000 70B5     		push	{r4, r5, r6, lr}
 391              	.LCFI4:
 392              		.cfi_def_cfa_offset 16
 393              		.cfi_offset 4, -16
 394              		.cfi_offset 5, -12
 395              		.cfi_offset 6, -8
 396              		.cfi_offset 14, -4
 397 0002 0B00     		movs	r3, r1
 348:Drivers/STM32L0xx_HAL_Driver/Src/stm32l0xx_hal_uart_ex.c ****   {
 398              		.loc 1 348 3 is_stmt 1 view .LVU84
 348:Drivers/STM32L0xx_HAL_Driver/Src/stm32l0xx_hal_uart_ex.c ****   {
 399              		.loc 1 348 6 is_stmt 0 view .LVU85
 400 0004 0028     		cmp	r0, #0
 401 0006 13D0     		beq	.L22
ARM GAS  /var/folders/jl/lskhb0_j53jf26l9_b8c7ppm0000gn/T//cc2LMnwd.s 			page 18


 354:Drivers/STM32L0xx_HAL_Driver/Src/stm32l0xx_hal_uart_ex.c **** 
 402              		.loc 1 354 3 is_stmt 1 view .LVU86
 356:Drivers/STM32L0xx_HAL_Driver/Src/stm32l0xx_hal_uart_ex.c **** 
 403              		.loc 1 356 3 view .LVU87
 356:Drivers/STM32L0xx_HAL_Driver/Src/stm32l0xx_hal_uart_ex.c **** 
 404              		.loc 1 356 17 is_stmt 0 view .LVU88
 405 0008 2422     		movs	r2, #36
 406 000a 4267     		str	r2, [r0, #116]
 359:Drivers/STM32L0xx_HAL_Driver/Src/stm32l0xx_hal_uart_ex.c **** 
 407              		.loc 1 359 3 is_stmt 1 view .LVU89
 408 000c 0168     		ldr	r1, [r0]
 409              	.LVL28:
 359:Drivers/STM32L0xx_HAL_Driver/Src/stm32l0xx_hal_uart_ex.c **** 
 410              		.loc 1 359 3 is_stmt 0 view .LVU90
 411 000e 0A68     		ldr	r2, [r1]
 412 0010 0124     		movs	r4, #1
 413 0012 A243     		bics	r2, r4
 414 0014 0A60     		str	r2, [r1]
 362:Drivers/STM32L0xx_HAL_Driver/Src/stm32l0xx_hal_uart_ex.c **** 
 415              		.loc 1 362 3 is_stmt 1 view .LVU91
 416 0016 0268     		ldr	r2, [r0]
 417 0018 5168     		ldr	r1, [r2, #4]
 418 001a 1025     		movs	r5, #16
 419 001c A943     		bics	r1, r5
 420 001e 1943     		orrs	r1, r3
 421 0020 5160     		str	r1, [r2, #4]
 365:Drivers/STM32L0xx_HAL_Driver/Src/stm32l0xx_hal_uart_ex.c **** 
 422              		.loc 1 365 3 view .LVU92
 423 0022 0268     		ldr	r2, [r0]
 424 0024 1368     		ldr	r3, [r2]
 425              	.LVL29:
 365:Drivers/STM32L0xx_HAL_Driver/Src/stm32l0xx_hal_uart_ex.c **** 
 426              		.loc 1 365 3 is_stmt 0 view .LVU93
 427 0026 2343     		orrs	r3, r4
 428 0028 1360     		str	r3, [r2]
 368:Drivers/STM32L0xx_HAL_Driver/Src/stm32l0xx_hal_uart_ex.c **** }
 429              		.loc 1 368 3 is_stmt 1 view .LVU94
 368:Drivers/STM32L0xx_HAL_Driver/Src/stm32l0xx_hal_uart_ex.c **** }
 430              		.loc 1 368 11 is_stmt 0 view .LVU95
 431 002a FFF7FEFF 		bl	UART_CheckIdleState
 432              	.LVL30:
 433              	.L21:
 369:Drivers/STM32L0xx_HAL_Driver/Src/stm32l0xx_hal_uart_ex.c **** 
 434              		.loc 1 369 1 view .LVU96
 435              		@ sp needed
 436 002e 70BD     		pop	{r4, r5, r6, pc}
 437              	.LVL31:
 438              	.L22:
 350:Drivers/STM32L0xx_HAL_Driver/Src/stm32l0xx_hal_uart_ex.c ****   }
 439              		.loc 1 350 12 view .LVU97
 440 0030 0120     		movs	r0, #1
 441              	.LVL32:
 350:Drivers/STM32L0xx_HAL_Driver/Src/stm32l0xx_hal_uart_ex.c ****   }
 442              		.loc 1 350 12 view .LVU98
 443 0032 FCE7     		b	.L21
 444              		.cfi_endproc
 445              	.LFE38:
ARM GAS  /var/folders/jl/lskhb0_j53jf26l9_b8c7ppm0000gn/T//cc2LMnwd.s 			page 19


 447              		.section	.text.HAL_UARTEx_StopModeWakeUpSourceConfig,"ax",%progbits
 448              		.align	1
 449              		.global	HAL_UARTEx_StopModeWakeUpSourceConfig
 450              		.syntax unified
 451              		.code	16
 452              		.thumb_func
 453              		.fpu softvfp
 455              	HAL_UARTEx_StopModeWakeUpSourceConfig:
 456              	.LVL33:
 457              	.LFB39:
 384:Drivers/STM32L0xx_HAL_Driver/Src/stm32l0xx_hal_uart_ex.c ****   HAL_StatusTypeDef status = HAL_OK;
 458              		.loc 1 384 1 is_stmt 1 view -0
 459              		.cfi_startproc
 460              		@ args = 0, pretend = 0, frame = 8
 461              		@ frame_needed = 0, uses_anonymous_args = 0
 384:Drivers/STM32L0xx_HAL_Driver/Src/stm32l0xx_hal_uart_ex.c ****   HAL_StatusTypeDef status = HAL_OK;
 462              		.loc 1 384 1 is_stmt 0 view .LVU100
 463 0000 10B5     		push	{r4, lr}
 464              	.LCFI5:
 465              		.cfi_def_cfa_offset 8
 466              		.cfi_offset 4, -8
 467              		.cfi_offset 14, -4
 468 0002 84B0     		sub	sp, sp, #16
 469              	.LCFI6:
 470              		.cfi_def_cfa_offset 24
 471 0004 0400     		movs	r4, r0
 472 0006 0291     		str	r1, [sp, #8]
 473 0008 0392     		str	r2, [sp, #12]
 385:Drivers/STM32L0xx_HAL_Driver/Src/stm32l0xx_hal_uart_ex.c ****   uint32_t tickstart;
 474              		.loc 1 385 3 is_stmt 1 view .LVU101
 475              	.LVL34:
 386:Drivers/STM32L0xx_HAL_Driver/Src/stm32l0xx_hal_uart_ex.c **** 
 476              		.loc 1 386 3 view .LVU102
 389:Drivers/STM32L0xx_HAL_Driver/Src/stm32l0xx_hal_uart_ex.c ****   /* check the wake-up selection parameter */
 477              		.loc 1 389 3 view .LVU103
 391:Drivers/STM32L0xx_HAL_Driver/Src/stm32l0xx_hal_uart_ex.c **** 
 478              		.loc 1 391 3 view .LVU104
 394:Drivers/STM32L0xx_HAL_Driver/Src/stm32l0xx_hal_uart_ex.c **** 
 479              		.loc 1 394 3 view .LVU105
 394:Drivers/STM32L0xx_HAL_Driver/Src/stm32l0xx_hal_uart_ex.c **** 
 480              		.loc 1 394 3 view .LVU106
 481 000a 7023     		movs	r3, #112
 482 000c C35C     		ldrb	r3, [r0, r3]
 483 000e 012B     		cmp	r3, #1
 484 0010 31D0     		beq	.L27
 394:Drivers/STM32L0xx_HAL_Driver/Src/stm32l0xx_hal_uart_ex.c **** 
 485              		.loc 1 394 3 discriminator 2 view .LVU107
 486 0012 0121     		movs	r1, #1
 487 0014 7023     		movs	r3, #112
 488 0016 C154     		strb	r1, [r0, r3]
 394:Drivers/STM32L0xx_HAL_Driver/Src/stm32l0xx_hal_uart_ex.c **** 
 489              		.loc 1 394 3 discriminator 2 view .LVU108
 396:Drivers/STM32L0xx_HAL_Driver/Src/stm32l0xx_hal_uart_ex.c **** 
 490              		.loc 1 396 3 discriminator 2 view .LVU109
 396:Drivers/STM32L0xx_HAL_Driver/Src/stm32l0xx_hal_uart_ex.c **** 
 491              		.loc 1 396 17 is_stmt 0 discriminator 2 view .LVU110
 492 0018 4C3B     		subs	r3, r3, #76
ARM GAS  /var/folders/jl/lskhb0_j53jf26l9_b8c7ppm0000gn/T//cc2LMnwd.s 			page 20


 493 001a 4367     		str	r3, [r0, #116]
 399:Drivers/STM32L0xx_HAL_Driver/Src/stm32l0xx_hal_uart_ex.c **** 
 494              		.loc 1 399 3 is_stmt 1 discriminator 2 view .LVU111
 495 001c 0268     		ldr	r2, [r0]
 496 001e 1368     		ldr	r3, [r2]
 497 0020 8B43     		bics	r3, r1
 498 0022 1360     		str	r3, [r2]
 402:Drivers/STM32L0xx_HAL_Driver/Src/stm32l0xx_hal_uart_ex.c **** 
 499              		.loc 1 402 3 discriminator 2 view .LVU112
 500 0024 0168     		ldr	r1, [r0]
 501 0026 8B68     		ldr	r3, [r1, #8]
 502 0028 144A     		ldr	r2, .L30
 503 002a 1340     		ands	r3, r2
 504 002c 029A     		ldr	r2, [sp, #8]
 505 002e 1343     		orrs	r3, r2
 506 0030 8B60     		str	r3, [r1, #8]
 404:Drivers/STM32L0xx_HAL_Driver/Src/stm32l0xx_hal_uart_ex.c ****   {
 507              		.loc 1 404 3 discriminator 2 view .LVU113
 404:Drivers/STM32L0xx_HAL_Driver/Src/stm32l0xx_hal_uart_ex.c ****   {
 508              		.loc 1 404 6 is_stmt 0 discriminator 2 view .LVU114
 509 0032 002A     		cmp	r2, #0
 510 0034 14D0     		beq	.L29
 511              	.LVL35:
 512              	.L25:
 410:Drivers/STM32L0xx_HAL_Driver/Src/stm32l0xx_hal_uart_ex.c **** 
 513              		.loc 1 410 3 is_stmt 1 view .LVU115
 514 0036 2268     		ldr	r2, [r4]
 515 0038 1368     		ldr	r3, [r2]
 516 003a 0121     		movs	r1, #1
 517 003c 0B43     		orrs	r3, r1
 518 003e 1360     		str	r3, [r2]
 413:Drivers/STM32L0xx_HAL_Driver/Src/stm32l0xx_hal_uart_ex.c **** 
 519              		.loc 1 413 3 view .LVU116
 413:Drivers/STM32L0xx_HAL_Driver/Src/stm32l0xx_hal_uart_ex.c **** 
 520              		.loc 1 413 15 is_stmt 0 view .LVU117
 521 0040 FFF7FEFF 		bl	HAL_GetTick
 522              	.LVL36:
 523 0044 0300     		movs	r3, r0
 524              	.LVL37:
 416:Drivers/STM32L0xx_HAL_Driver/Src/stm32l0xx_hal_uart_ex.c ****   {
 525              		.loc 1 416 3 is_stmt 1 view .LVU118
 416:Drivers/STM32L0xx_HAL_Driver/Src/stm32l0xx_hal_uart_ex.c ****   {
 526              		.loc 1 416 7 is_stmt 0 view .LVU119
 527 0046 8021     		movs	r1, #128
 528 0048 0D4A     		ldr	r2, .L30+4
 529 004a 0092     		str	r2, [sp]
 530 004c 0022     		movs	r2, #0
 531 004e C903     		lsls	r1, r1, #15
 532 0050 2000     		movs	r0, r4
 533              	.LVL38:
 416:Drivers/STM32L0xx_HAL_Driver/Src/stm32l0xx_hal_uart_ex.c ****   {
 534              		.loc 1 416 7 view .LVU120
 535 0052 FFF7FEFF 		bl	UART_WaitOnFlagUntilTimeout
 536              	.LVL39:
 416:Drivers/STM32L0xx_HAL_Driver/Src/stm32l0xx_hal_uart_ex.c ****   {
 537              		.loc 1 416 6 view .LVU121
 538 0056 0028     		cmp	r0, #0
ARM GAS  /var/folders/jl/lskhb0_j53jf26l9_b8c7ppm0000gn/T//cc2LMnwd.s 			page 21


 539 0058 07D1     		bne	.L28
 423:Drivers/STM32L0xx_HAL_Driver/Src/stm32l0xx_hal_uart_ex.c ****   }
 540              		.loc 1 423 5 is_stmt 1 view .LVU122
 423:Drivers/STM32L0xx_HAL_Driver/Src/stm32l0xx_hal_uart_ex.c ****   }
 541              		.loc 1 423 19 is_stmt 0 view .LVU123
 542 005a 2023     		movs	r3, #32
 543 005c 6367     		str	r3, [r4, #116]
 544 005e 05E0     		b	.L26
 545              	.LVL40:
 546              	.L29:
 406:Drivers/STM32L0xx_HAL_Driver/Src/stm32l0xx_hal_uart_ex.c ****   }
 547              		.loc 1 406 5 is_stmt 1 view .LVU124
 548 0060 1100     		movs	r1, r2
 549 0062 039A     		ldr	r2, [sp, #12]
 550 0064 FFF7FEFF 		bl	UARTEx_Wakeup_AddressConfig
 551              	.LVL41:
 406:Drivers/STM32L0xx_HAL_Driver/Src/stm32l0xx_hal_uart_ex.c ****   }
 552              		.loc 1 406 5 is_stmt 0 view .LVU125
 553 0068 E5E7     		b	.L25
 554              	.L28:
 418:Drivers/STM32L0xx_HAL_Driver/Src/stm32l0xx_hal_uart_ex.c ****   }
 555              		.loc 1 418 12 view .LVU126
 556 006a 0320     		movs	r0, #3
 557              	.L26:
 558              	.LVL42:
 427:Drivers/STM32L0xx_HAL_Driver/Src/stm32l0xx_hal_uart_ex.c **** 
 559              		.loc 1 427 3 is_stmt 1 view .LVU127
 427:Drivers/STM32L0xx_HAL_Driver/Src/stm32l0xx_hal_uart_ex.c **** 
 560              		.loc 1 427 3 view .LVU128
 561 006c 7023     		movs	r3, #112
 562 006e 0022     		movs	r2, #0
 563 0070 E254     		strb	r2, [r4, r3]
 427:Drivers/STM32L0xx_HAL_Driver/Src/stm32l0xx_hal_uart_ex.c **** 
 564              		.loc 1 427 3 view .LVU129
 429:Drivers/STM32L0xx_HAL_Driver/Src/stm32l0xx_hal_uart_ex.c **** }
 565              		.loc 1 429 3 view .LVU130
 566              	.LVL43:
 567              	.L24:
 430:Drivers/STM32L0xx_HAL_Driver/Src/stm32l0xx_hal_uart_ex.c **** 
 568              		.loc 1 430 1 is_stmt 0 view .LVU131
 569 0072 04B0     		add	sp, sp, #16
 570              		@ sp needed
 571              	.LVL44:
 430:Drivers/STM32L0xx_HAL_Driver/Src/stm32l0xx_hal_uart_ex.c **** 
 572              		.loc 1 430 1 view .LVU132
 573 0074 10BD     		pop	{r4, pc}
 574              	.LVL45:
 575              	.L27:
 394:Drivers/STM32L0xx_HAL_Driver/Src/stm32l0xx_hal_uart_ex.c **** 
 576              		.loc 1 394 3 view .LVU133
 577 0076 0220     		movs	r0, #2
 578              	.LVL46:
 394:Drivers/STM32L0xx_HAL_Driver/Src/stm32l0xx_hal_uart_ex.c **** 
 579              		.loc 1 394 3 view .LVU134
 580 0078 FBE7     		b	.L24
 581              	.L31:
 582 007a C046     		.align	2
ARM GAS  /var/folders/jl/lskhb0_j53jf26l9_b8c7ppm0000gn/T//cc2LMnwd.s 			page 22


 583              	.L30:
 584 007c FFFFCFFF 		.word	-3145729
 585 0080 FFFFFF01 		.word	33554431
 586              		.cfi_endproc
 587              	.LFE39:
 589              		.section	.text.HAL_UARTEx_EnableStopMode,"ax",%progbits
 590              		.align	1
 591              		.global	HAL_UARTEx_EnableStopMode
 592              		.syntax unified
 593              		.code	16
 594              		.thumb_func
 595              		.fpu softvfp
 597              	HAL_UARTEx_EnableStopMode:
 598              	.LVL47:
 599              	.LFB40:
 439:Drivers/STM32L0xx_HAL_Driver/Src/stm32l0xx_hal_uart_ex.c ****   /* Process Locked */
 600              		.loc 1 439 1 is_stmt 1 view -0
 601              		.cfi_startproc
 602              		@ args = 0, pretend = 0, frame = 0
 603              		@ frame_needed = 0, uses_anonymous_args = 0
 439:Drivers/STM32L0xx_HAL_Driver/Src/stm32l0xx_hal_uart_ex.c ****   /* Process Locked */
 604              		.loc 1 439 1 is_stmt 0 view .LVU136
 605 0000 10B5     		push	{r4, lr}
 606              	.LCFI7:
 607              		.cfi_def_cfa_offset 8
 608              		.cfi_offset 4, -8
 609              		.cfi_offset 14, -4
 441:Drivers/STM32L0xx_HAL_Driver/Src/stm32l0xx_hal_uart_ex.c **** 
 610              		.loc 1 441 3 is_stmt 1 view .LVU137
 441:Drivers/STM32L0xx_HAL_Driver/Src/stm32l0xx_hal_uart_ex.c **** 
 611              		.loc 1 441 3 view .LVU138
 612 0002 7023     		movs	r3, #112
 613 0004 C35C     		ldrb	r3, [r0, r3]
 614 0006 012B     		cmp	r3, #1
 615 0008 0BD0     		beq	.L34
 441:Drivers/STM32L0xx_HAL_Driver/Src/stm32l0xx_hal_uart_ex.c **** 
 616              		.loc 1 441 3 discriminator 2 view .LVU139
 617 000a 7022     		movs	r2, #112
 618 000c 0123     		movs	r3, #1
 619 000e 8354     		strb	r3, [r0, r2]
 441:Drivers/STM32L0xx_HAL_Driver/Src/stm32l0xx_hal_uart_ex.c **** 
 620              		.loc 1 441 3 discriminator 2 view .LVU140
 444:Drivers/STM32L0xx_HAL_Driver/Src/stm32l0xx_hal_uart_ex.c **** 
 621              		.loc 1 444 3 discriminator 2 view .LVU141
 622 0010 0168     		ldr	r1, [r0]
 623 0012 0B68     		ldr	r3, [r1]
 624 0014 0224     		movs	r4, #2
 625 0016 2343     		orrs	r3, r4
 626 0018 0B60     		str	r3, [r1]
 447:Drivers/STM32L0xx_HAL_Driver/Src/stm32l0xx_hal_uart_ex.c **** 
 627              		.loc 1 447 3 discriminator 2 view .LVU142
 447:Drivers/STM32L0xx_HAL_Driver/Src/stm32l0xx_hal_uart_ex.c **** 
 628              		.loc 1 447 3 discriminator 2 view .LVU143
 629 001a 0023     		movs	r3, #0
 630 001c 8354     		strb	r3, [r0, r2]
 447:Drivers/STM32L0xx_HAL_Driver/Src/stm32l0xx_hal_uart_ex.c **** 
 631              		.loc 1 447 3 discriminator 2 view .LVU144
ARM GAS  /var/folders/jl/lskhb0_j53jf26l9_b8c7ppm0000gn/T//cc2LMnwd.s 			page 23


 449:Drivers/STM32L0xx_HAL_Driver/Src/stm32l0xx_hal_uart_ex.c **** }
 632              		.loc 1 449 3 discriminator 2 view .LVU145
 449:Drivers/STM32L0xx_HAL_Driver/Src/stm32l0xx_hal_uart_ex.c **** }
 633              		.loc 1 449 10 is_stmt 0 discriminator 2 view .LVU146
 634 001e 0020     		movs	r0, #0
 635              	.LVL48:
 636              	.L33:
 450:Drivers/STM32L0xx_HAL_Driver/Src/stm32l0xx_hal_uart_ex.c **** 
 637              		.loc 1 450 1 view .LVU147
 638              		@ sp needed
 639 0020 10BD     		pop	{r4, pc}
 640              	.LVL49:
 641              	.L34:
 441:Drivers/STM32L0xx_HAL_Driver/Src/stm32l0xx_hal_uart_ex.c **** 
 642              		.loc 1 441 3 view .LVU148
 643 0022 0220     		movs	r0, #2
 644              	.LVL50:
 441:Drivers/STM32L0xx_HAL_Driver/Src/stm32l0xx_hal_uart_ex.c **** 
 645              		.loc 1 441 3 view .LVU149
 646 0024 FCE7     		b	.L33
 647              		.cfi_endproc
 648              	.LFE40:
 650              		.section	.text.HAL_UARTEx_DisableStopMode,"ax",%progbits
 651              		.align	1
 652              		.global	HAL_UARTEx_DisableStopMode
 653              		.syntax unified
 654              		.code	16
 655              		.thumb_func
 656              		.fpu softvfp
 658              	HAL_UARTEx_DisableStopMode:
 659              	.LVL51:
 660              	.LFB41:
 458:Drivers/STM32L0xx_HAL_Driver/Src/stm32l0xx_hal_uart_ex.c ****   /* Process Locked */
 661              		.loc 1 458 1 is_stmt 1 view -0
 662              		.cfi_startproc
 663              		@ args = 0, pretend = 0, frame = 0
 664              		@ frame_needed = 0, uses_anonymous_args = 0
 458:Drivers/STM32L0xx_HAL_Driver/Src/stm32l0xx_hal_uart_ex.c ****   /* Process Locked */
 665              		.loc 1 458 1 is_stmt 0 view .LVU151
 666 0000 10B5     		push	{r4, lr}
 667              	.LCFI8:
 668              		.cfi_def_cfa_offset 8
 669              		.cfi_offset 4, -8
 670              		.cfi_offset 14, -4
 460:Drivers/STM32L0xx_HAL_Driver/Src/stm32l0xx_hal_uart_ex.c **** 
 671              		.loc 1 460 3 is_stmt 1 view .LVU152
 460:Drivers/STM32L0xx_HAL_Driver/Src/stm32l0xx_hal_uart_ex.c **** 
 672              		.loc 1 460 3 view .LVU153
 673 0002 7023     		movs	r3, #112
 674 0004 C35C     		ldrb	r3, [r0, r3]
 675 0006 012B     		cmp	r3, #1
 676 0008 0BD0     		beq	.L37
 460:Drivers/STM32L0xx_HAL_Driver/Src/stm32l0xx_hal_uart_ex.c **** 
 677              		.loc 1 460 3 discriminator 2 view .LVU154
 678 000a 7022     		movs	r2, #112
 679 000c 0123     		movs	r3, #1
 680 000e 8354     		strb	r3, [r0, r2]
ARM GAS  /var/folders/jl/lskhb0_j53jf26l9_b8c7ppm0000gn/T//cc2LMnwd.s 			page 24


 460:Drivers/STM32L0xx_HAL_Driver/Src/stm32l0xx_hal_uart_ex.c **** 
 681              		.loc 1 460 3 discriminator 2 view .LVU155
 463:Drivers/STM32L0xx_HAL_Driver/Src/stm32l0xx_hal_uart_ex.c **** 
 682              		.loc 1 463 3 discriminator 2 view .LVU156
 683 0010 0168     		ldr	r1, [r0]
 684 0012 0B68     		ldr	r3, [r1]
 685 0014 0224     		movs	r4, #2
 686 0016 A343     		bics	r3, r4
 687 0018 0B60     		str	r3, [r1]
 466:Drivers/STM32L0xx_HAL_Driver/Src/stm32l0xx_hal_uart_ex.c **** 
 688              		.loc 1 466 3 discriminator 2 view .LVU157
 466:Drivers/STM32L0xx_HAL_Driver/Src/stm32l0xx_hal_uart_ex.c **** 
 689              		.loc 1 466 3 discriminator 2 view .LVU158
 690 001a 0023     		movs	r3, #0
 691 001c 8354     		strb	r3, [r0, r2]
 466:Drivers/STM32L0xx_HAL_Driver/Src/stm32l0xx_hal_uart_ex.c **** 
 692              		.loc 1 466 3 discriminator 2 view .LVU159
 468:Drivers/STM32L0xx_HAL_Driver/Src/stm32l0xx_hal_uart_ex.c **** }
 693              		.loc 1 468 3 discriminator 2 view .LVU160
 468:Drivers/STM32L0xx_HAL_Driver/Src/stm32l0xx_hal_uart_ex.c **** }
 694              		.loc 1 468 10 is_stmt 0 discriminator 2 view .LVU161
 695 001e 0020     		movs	r0, #0
 696              	.LVL52:
 697              	.L36:
 469:Drivers/STM32L0xx_HAL_Driver/Src/stm32l0xx_hal_uart_ex.c **** 
 698              		.loc 1 469 1 view .LVU162
 699              		@ sp needed
 700 0020 10BD     		pop	{r4, pc}
 701              	.LVL53:
 702              	.L37:
 460:Drivers/STM32L0xx_HAL_Driver/Src/stm32l0xx_hal_uart_ex.c **** 
 703              		.loc 1 460 3 view .LVU163
 704 0022 0220     		movs	r0, #2
 705              	.LVL54:
 460:Drivers/STM32L0xx_HAL_Driver/Src/stm32l0xx_hal_uart_ex.c **** 
 706              		.loc 1 460 3 view .LVU164
 707 0024 FCE7     		b	.L36
 708              		.cfi_endproc
 709              	.LFE41:
 711              		.text
 712              	.Letext0:
 713              		.file 2 "/usr/local/Cellar/arm-gcc-bin/9-2019-q4-major/arm-none-eabi/include/machine/_default_type
 714              		.file 3 "/usr/local/Cellar/arm-gcc-bin/9-2019-q4-major/arm-none-eabi/include/sys/_stdint.h"
 715              		.file 4 "Drivers/CMSIS/Device/ST/STM32L0xx/Include/system_stm32l0xx.h"
 716              		.file 5 "Drivers/CMSIS/Device/ST/STM32L0xx/Include/stm32l052xx.h"
 717              		.file 6 "Drivers/CMSIS/Device/ST/STM32L0xx/Include/stm32l0xx.h"
 718              		.file 7 "Drivers/STM32L0xx_HAL_Driver/Inc/stm32l0xx_hal_def.h"
 719              		.file 8 "Drivers/STM32L0xx_HAL_Driver/Inc/stm32l0xx_hal_dma.h"
 720              		.file 9 "Drivers/STM32L0xx_HAL_Driver/Inc/stm32l0xx_hal_uart.h"
 721              		.file 10 "Drivers/STM32L0xx_HAL_Driver/Inc/stm32l0xx_hal_uart_ex.h"
 722              		.file 11 "Drivers/STM32L0xx_HAL_Driver/Inc/stm32l0xx_hal.h"
ARM GAS  /var/folders/jl/lskhb0_j53jf26l9_b8c7ppm0000gn/T//cc2LMnwd.s 			page 25


DEFINED SYMBOLS
                            *ABS*:0000000000000000 stm32l0xx_hal_uart_ex.c
/var/folders/jl/lskhb0_j53jf26l9_b8c7ppm0000gn/T//cc2LMnwd.s:16     .text.UARTEx_Wakeup_AddressConfig:0000000000000000 $t
/var/folders/jl/lskhb0_j53jf26l9_b8c7ppm0000gn/T//cc2LMnwd.s:23     .text.UARTEx_Wakeup_AddressConfig:0000000000000000 UARTEx_Wakeup_AddressConfig
/var/folders/jl/lskhb0_j53jf26l9_b8c7ppm0000gn/T//cc2LMnwd.s:66     .text.HAL_RS485Ex_Init:0000000000000000 $t
/var/folders/jl/lskhb0_j53jf26l9_b8c7ppm0000gn/T//cc2LMnwd.s:73     .text.HAL_RS485Ex_Init:0000000000000000 HAL_RS485Ex_Init
/var/folders/jl/lskhb0_j53jf26l9_b8c7ppm0000gn/T//cc2LMnwd.s:219    .text.HAL_RS485Ex_Init:0000000000000088 $d
/var/folders/jl/lskhb0_j53jf26l9_b8c7ppm0000gn/T//cc2LMnwd.s:225    .text.HAL_UARTEx_WakeupCallback:0000000000000000 $t
/var/folders/jl/lskhb0_j53jf26l9_b8c7ppm0000gn/T//cc2LMnwd.s:232    .text.HAL_UARTEx_WakeupCallback:0000000000000000 HAL_UARTEx_WakeupCallback
/var/folders/jl/lskhb0_j53jf26l9_b8c7ppm0000gn/T//cc2LMnwd.s:248    .text.HAL_UARTEx_EnableClockStopMode:0000000000000000 $t
/var/folders/jl/lskhb0_j53jf26l9_b8c7ppm0000gn/T//cc2LMnwd.s:255    .text.HAL_UARTEx_EnableClockStopMode:0000000000000000 HAL_UARTEx_EnableClockStopMode
/var/folders/jl/lskhb0_j53jf26l9_b8c7ppm0000gn/T//cc2LMnwd.s:310    .text.HAL_UARTEx_DisableClockStopMode:0000000000000000 $t
/var/folders/jl/lskhb0_j53jf26l9_b8c7ppm0000gn/T//cc2LMnwd.s:317    .text.HAL_UARTEx_DisableClockStopMode:0000000000000000 HAL_UARTEx_DisableClockStopMode
/var/folders/jl/lskhb0_j53jf26l9_b8c7ppm0000gn/T//cc2LMnwd.s:370    .text.HAL_UARTEx_DisableClockStopMode:0000000000000028 $d
/var/folders/jl/lskhb0_j53jf26l9_b8c7ppm0000gn/T//cc2LMnwd.s:375    .text.HAL_MultiProcessorEx_AddressLength_Set:0000000000000000 $t
/var/folders/jl/lskhb0_j53jf26l9_b8c7ppm0000gn/T//cc2LMnwd.s:382    .text.HAL_MultiProcessorEx_AddressLength_Set:0000000000000000 HAL_MultiProcessorEx_AddressLength_Set
/var/folders/jl/lskhb0_j53jf26l9_b8c7ppm0000gn/T//cc2LMnwd.s:448    .text.HAL_UARTEx_StopModeWakeUpSourceConfig:0000000000000000 $t
/var/folders/jl/lskhb0_j53jf26l9_b8c7ppm0000gn/T//cc2LMnwd.s:455    .text.HAL_UARTEx_StopModeWakeUpSourceConfig:0000000000000000 HAL_UARTEx_StopModeWakeUpSourceConfig
/var/folders/jl/lskhb0_j53jf26l9_b8c7ppm0000gn/T//cc2LMnwd.s:584    .text.HAL_UARTEx_StopModeWakeUpSourceConfig:000000000000007c $d
/var/folders/jl/lskhb0_j53jf26l9_b8c7ppm0000gn/T//cc2LMnwd.s:590    .text.HAL_UARTEx_EnableStopMode:0000000000000000 $t
/var/folders/jl/lskhb0_j53jf26l9_b8c7ppm0000gn/T//cc2LMnwd.s:597    .text.HAL_UARTEx_EnableStopMode:0000000000000000 HAL_UARTEx_EnableStopMode
/var/folders/jl/lskhb0_j53jf26l9_b8c7ppm0000gn/T//cc2LMnwd.s:651    .text.HAL_UARTEx_DisableStopMode:0000000000000000 $t
/var/folders/jl/lskhb0_j53jf26l9_b8c7ppm0000gn/T//cc2LMnwd.s:658    .text.HAL_UARTEx_DisableStopMode:0000000000000000 HAL_UARTEx_DisableStopMode

UNDEFINED SYMBOLS
UART_SetConfig
UART_CheckIdleState
HAL_UART_MspInit
UART_AdvFeatureConfig
HAL_GetTick
UART_WaitOnFlagUntilTimeout
