ARM GAS  /var/folders/jl/lskhb0_j53jf26l9_b8c7ppm0000gn/T//cc7f8plR.s 			page 1


   1              		.cpu cortex-m0plus
   2              		.eabi_attribute 20, 1
   3              		.eabi_attribute 21, 1
   4              		.eabi_attribute 23, 3
   5              		.eabi_attribute 24, 1
   6              		.eabi_attribute 25, 1
   7              		.eabi_attribute 26, 1
   8              		.eabi_attribute 30, 1
   9              		.eabi_attribute 34, 0
  10              		.eabi_attribute 18, 4
  11              		.file	"stm32l0xx_hal_msp.c"
  12              		.text
  13              	.Ltext0:
  14              		.cfi_sections	.debug_frame
  15              		.section	.text.HAL_MspInit,"ax",%progbits
  16              		.align	1
  17              		.global	HAL_MspInit
  18              		.arch armv6s-m
  19              		.syntax unified
  20              		.code	16
  21              		.thumb_func
  22              		.fpu softvfp
  24              	HAL_MspInit:
  25              	.LFB34:
  26              		.file 1 "Src/stm32l0xx_hal_msp.c"
   1:Src/stm32l0xx_hal_msp.c **** /* USER CODE BEGIN Header */
   2:Src/stm32l0xx_hal_msp.c **** /**
   3:Src/stm32l0xx_hal_msp.c ****   ******************************************************************************
   4:Src/stm32l0xx_hal_msp.c ****   * File Name          : stm32l0xx_hal_msp.c
   5:Src/stm32l0xx_hal_msp.c ****   * Description        : This file provides code for the MSP Initialization 
   6:Src/stm32l0xx_hal_msp.c ****   *                      and de-Initialization codes.
   7:Src/stm32l0xx_hal_msp.c ****   ******************************************************************************
   8:Src/stm32l0xx_hal_msp.c ****   * @attention
   9:Src/stm32l0xx_hal_msp.c ****   *
  10:Src/stm32l0xx_hal_msp.c ****   * <h2><center>&copy; Copyright (c) 2020 STMicroelectronics.
  11:Src/stm32l0xx_hal_msp.c ****   * All rights reserved.</center></h2>
  12:Src/stm32l0xx_hal_msp.c ****   *
  13:Src/stm32l0xx_hal_msp.c ****   * This software component is licensed by ST under Ultimate Liberty license
  14:Src/stm32l0xx_hal_msp.c ****   * SLA0044, the "License"; You may not use this file except in compliance with
  15:Src/stm32l0xx_hal_msp.c ****   * the License. You may obtain a copy of the License at:
  16:Src/stm32l0xx_hal_msp.c ****   *                             www.st.com/SLA0044
  17:Src/stm32l0xx_hal_msp.c ****   *
  18:Src/stm32l0xx_hal_msp.c ****   ******************************************************************************
  19:Src/stm32l0xx_hal_msp.c ****   */
  20:Src/stm32l0xx_hal_msp.c **** /* USER CODE END Header */
  21:Src/stm32l0xx_hal_msp.c **** 
  22:Src/stm32l0xx_hal_msp.c **** /* Includes ------------------------------------------------------------------*/
  23:Src/stm32l0xx_hal_msp.c **** #include "main.h"
  24:Src/stm32l0xx_hal_msp.c **** /* USER CODE BEGIN Includes */
  25:Src/stm32l0xx_hal_msp.c **** 
  26:Src/stm32l0xx_hal_msp.c **** /* USER CODE END Includes */
  27:Src/stm32l0xx_hal_msp.c **** 
  28:Src/stm32l0xx_hal_msp.c **** /* Private typedef -----------------------------------------------------------*/
  29:Src/stm32l0xx_hal_msp.c **** /* USER CODE BEGIN TD */
  30:Src/stm32l0xx_hal_msp.c **** 
  31:Src/stm32l0xx_hal_msp.c **** /* USER CODE END TD */
  32:Src/stm32l0xx_hal_msp.c **** 
ARM GAS  /var/folders/jl/lskhb0_j53jf26l9_b8c7ppm0000gn/T//cc7f8plR.s 			page 2


  33:Src/stm32l0xx_hal_msp.c **** /* Private define ------------------------------------------------------------*/
  34:Src/stm32l0xx_hal_msp.c **** /* USER CODE BEGIN Define */
  35:Src/stm32l0xx_hal_msp.c ****  
  36:Src/stm32l0xx_hal_msp.c **** /* USER CODE END Define */
  37:Src/stm32l0xx_hal_msp.c **** 
  38:Src/stm32l0xx_hal_msp.c **** /* Private macro -------------------------------------------------------------*/
  39:Src/stm32l0xx_hal_msp.c **** /* USER CODE BEGIN Macro */
  40:Src/stm32l0xx_hal_msp.c **** 
  41:Src/stm32l0xx_hal_msp.c **** /* USER CODE END Macro */
  42:Src/stm32l0xx_hal_msp.c **** 
  43:Src/stm32l0xx_hal_msp.c **** /* Private variables ---------------------------------------------------------*/
  44:Src/stm32l0xx_hal_msp.c **** /* USER CODE BEGIN PV */
  45:Src/stm32l0xx_hal_msp.c **** 
  46:Src/stm32l0xx_hal_msp.c **** /* USER CODE END PV */
  47:Src/stm32l0xx_hal_msp.c **** 
  48:Src/stm32l0xx_hal_msp.c **** /* Private function prototypes -----------------------------------------------*/
  49:Src/stm32l0xx_hal_msp.c **** /* USER CODE BEGIN PFP */
  50:Src/stm32l0xx_hal_msp.c **** 
  51:Src/stm32l0xx_hal_msp.c **** /* USER CODE END PFP */
  52:Src/stm32l0xx_hal_msp.c **** 
  53:Src/stm32l0xx_hal_msp.c **** /* External functions --------------------------------------------------------*/
  54:Src/stm32l0xx_hal_msp.c **** /* USER CODE BEGIN ExternalFunctions */
  55:Src/stm32l0xx_hal_msp.c **** 
  56:Src/stm32l0xx_hal_msp.c **** /* USER CODE END ExternalFunctions */
  57:Src/stm32l0xx_hal_msp.c **** 
  58:Src/stm32l0xx_hal_msp.c **** /* USER CODE BEGIN 0 */
  59:Src/stm32l0xx_hal_msp.c **** 
  60:Src/stm32l0xx_hal_msp.c **** /* USER CODE END 0 */
  61:Src/stm32l0xx_hal_msp.c **** /**
  62:Src/stm32l0xx_hal_msp.c ****   * Initializes the Global MSP.
  63:Src/stm32l0xx_hal_msp.c ****   */
  64:Src/stm32l0xx_hal_msp.c **** void HAL_MspInit(void)
  65:Src/stm32l0xx_hal_msp.c **** {
  27              		.loc 1 65 1 view -0
  28              		.cfi_startproc
  29              		@ args = 0, pretend = 0, frame = 0
  30              		@ frame_needed = 0, uses_anonymous_args = 0
  31              		@ link register save eliminated.
  66:Src/stm32l0xx_hal_msp.c ****   /* USER CODE BEGIN MspInit 0 */
  67:Src/stm32l0xx_hal_msp.c **** 
  68:Src/stm32l0xx_hal_msp.c ****   /* USER CODE END MspInit 0 */
  69:Src/stm32l0xx_hal_msp.c **** 
  70:Src/stm32l0xx_hal_msp.c ****   __HAL_RCC_SYSCFG_CLK_ENABLE();
  32              		.loc 1 70 3 view .LVU1
  33 0000 054B     		ldr	r3, .L2
  34 0002 5A6B     		ldr	r2, [r3, #52]
  35 0004 0121     		movs	r1, #1
  36 0006 0A43     		orrs	r2, r1
  37 0008 5A63     		str	r2, [r3, #52]
  71:Src/stm32l0xx_hal_msp.c ****   __HAL_RCC_PWR_CLK_ENABLE();
  38              		.loc 1 71 3 view .LVU2
  39 000a 996B     		ldr	r1, [r3, #56]
  40 000c 8022     		movs	r2, #128
  41 000e 5205     		lsls	r2, r2, #21
  42 0010 0A43     		orrs	r2, r1
  43 0012 9A63     		str	r2, [r3, #56]
  72:Src/stm32l0xx_hal_msp.c **** 
ARM GAS  /var/folders/jl/lskhb0_j53jf26l9_b8c7ppm0000gn/T//cc7f8plR.s 			page 3


  73:Src/stm32l0xx_hal_msp.c ****   /* System interrupt init*/
  74:Src/stm32l0xx_hal_msp.c **** 
  75:Src/stm32l0xx_hal_msp.c ****   /* USER CODE BEGIN MspInit 1 */
  76:Src/stm32l0xx_hal_msp.c **** 
  77:Src/stm32l0xx_hal_msp.c ****   /* USER CODE END MspInit 1 */
  78:Src/stm32l0xx_hal_msp.c **** }
  44              		.loc 1 78 1 is_stmt 0 view .LVU3
  45              		@ sp needed
  46 0014 7047     		bx	lr
  47              	.L3:
  48 0016 C046     		.align	2
  49              	.L2:
  50 0018 00100240 		.word	1073876992
  51              		.cfi_endproc
  52              	.LFE34:
  54              		.section	.text.HAL_ADC_MspInit,"ax",%progbits
  55              		.align	1
  56              		.global	HAL_ADC_MspInit
  57              		.syntax unified
  58              		.code	16
  59              		.thumb_func
  60              		.fpu softvfp
  62              	HAL_ADC_MspInit:
  63              	.LVL0:
  64              	.LFB35:
  79:Src/stm32l0xx_hal_msp.c **** 
  80:Src/stm32l0xx_hal_msp.c **** /**
  81:Src/stm32l0xx_hal_msp.c **** * @brief ADC MSP Initialization
  82:Src/stm32l0xx_hal_msp.c **** * This function configures the hardware resources used in this example
  83:Src/stm32l0xx_hal_msp.c **** * @param hadc: ADC handle pointer
  84:Src/stm32l0xx_hal_msp.c **** * @retval None
  85:Src/stm32l0xx_hal_msp.c **** */
  86:Src/stm32l0xx_hal_msp.c **** void HAL_ADC_MspInit(ADC_HandleTypeDef* hadc)
  87:Src/stm32l0xx_hal_msp.c **** {
  65              		.loc 1 87 1 is_stmt 1 view -0
  66              		.cfi_startproc
  67              		@ args = 0, pretend = 0, frame = 24
  68              		@ frame_needed = 0, uses_anonymous_args = 0
  69              		.loc 1 87 1 is_stmt 0 view .LVU5
  70 0000 10B5     		push	{r4, lr}
  71              	.LCFI0:
  72              		.cfi_def_cfa_offset 8
  73              		.cfi_offset 4, -8
  74              		.cfi_offset 14, -4
  75 0002 86B0     		sub	sp, sp, #24
  76              	.LCFI1:
  77              		.cfi_def_cfa_offset 32
  78 0004 0400     		movs	r4, r0
  88:Src/stm32l0xx_hal_msp.c ****   GPIO_InitTypeDef GPIO_InitStruct = {0};
  79              		.loc 1 88 3 is_stmt 1 view .LVU6
  80              		.loc 1 88 20 is_stmt 0 view .LVU7
  81 0006 1422     		movs	r2, #20
  82 0008 0021     		movs	r1, #0
  83 000a 01A8     		add	r0, sp, #4
  84              	.LVL1:
  85              		.loc 1 88 20 view .LVU8
  86 000c FFF7FEFF 		bl	memset
ARM GAS  /var/folders/jl/lskhb0_j53jf26l9_b8c7ppm0000gn/T//cc7f8plR.s 			page 4


  87              	.LVL2:
  89:Src/stm32l0xx_hal_msp.c ****   if(hadc->Instance==ADC1)
  88              		.loc 1 89 3 is_stmt 1 view .LVU9
  89              		.loc 1 89 10 is_stmt 0 view .LVU10
  90 0010 2268     		ldr	r2, [r4]
  91              		.loc 1 89 5 view .LVU11
  92 0012 0F4B     		ldr	r3, .L7
  93 0014 9A42     		cmp	r2, r3
  94 0016 01D0     		beq	.L6
  95              	.L4:
  90:Src/stm32l0xx_hal_msp.c ****   {
  91:Src/stm32l0xx_hal_msp.c ****   /* USER CODE BEGIN ADC1_MspInit 0 */
  92:Src/stm32l0xx_hal_msp.c **** 
  93:Src/stm32l0xx_hal_msp.c ****   /* USER CODE END ADC1_MspInit 0 */
  94:Src/stm32l0xx_hal_msp.c ****     /* Peripheral clock enable */
  95:Src/stm32l0xx_hal_msp.c ****     __HAL_RCC_ADC1_CLK_ENABLE();
  96:Src/stm32l0xx_hal_msp.c ****   
  97:Src/stm32l0xx_hal_msp.c ****     __HAL_RCC_GPIOA_CLK_ENABLE();
  98:Src/stm32l0xx_hal_msp.c ****     /**ADC GPIO Configuration    
  99:Src/stm32l0xx_hal_msp.c ****     PA0     ------> ADC_IN0
 100:Src/stm32l0xx_hal_msp.c ****     PA1     ------> ADC_IN1 
 101:Src/stm32l0xx_hal_msp.c ****     */
 102:Src/stm32l0xx_hal_msp.c ****     GPIO_InitStruct.Pin = GPIO_PIN_0|GPIO_PIN_1;
 103:Src/stm32l0xx_hal_msp.c ****     GPIO_InitStruct.Mode = GPIO_MODE_ANALOG;
 104:Src/stm32l0xx_hal_msp.c ****     GPIO_InitStruct.Pull = GPIO_NOPULL;
 105:Src/stm32l0xx_hal_msp.c ****     HAL_GPIO_Init(GPIOA, &GPIO_InitStruct);
 106:Src/stm32l0xx_hal_msp.c **** 
 107:Src/stm32l0xx_hal_msp.c ****   /* USER CODE BEGIN ADC1_MspInit 1 */
 108:Src/stm32l0xx_hal_msp.c **** 
 109:Src/stm32l0xx_hal_msp.c ****   /* USER CODE END ADC1_MspInit 1 */
 110:Src/stm32l0xx_hal_msp.c ****   }
 111:Src/stm32l0xx_hal_msp.c **** 
 112:Src/stm32l0xx_hal_msp.c **** }
  96              		.loc 1 112 1 view .LVU12
  97 0018 06B0     		add	sp, sp, #24
  98              		@ sp needed
  99              	.LVL3:
 100              		.loc 1 112 1 view .LVU13
 101 001a 10BD     		pop	{r4, pc}
 102              	.LVL4:
 103              	.L6:
  95:Src/stm32l0xx_hal_msp.c ****   
 104              		.loc 1 95 5 is_stmt 1 view .LVU14
 105 001c 0D4B     		ldr	r3, .L7+4
 106 001e 596B     		ldr	r1, [r3, #52]
 107 0020 8022     		movs	r2, #128
 108 0022 9200     		lsls	r2, r2, #2
 109 0024 0A43     		orrs	r2, r1
 110 0026 5A63     		str	r2, [r3, #52]
  97:Src/stm32l0xx_hal_msp.c ****     /**ADC GPIO Configuration    
 111              		.loc 1 97 5 view .LVU15
 112              	.LBB2:
  97:Src/stm32l0xx_hal_msp.c ****     /**ADC GPIO Configuration    
 113              		.loc 1 97 5 view .LVU16
  97:Src/stm32l0xx_hal_msp.c ****     /**ADC GPIO Configuration    
 114              		.loc 1 97 5 view .LVU17
 115 0028 D96A     		ldr	r1, [r3, #44]
ARM GAS  /var/folders/jl/lskhb0_j53jf26l9_b8c7ppm0000gn/T//cc7f8plR.s 			page 5


 116 002a 0122     		movs	r2, #1
 117 002c 1143     		orrs	r1, r2
 118 002e D962     		str	r1, [r3, #44]
  97:Src/stm32l0xx_hal_msp.c ****     /**ADC GPIO Configuration    
 119              		.loc 1 97 5 view .LVU18
 120 0030 DB6A     		ldr	r3, [r3, #44]
 121 0032 1A40     		ands	r2, r3
 122 0034 0092     		str	r2, [sp]
  97:Src/stm32l0xx_hal_msp.c ****     /**ADC GPIO Configuration    
 123              		.loc 1 97 5 view .LVU19
 124 0036 009B     		ldr	r3, [sp]
 125              	.LBE2:
  97:Src/stm32l0xx_hal_msp.c ****     /**ADC GPIO Configuration    
 126              		.loc 1 97 5 view .LVU20
 102:Src/stm32l0xx_hal_msp.c ****     GPIO_InitStruct.Mode = GPIO_MODE_ANALOG;
 127              		.loc 1 102 5 view .LVU21
 102:Src/stm32l0xx_hal_msp.c ****     GPIO_InitStruct.Mode = GPIO_MODE_ANALOG;
 128              		.loc 1 102 25 is_stmt 0 view .LVU22
 129 0038 0323     		movs	r3, #3
 130 003a 0193     		str	r3, [sp, #4]
 103:Src/stm32l0xx_hal_msp.c ****     GPIO_InitStruct.Pull = GPIO_NOPULL;
 131              		.loc 1 103 5 is_stmt 1 view .LVU23
 103:Src/stm32l0xx_hal_msp.c ****     GPIO_InitStruct.Pull = GPIO_NOPULL;
 132              		.loc 1 103 26 is_stmt 0 view .LVU24
 133 003c 0293     		str	r3, [sp, #8]
 104:Src/stm32l0xx_hal_msp.c ****     HAL_GPIO_Init(GPIOA, &GPIO_InitStruct);
 134              		.loc 1 104 5 is_stmt 1 view .LVU25
 104:Src/stm32l0xx_hal_msp.c ****     HAL_GPIO_Init(GPIOA, &GPIO_InitStruct);
 135              		.loc 1 104 26 is_stmt 0 view .LVU26
 136 003e 0023     		movs	r3, #0
 137 0040 0393     		str	r3, [sp, #12]
 105:Src/stm32l0xx_hal_msp.c **** 
 138              		.loc 1 105 5 is_stmt 1 view .LVU27
 139 0042 A020     		movs	r0, #160
 140 0044 01A9     		add	r1, sp, #4
 141 0046 C005     		lsls	r0, r0, #23
 142 0048 FFF7FEFF 		bl	HAL_GPIO_Init
 143              	.LVL5:
 144              		.loc 1 112 1 is_stmt 0 view .LVU28
 145 004c E4E7     		b	.L4
 146              	.L8:
 147 004e C046     		.align	2
 148              	.L7:
 149 0050 00240140 		.word	1073816576
 150 0054 00100240 		.word	1073876992
 151              		.cfi_endproc
 152              	.LFE35:
 154              		.section	.text.HAL_ADC_MspDeInit,"ax",%progbits
 155              		.align	1
 156              		.global	HAL_ADC_MspDeInit
 157              		.syntax unified
 158              		.code	16
 159              		.thumb_func
 160              		.fpu softvfp
 162              	HAL_ADC_MspDeInit:
 163              	.LVL6:
 164              	.LFB36:
ARM GAS  /var/folders/jl/lskhb0_j53jf26l9_b8c7ppm0000gn/T//cc7f8plR.s 			page 6


 113:Src/stm32l0xx_hal_msp.c **** 
 114:Src/stm32l0xx_hal_msp.c **** /**
 115:Src/stm32l0xx_hal_msp.c **** * @brief ADC MSP De-Initialization
 116:Src/stm32l0xx_hal_msp.c **** * This function freeze the hardware resources used in this example
 117:Src/stm32l0xx_hal_msp.c **** * @param hadc: ADC handle pointer
 118:Src/stm32l0xx_hal_msp.c **** * @retval None
 119:Src/stm32l0xx_hal_msp.c **** */
 120:Src/stm32l0xx_hal_msp.c **** void HAL_ADC_MspDeInit(ADC_HandleTypeDef* hadc)
 121:Src/stm32l0xx_hal_msp.c **** {
 165              		.loc 1 121 1 is_stmt 1 view -0
 166              		.cfi_startproc
 167              		@ args = 0, pretend = 0, frame = 0
 168              		@ frame_needed = 0, uses_anonymous_args = 0
 169              		.loc 1 121 1 is_stmt 0 view .LVU30
 170 0000 10B5     		push	{r4, lr}
 171              	.LCFI2:
 172              		.cfi_def_cfa_offset 8
 173              		.cfi_offset 4, -8
 174              		.cfi_offset 14, -4
 122:Src/stm32l0xx_hal_msp.c ****   if(hadc->Instance==ADC1)
 175              		.loc 1 122 3 is_stmt 1 view .LVU31
 176              		.loc 1 122 10 is_stmt 0 view .LVU32
 177 0002 0268     		ldr	r2, [r0]
 178              		.loc 1 122 5 view .LVU33
 179 0004 074B     		ldr	r3, .L12
 180 0006 9A42     		cmp	r2, r3
 181 0008 00D0     		beq	.L11
 182              	.LVL7:
 183              	.L9:
 123:Src/stm32l0xx_hal_msp.c ****   {
 124:Src/stm32l0xx_hal_msp.c ****   /* USER CODE BEGIN ADC1_MspDeInit 0 */
 125:Src/stm32l0xx_hal_msp.c **** 
 126:Src/stm32l0xx_hal_msp.c ****   /* USER CODE END ADC1_MspDeInit 0 */
 127:Src/stm32l0xx_hal_msp.c ****     /* Peripheral clock disable */
 128:Src/stm32l0xx_hal_msp.c ****     __HAL_RCC_ADC1_CLK_DISABLE();
 129:Src/stm32l0xx_hal_msp.c ****   
 130:Src/stm32l0xx_hal_msp.c ****     /**ADC GPIO Configuration    
 131:Src/stm32l0xx_hal_msp.c ****     PA0     ------> ADC_IN0
 132:Src/stm32l0xx_hal_msp.c ****     PA1     ------> ADC_IN1 
 133:Src/stm32l0xx_hal_msp.c ****     */
 134:Src/stm32l0xx_hal_msp.c ****     HAL_GPIO_DeInit(GPIOA, GPIO_PIN_0|GPIO_PIN_1);
 135:Src/stm32l0xx_hal_msp.c **** 
 136:Src/stm32l0xx_hal_msp.c ****   /* USER CODE BEGIN ADC1_MspDeInit 1 */
 137:Src/stm32l0xx_hal_msp.c **** 
 138:Src/stm32l0xx_hal_msp.c ****   /* USER CODE END ADC1_MspDeInit 1 */
 139:Src/stm32l0xx_hal_msp.c ****   }
 140:Src/stm32l0xx_hal_msp.c **** 
 141:Src/stm32l0xx_hal_msp.c **** }
 184              		.loc 1 141 1 view .LVU34
 185              		@ sp needed
 186 000a 10BD     		pop	{r4, pc}
 187              	.LVL8:
 188              	.L11:
 128:Src/stm32l0xx_hal_msp.c ****   
 189              		.loc 1 128 5 is_stmt 1 view .LVU35
 190 000c 064A     		ldr	r2, .L12+4
 191 000e 536B     		ldr	r3, [r2, #52]
ARM GAS  /var/folders/jl/lskhb0_j53jf26l9_b8c7ppm0000gn/T//cc7f8plR.s 			page 7


 192 0010 0649     		ldr	r1, .L12+8
 193 0012 0B40     		ands	r3, r1
 194 0014 5363     		str	r3, [r2, #52]
 134:Src/stm32l0xx_hal_msp.c **** 
 195              		.loc 1 134 5 view .LVU36
 196 0016 A020     		movs	r0, #160
 197              	.LVL9:
 134:Src/stm32l0xx_hal_msp.c **** 
 198              		.loc 1 134 5 is_stmt 0 view .LVU37
 199 0018 0321     		movs	r1, #3
 200 001a C005     		lsls	r0, r0, #23
 201 001c FFF7FEFF 		bl	HAL_GPIO_DeInit
 202              	.LVL10:
 203              		.loc 1 141 1 view .LVU38
 204 0020 F3E7     		b	.L9
 205              	.L13:
 206 0022 C046     		.align	2
 207              	.L12:
 208 0024 00240140 		.word	1073816576
 209 0028 00100240 		.word	1073876992
 210 002c FFFDFFFF 		.word	-513
 211              		.cfi_endproc
 212              	.LFE36:
 214              		.section	.text.HAL_SPI_MspInit,"ax",%progbits
 215              		.align	1
 216              		.global	HAL_SPI_MspInit
 217              		.syntax unified
 218              		.code	16
 219              		.thumb_func
 220              		.fpu softvfp
 222              	HAL_SPI_MspInit:
 223              	.LVL11:
 224              	.LFB37:
 142:Src/stm32l0xx_hal_msp.c **** 
 143:Src/stm32l0xx_hal_msp.c **** /**
 144:Src/stm32l0xx_hal_msp.c **** * @brief SPI MSP Initialization
 145:Src/stm32l0xx_hal_msp.c **** * This function configures the hardware resources used in this example
 146:Src/stm32l0xx_hal_msp.c **** * @param hspi: SPI handle pointer
 147:Src/stm32l0xx_hal_msp.c **** * @retval None
 148:Src/stm32l0xx_hal_msp.c **** */
 149:Src/stm32l0xx_hal_msp.c **** void HAL_SPI_MspInit(SPI_HandleTypeDef* hspi)
 150:Src/stm32l0xx_hal_msp.c **** {
 225              		.loc 1 150 1 is_stmt 1 view -0
 226              		.cfi_startproc
 227              		@ args = 0, pretend = 0, frame = 32
 228              		@ frame_needed = 0, uses_anonymous_args = 0
 229              		.loc 1 150 1 is_stmt 0 view .LVU40
 230 0000 10B5     		push	{r4, lr}
 231              	.LCFI3:
 232              		.cfi_def_cfa_offset 8
 233              		.cfi_offset 4, -8
 234              		.cfi_offset 14, -4
 235 0002 88B0     		sub	sp, sp, #32
 236              	.LCFI4:
 237              		.cfi_def_cfa_offset 40
 238 0004 0400     		movs	r4, r0
 151:Src/stm32l0xx_hal_msp.c ****   GPIO_InitTypeDef GPIO_InitStruct = {0};
ARM GAS  /var/folders/jl/lskhb0_j53jf26l9_b8c7ppm0000gn/T//cc7f8plR.s 			page 8


 239              		.loc 1 151 3 is_stmt 1 view .LVU41
 240              		.loc 1 151 20 is_stmt 0 view .LVU42
 241 0006 1422     		movs	r2, #20
 242 0008 0021     		movs	r1, #0
 243 000a 03A8     		add	r0, sp, #12
 244              	.LVL12:
 245              		.loc 1 151 20 view .LVU43
 246 000c FFF7FEFF 		bl	memset
 247              	.LVL13:
 152:Src/stm32l0xx_hal_msp.c ****   if(hspi->Instance==SPI1)
 248              		.loc 1 152 3 is_stmt 1 view .LVU44
 249              		.loc 1 152 10 is_stmt 0 view .LVU45
 250 0010 2368     		ldr	r3, [r4]
 251              		.loc 1 152 5 view .LVU46
 252 0012 1F4A     		ldr	r2, .L19
 253 0014 9342     		cmp	r3, r2
 254 0016 04D0     		beq	.L17
 153:Src/stm32l0xx_hal_msp.c ****   {
 154:Src/stm32l0xx_hal_msp.c ****   /* USER CODE BEGIN SPI1_MspInit 0 */
 155:Src/stm32l0xx_hal_msp.c **** 
 156:Src/stm32l0xx_hal_msp.c ****   /* USER CODE END SPI1_MspInit 0 */
 157:Src/stm32l0xx_hal_msp.c ****     /* Peripheral clock enable */
 158:Src/stm32l0xx_hal_msp.c ****     __HAL_RCC_SPI1_CLK_ENABLE();
 159:Src/stm32l0xx_hal_msp.c ****   
 160:Src/stm32l0xx_hal_msp.c ****     __HAL_RCC_GPIOB_CLK_ENABLE();
 161:Src/stm32l0xx_hal_msp.c ****     /**SPI1 GPIO Configuration    
 162:Src/stm32l0xx_hal_msp.c ****     PB3     ------> SPI1_SCK
 163:Src/stm32l0xx_hal_msp.c ****     PB4     ------> SPI1_MISO
 164:Src/stm32l0xx_hal_msp.c ****     PB5     ------> SPI1_MOSI 
 165:Src/stm32l0xx_hal_msp.c ****     */
 166:Src/stm32l0xx_hal_msp.c ****     GPIO_InitStruct.Pin = GPIO_PIN_3|GPIO_PIN_4|GPIO_PIN_5;
 167:Src/stm32l0xx_hal_msp.c ****     GPIO_InitStruct.Mode = GPIO_MODE_AF_PP;
 168:Src/stm32l0xx_hal_msp.c ****     GPIO_InitStruct.Pull = GPIO_NOPULL;
 169:Src/stm32l0xx_hal_msp.c ****     GPIO_InitStruct.Speed = GPIO_SPEED_FREQ_VERY_HIGH;
 170:Src/stm32l0xx_hal_msp.c ****     GPIO_InitStruct.Alternate = GPIO_AF0_SPI1;
 171:Src/stm32l0xx_hal_msp.c ****     HAL_GPIO_Init(GPIOB, &GPIO_InitStruct);
 172:Src/stm32l0xx_hal_msp.c **** 
 173:Src/stm32l0xx_hal_msp.c ****   /* USER CODE BEGIN SPI1_MspInit 1 */
 174:Src/stm32l0xx_hal_msp.c **** 
 175:Src/stm32l0xx_hal_msp.c ****   /* USER CODE END SPI1_MspInit 1 */
 176:Src/stm32l0xx_hal_msp.c ****   }
 177:Src/stm32l0xx_hal_msp.c ****   else if(hspi->Instance==SPI2)
 255              		.loc 1 177 8 is_stmt 1 view .LVU47
 256              		.loc 1 177 10 is_stmt 0 view .LVU48
 257 0018 1E4A     		ldr	r2, .L19+4
 258 001a 9342     		cmp	r3, r2
 259 001c 1CD0     		beq	.L18
 260              	.L14:
 178:Src/stm32l0xx_hal_msp.c ****   {
 179:Src/stm32l0xx_hal_msp.c ****   /* USER CODE BEGIN SPI2_MspInit 0 */
 180:Src/stm32l0xx_hal_msp.c **** 
 181:Src/stm32l0xx_hal_msp.c ****   /* USER CODE END SPI2_MspInit 0 */
 182:Src/stm32l0xx_hal_msp.c ****     /* Peripheral clock enable */
 183:Src/stm32l0xx_hal_msp.c ****     __HAL_RCC_SPI2_CLK_ENABLE();
 184:Src/stm32l0xx_hal_msp.c ****   
 185:Src/stm32l0xx_hal_msp.c ****     __HAL_RCC_GPIOB_CLK_ENABLE();
 186:Src/stm32l0xx_hal_msp.c ****     /**SPI2 GPIO Configuration    
ARM GAS  /var/folders/jl/lskhb0_j53jf26l9_b8c7ppm0000gn/T//cc7f8plR.s 			page 9


 187:Src/stm32l0xx_hal_msp.c ****     PB13     ------> SPI2_SCK
 188:Src/stm32l0xx_hal_msp.c ****     PB14     ------> SPI2_MISO
 189:Src/stm32l0xx_hal_msp.c ****     PB15     ------> SPI2_MOSI 
 190:Src/stm32l0xx_hal_msp.c ****     */
 191:Src/stm32l0xx_hal_msp.c ****     GPIO_InitStruct.Pin = GPIO_PIN_13|GPIO_PIN_14|GPIO_PIN_15;
 192:Src/stm32l0xx_hal_msp.c ****     GPIO_InitStruct.Mode = GPIO_MODE_AF_PP;
 193:Src/stm32l0xx_hal_msp.c ****     GPIO_InitStruct.Pull = GPIO_NOPULL;
 194:Src/stm32l0xx_hal_msp.c ****     GPIO_InitStruct.Speed = GPIO_SPEED_FREQ_VERY_HIGH;
 195:Src/stm32l0xx_hal_msp.c ****     GPIO_InitStruct.Alternate = GPIO_AF0_SPI2;
 196:Src/stm32l0xx_hal_msp.c ****     HAL_GPIO_Init(GPIOB, &GPIO_InitStruct);
 197:Src/stm32l0xx_hal_msp.c **** 
 198:Src/stm32l0xx_hal_msp.c ****   /* USER CODE BEGIN SPI2_MspInit 1 */
 199:Src/stm32l0xx_hal_msp.c **** 
 200:Src/stm32l0xx_hal_msp.c ****   /* USER CODE END SPI2_MspInit 1 */
 201:Src/stm32l0xx_hal_msp.c ****   }
 202:Src/stm32l0xx_hal_msp.c **** 
 203:Src/stm32l0xx_hal_msp.c **** }
 261              		.loc 1 203 1 view .LVU49
 262 001e 08B0     		add	sp, sp, #32
 263              		@ sp needed
 264              	.LVL14:
 265              		.loc 1 203 1 view .LVU50
 266 0020 10BD     		pop	{r4, pc}
 267              	.LVL15:
 268              	.L17:
 158:Src/stm32l0xx_hal_msp.c ****   
 269              		.loc 1 158 5 is_stmt 1 view .LVU51
 270 0022 1D4B     		ldr	r3, .L19+8
 271 0024 596B     		ldr	r1, [r3, #52]
 272 0026 8022     		movs	r2, #128
 273 0028 5201     		lsls	r2, r2, #5
 274 002a 0A43     		orrs	r2, r1
 275 002c 5A63     		str	r2, [r3, #52]
 160:Src/stm32l0xx_hal_msp.c ****     /**SPI1 GPIO Configuration    
 276              		.loc 1 160 5 view .LVU52
 277              	.LBB3:
 160:Src/stm32l0xx_hal_msp.c ****     /**SPI1 GPIO Configuration    
 278              		.loc 1 160 5 view .LVU53
 160:Src/stm32l0xx_hal_msp.c ****     /**SPI1 GPIO Configuration    
 279              		.loc 1 160 5 view .LVU54
 280 002e D96A     		ldr	r1, [r3, #44]
 281 0030 0222     		movs	r2, #2
 282 0032 1143     		orrs	r1, r2
 283 0034 D962     		str	r1, [r3, #44]
 160:Src/stm32l0xx_hal_msp.c ****     /**SPI1 GPIO Configuration    
 284              		.loc 1 160 5 view .LVU55
 285 0036 DB6A     		ldr	r3, [r3, #44]
 286 0038 1340     		ands	r3, r2
 287 003a 0193     		str	r3, [sp, #4]
 160:Src/stm32l0xx_hal_msp.c ****     /**SPI1 GPIO Configuration    
 288              		.loc 1 160 5 view .LVU56
 289 003c 019B     		ldr	r3, [sp, #4]
 290              	.LBE3:
 160:Src/stm32l0xx_hal_msp.c ****     /**SPI1 GPIO Configuration    
 291              		.loc 1 160 5 view .LVU57
 166:Src/stm32l0xx_hal_msp.c ****     GPIO_InitStruct.Mode = GPIO_MODE_AF_PP;
 292              		.loc 1 166 5 view .LVU58
ARM GAS  /var/folders/jl/lskhb0_j53jf26l9_b8c7ppm0000gn/T//cc7f8plR.s 			page 10


 166:Src/stm32l0xx_hal_msp.c ****     GPIO_InitStruct.Mode = GPIO_MODE_AF_PP;
 293              		.loc 1 166 25 is_stmt 0 view .LVU59
 294 003e 3823     		movs	r3, #56
 295 0040 0393     		str	r3, [sp, #12]
 167:Src/stm32l0xx_hal_msp.c ****     GPIO_InitStruct.Pull = GPIO_NOPULL;
 296              		.loc 1 167 5 is_stmt 1 view .LVU60
 167:Src/stm32l0xx_hal_msp.c ****     GPIO_InitStruct.Pull = GPIO_NOPULL;
 297              		.loc 1 167 26 is_stmt 0 view .LVU61
 298 0042 0492     		str	r2, [sp, #16]
 168:Src/stm32l0xx_hal_msp.c ****     GPIO_InitStruct.Speed = GPIO_SPEED_FREQ_VERY_HIGH;
 299              		.loc 1 168 5 is_stmt 1 view .LVU62
 168:Src/stm32l0xx_hal_msp.c ****     GPIO_InitStruct.Speed = GPIO_SPEED_FREQ_VERY_HIGH;
 300              		.loc 1 168 26 is_stmt 0 view .LVU63
 301 0044 0023     		movs	r3, #0
 302 0046 0593     		str	r3, [sp, #20]
 169:Src/stm32l0xx_hal_msp.c ****     GPIO_InitStruct.Alternate = GPIO_AF0_SPI1;
 303              		.loc 1 169 5 is_stmt 1 view .LVU64
 169:Src/stm32l0xx_hal_msp.c ****     GPIO_InitStruct.Alternate = GPIO_AF0_SPI1;
 304              		.loc 1 169 27 is_stmt 0 view .LVU65
 305 0048 0132     		adds	r2, r2, #1
 306 004a 0692     		str	r2, [sp, #24]
 170:Src/stm32l0xx_hal_msp.c ****     HAL_GPIO_Init(GPIOB, &GPIO_InitStruct);
 307              		.loc 1 170 5 is_stmt 1 view .LVU66
 170:Src/stm32l0xx_hal_msp.c ****     HAL_GPIO_Init(GPIOB, &GPIO_InitStruct);
 308              		.loc 1 170 31 is_stmt 0 view .LVU67
 309 004c 0793     		str	r3, [sp, #28]
 171:Src/stm32l0xx_hal_msp.c **** 
 310              		.loc 1 171 5 is_stmt 1 view .LVU68
 311 004e 03A9     		add	r1, sp, #12
 312 0050 1248     		ldr	r0, .L19+12
 313 0052 FFF7FEFF 		bl	HAL_GPIO_Init
 314              	.LVL16:
 315 0056 E2E7     		b	.L14
 316              	.L18:
 183:Src/stm32l0xx_hal_msp.c ****   
 317              		.loc 1 183 5 view .LVU69
 318 0058 0F4B     		ldr	r3, .L19+8
 319 005a 996B     		ldr	r1, [r3, #56]
 320 005c 8022     		movs	r2, #128
 321 005e D201     		lsls	r2, r2, #7
 322 0060 0A43     		orrs	r2, r1
 323 0062 9A63     		str	r2, [r3, #56]
 185:Src/stm32l0xx_hal_msp.c ****     /**SPI2 GPIO Configuration    
 324              		.loc 1 185 5 view .LVU70
 325              	.LBB4:
 185:Src/stm32l0xx_hal_msp.c ****     /**SPI2 GPIO Configuration    
 326              		.loc 1 185 5 view .LVU71
 185:Src/stm32l0xx_hal_msp.c ****     /**SPI2 GPIO Configuration    
 327              		.loc 1 185 5 view .LVU72
 328 0064 D96A     		ldr	r1, [r3, #44]
 329 0066 0222     		movs	r2, #2
 330 0068 1143     		orrs	r1, r2
 331 006a D962     		str	r1, [r3, #44]
 185:Src/stm32l0xx_hal_msp.c ****     /**SPI2 GPIO Configuration    
 332              		.loc 1 185 5 view .LVU73
 333 006c DB6A     		ldr	r3, [r3, #44]
 334 006e 1340     		ands	r3, r2
ARM GAS  /var/folders/jl/lskhb0_j53jf26l9_b8c7ppm0000gn/T//cc7f8plR.s 			page 11


 335 0070 0293     		str	r3, [sp, #8]
 185:Src/stm32l0xx_hal_msp.c ****     /**SPI2 GPIO Configuration    
 336              		.loc 1 185 5 view .LVU74
 337 0072 029B     		ldr	r3, [sp, #8]
 338              	.LBE4:
 185:Src/stm32l0xx_hal_msp.c ****     /**SPI2 GPIO Configuration    
 339              		.loc 1 185 5 view .LVU75
 191:Src/stm32l0xx_hal_msp.c ****     GPIO_InitStruct.Mode = GPIO_MODE_AF_PP;
 340              		.loc 1 191 5 view .LVU76
 191:Src/stm32l0xx_hal_msp.c ****     GPIO_InitStruct.Mode = GPIO_MODE_AF_PP;
 341              		.loc 1 191 25 is_stmt 0 view .LVU77
 342 0074 E023     		movs	r3, #224
 343 0076 1B02     		lsls	r3, r3, #8
 344 0078 0393     		str	r3, [sp, #12]
 192:Src/stm32l0xx_hal_msp.c ****     GPIO_InitStruct.Pull = GPIO_NOPULL;
 345              		.loc 1 192 5 is_stmt 1 view .LVU78
 192:Src/stm32l0xx_hal_msp.c ****     GPIO_InitStruct.Pull = GPIO_NOPULL;
 346              		.loc 1 192 26 is_stmt 0 view .LVU79
 347 007a 0492     		str	r2, [sp, #16]
 193:Src/stm32l0xx_hal_msp.c ****     GPIO_InitStruct.Speed = GPIO_SPEED_FREQ_VERY_HIGH;
 348              		.loc 1 193 5 is_stmt 1 view .LVU80
 193:Src/stm32l0xx_hal_msp.c ****     GPIO_InitStruct.Speed = GPIO_SPEED_FREQ_VERY_HIGH;
 349              		.loc 1 193 26 is_stmt 0 view .LVU81
 350 007c 0023     		movs	r3, #0
 351 007e 0593     		str	r3, [sp, #20]
 194:Src/stm32l0xx_hal_msp.c ****     GPIO_InitStruct.Alternate = GPIO_AF0_SPI2;
 352              		.loc 1 194 5 is_stmt 1 view .LVU82
 194:Src/stm32l0xx_hal_msp.c ****     GPIO_InitStruct.Alternate = GPIO_AF0_SPI2;
 353              		.loc 1 194 27 is_stmt 0 view .LVU83
 354 0080 0132     		adds	r2, r2, #1
 355 0082 0692     		str	r2, [sp, #24]
 195:Src/stm32l0xx_hal_msp.c ****     HAL_GPIO_Init(GPIOB, &GPIO_InitStruct);
 356              		.loc 1 195 5 is_stmt 1 view .LVU84
 195:Src/stm32l0xx_hal_msp.c ****     HAL_GPIO_Init(GPIOB, &GPIO_InitStruct);
 357              		.loc 1 195 31 is_stmt 0 view .LVU85
 358 0084 0793     		str	r3, [sp, #28]
 196:Src/stm32l0xx_hal_msp.c **** 
 359              		.loc 1 196 5 is_stmt 1 view .LVU86
 360 0086 03A9     		add	r1, sp, #12
 361 0088 0448     		ldr	r0, .L19+12
 362 008a FFF7FEFF 		bl	HAL_GPIO_Init
 363              	.LVL17:
 364              		.loc 1 203 1 is_stmt 0 view .LVU87
 365 008e C6E7     		b	.L14
 366              	.L20:
 367              		.align	2
 368              	.L19:
 369 0090 00300140 		.word	1073819648
 370 0094 00380040 		.word	1073756160
 371 0098 00100240 		.word	1073876992
 372 009c 00040050 		.word	1342178304
 373              		.cfi_endproc
 374              	.LFE37:
 376              		.section	.text.HAL_SPI_MspDeInit,"ax",%progbits
 377              		.align	1
 378              		.global	HAL_SPI_MspDeInit
 379              		.syntax unified
ARM GAS  /var/folders/jl/lskhb0_j53jf26l9_b8c7ppm0000gn/T//cc7f8plR.s 			page 12


 380              		.code	16
 381              		.thumb_func
 382              		.fpu softvfp
 384              	HAL_SPI_MspDeInit:
 385              	.LVL18:
 386              	.LFB38:
 204:Src/stm32l0xx_hal_msp.c **** 
 205:Src/stm32l0xx_hal_msp.c **** /**
 206:Src/stm32l0xx_hal_msp.c **** * @brief SPI MSP De-Initialization
 207:Src/stm32l0xx_hal_msp.c **** * This function freeze the hardware resources used in this example
 208:Src/stm32l0xx_hal_msp.c **** * @param hspi: SPI handle pointer
 209:Src/stm32l0xx_hal_msp.c **** * @retval None
 210:Src/stm32l0xx_hal_msp.c **** */
 211:Src/stm32l0xx_hal_msp.c **** void HAL_SPI_MspDeInit(SPI_HandleTypeDef* hspi)
 212:Src/stm32l0xx_hal_msp.c **** {
 387              		.loc 1 212 1 is_stmt 1 view -0
 388              		.cfi_startproc
 389              		@ args = 0, pretend = 0, frame = 0
 390              		@ frame_needed = 0, uses_anonymous_args = 0
 391              		.loc 1 212 1 is_stmt 0 view .LVU89
 392 0000 10B5     		push	{r4, lr}
 393              	.LCFI5:
 394              		.cfi_def_cfa_offset 8
 395              		.cfi_offset 4, -8
 396              		.cfi_offset 14, -4
 213:Src/stm32l0xx_hal_msp.c ****   if(hspi->Instance==SPI1)
 397              		.loc 1 213 3 is_stmt 1 view .LVU90
 398              		.loc 1 213 10 is_stmt 0 view .LVU91
 399 0002 0368     		ldr	r3, [r0]
 400              		.loc 1 213 5 view .LVU92
 401 0004 0D4A     		ldr	r2, .L26
 402 0006 9342     		cmp	r3, r2
 403 0008 03D0     		beq	.L24
 214:Src/stm32l0xx_hal_msp.c ****   {
 215:Src/stm32l0xx_hal_msp.c ****   /* USER CODE BEGIN SPI1_MspDeInit 0 */
 216:Src/stm32l0xx_hal_msp.c **** 
 217:Src/stm32l0xx_hal_msp.c ****   /* USER CODE END SPI1_MspDeInit 0 */
 218:Src/stm32l0xx_hal_msp.c ****     /* Peripheral clock disable */
 219:Src/stm32l0xx_hal_msp.c ****     __HAL_RCC_SPI1_CLK_DISABLE();
 220:Src/stm32l0xx_hal_msp.c ****   
 221:Src/stm32l0xx_hal_msp.c ****     /**SPI1 GPIO Configuration    
 222:Src/stm32l0xx_hal_msp.c ****     PB3     ------> SPI1_SCK
 223:Src/stm32l0xx_hal_msp.c ****     PB4     ------> SPI1_MISO
 224:Src/stm32l0xx_hal_msp.c ****     PB5     ------> SPI1_MOSI 
 225:Src/stm32l0xx_hal_msp.c ****     */
 226:Src/stm32l0xx_hal_msp.c ****     HAL_GPIO_DeInit(GPIOB, GPIO_PIN_3|GPIO_PIN_4|GPIO_PIN_5);
 227:Src/stm32l0xx_hal_msp.c **** 
 228:Src/stm32l0xx_hal_msp.c ****   /* USER CODE BEGIN SPI1_MspDeInit 1 */
 229:Src/stm32l0xx_hal_msp.c **** 
 230:Src/stm32l0xx_hal_msp.c ****   /* USER CODE END SPI1_MspDeInit 1 */
 231:Src/stm32l0xx_hal_msp.c ****   }
 232:Src/stm32l0xx_hal_msp.c ****   else if(hspi->Instance==SPI2)
 404              		.loc 1 232 8 is_stmt 1 view .LVU93
 405              		.loc 1 232 10 is_stmt 0 view .LVU94
 406 000a 0D4A     		ldr	r2, .L26+4
 407 000c 9342     		cmp	r3, r2
 408 000e 0AD0     		beq	.L25
ARM GAS  /var/folders/jl/lskhb0_j53jf26l9_b8c7ppm0000gn/T//cc7f8plR.s 			page 13


 409              	.LVL19:
 410              	.L21:
 233:Src/stm32l0xx_hal_msp.c ****   {
 234:Src/stm32l0xx_hal_msp.c ****   /* USER CODE BEGIN SPI2_MspDeInit 0 */
 235:Src/stm32l0xx_hal_msp.c **** 
 236:Src/stm32l0xx_hal_msp.c ****   /* USER CODE END SPI2_MspDeInit 0 */
 237:Src/stm32l0xx_hal_msp.c ****     /* Peripheral clock disable */
 238:Src/stm32l0xx_hal_msp.c ****     __HAL_RCC_SPI2_CLK_DISABLE();
 239:Src/stm32l0xx_hal_msp.c ****   
 240:Src/stm32l0xx_hal_msp.c ****     /**SPI2 GPIO Configuration    
 241:Src/stm32l0xx_hal_msp.c ****     PB13     ------> SPI2_SCK
 242:Src/stm32l0xx_hal_msp.c ****     PB14     ------> SPI2_MISO
 243:Src/stm32l0xx_hal_msp.c ****     PB15     ------> SPI2_MOSI 
 244:Src/stm32l0xx_hal_msp.c ****     */
 245:Src/stm32l0xx_hal_msp.c ****     HAL_GPIO_DeInit(GPIOB, GPIO_PIN_13|GPIO_PIN_14|GPIO_PIN_15);
 246:Src/stm32l0xx_hal_msp.c **** 
 247:Src/stm32l0xx_hal_msp.c ****   /* USER CODE BEGIN SPI2_MspDeInit 1 */
 248:Src/stm32l0xx_hal_msp.c **** 
 249:Src/stm32l0xx_hal_msp.c ****   /* USER CODE END SPI2_MspDeInit 1 */
 250:Src/stm32l0xx_hal_msp.c ****   }
 251:Src/stm32l0xx_hal_msp.c **** 
 252:Src/stm32l0xx_hal_msp.c **** }
 411              		.loc 1 252 1 view .LVU95
 412              		@ sp needed
 413 0010 10BD     		pop	{r4, pc}
 414              	.LVL20:
 415              	.L24:
 219:Src/stm32l0xx_hal_msp.c ****   
 416              		.loc 1 219 5 is_stmt 1 view .LVU96
 417 0012 0C4A     		ldr	r2, .L26+8
 418 0014 536B     		ldr	r3, [r2, #52]
 419 0016 0C49     		ldr	r1, .L26+12
 420 0018 0B40     		ands	r3, r1
 421 001a 5363     		str	r3, [r2, #52]
 226:Src/stm32l0xx_hal_msp.c **** 
 422              		.loc 1 226 5 view .LVU97
 423 001c 3821     		movs	r1, #56
 424 001e 0B48     		ldr	r0, .L26+16
 425              	.LVL21:
 226:Src/stm32l0xx_hal_msp.c **** 
 426              		.loc 1 226 5 is_stmt 0 view .LVU98
 427 0020 FFF7FEFF 		bl	HAL_GPIO_DeInit
 428              	.LVL22:
 429 0024 F4E7     		b	.L21
 430              	.LVL23:
 431              	.L25:
 238:Src/stm32l0xx_hal_msp.c ****   
 432              		.loc 1 238 5 is_stmt 1 view .LVU99
 433 0026 074A     		ldr	r2, .L26+8
 434 0028 936B     		ldr	r3, [r2, #56]
 435 002a 0949     		ldr	r1, .L26+20
 436 002c 0B40     		ands	r3, r1
 437 002e 9363     		str	r3, [r2, #56]
 245:Src/stm32l0xx_hal_msp.c **** 
 438              		.loc 1 245 5 view .LVU100
 439 0030 E021     		movs	r1, #224
 440 0032 0902     		lsls	r1, r1, #8
ARM GAS  /var/folders/jl/lskhb0_j53jf26l9_b8c7ppm0000gn/T//cc7f8plR.s 			page 14


 441 0034 0548     		ldr	r0, .L26+16
 442              	.LVL24:
 245:Src/stm32l0xx_hal_msp.c **** 
 443              		.loc 1 245 5 is_stmt 0 view .LVU101
 444 0036 FFF7FEFF 		bl	HAL_GPIO_DeInit
 445              	.LVL25:
 446              		.loc 1 252 1 view .LVU102
 447 003a E9E7     		b	.L21
 448              	.L27:
 449              		.align	2
 450              	.L26:
 451 003c 00300140 		.word	1073819648
 452 0040 00380040 		.word	1073756160
 453 0044 00100240 		.word	1073876992
 454 0048 FFEFFFFF 		.word	-4097
 455 004c 00040050 		.word	1342178304
 456 0050 FFBFFFFF 		.word	-16385
 457              		.cfi_endproc
 458              	.LFE38:
 460              		.section	.text.HAL_UART_MspInit,"ax",%progbits
 461              		.align	1
 462              		.global	HAL_UART_MspInit
 463              		.syntax unified
 464              		.code	16
 465              		.thumb_func
 466              		.fpu softvfp
 468              	HAL_UART_MspInit:
 469              	.LVL26:
 470              	.LFB39:
 253:Src/stm32l0xx_hal_msp.c **** 
 254:Src/stm32l0xx_hal_msp.c **** /**
 255:Src/stm32l0xx_hal_msp.c **** * @brief UART MSP Initialization
 256:Src/stm32l0xx_hal_msp.c **** * This function configures the hardware resources used in this example
 257:Src/stm32l0xx_hal_msp.c **** * @param huart: UART handle pointer
 258:Src/stm32l0xx_hal_msp.c **** * @retval None
 259:Src/stm32l0xx_hal_msp.c **** */
 260:Src/stm32l0xx_hal_msp.c **** void HAL_UART_MspInit(UART_HandleTypeDef* huart)
 261:Src/stm32l0xx_hal_msp.c **** {
 471              		.loc 1 261 1 is_stmt 1 view -0
 472              		.cfi_startproc
 473              		@ args = 0, pretend = 0, frame = 32
 474              		@ frame_needed = 0, uses_anonymous_args = 0
 475              		.loc 1 261 1 is_stmt 0 view .LVU104
 476 0000 10B5     		push	{r4, lr}
 477              	.LCFI6:
 478              		.cfi_def_cfa_offset 8
 479              		.cfi_offset 4, -8
 480              		.cfi_offset 14, -4
 481 0002 88B0     		sub	sp, sp, #32
 482              	.LCFI7:
 483              		.cfi_def_cfa_offset 40
 484 0004 0400     		movs	r4, r0
 262:Src/stm32l0xx_hal_msp.c ****   GPIO_InitTypeDef GPIO_InitStruct = {0};
 485              		.loc 1 262 3 is_stmt 1 view .LVU105
 486              		.loc 1 262 20 is_stmt 0 view .LVU106
 487 0006 1422     		movs	r2, #20
 488 0008 0021     		movs	r1, #0
ARM GAS  /var/folders/jl/lskhb0_j53jf26l9_b8c7ppm0000gn/T//cc7f8plR.s 			page 15


 489 000a 03A8     		add	r0, sp, #12
 490              	.LVL27:
 491              		.loc 1 262 20 view .LVU107
 492 000c FFF7FEFF 		bl	memset
 493              	.LVL28:
 263:Src/stm32l0xx_hal_msp.c ****   if(huart->Instance==USART1)
 494              		.loc 1 263 3 is_stmt 1 view .LVU108
 495              		.loc 1 263 11 is_stmt 0 view .LVU109
 496 0010 2368     		ldr	r3, [r4]
 497              		.loc 1 263 5 view .LVU110
 498 0012 224A     		ldr	r2, .L33
 499 0014 9342     		cmp	r3, r2
 500 0016 04D0     		beq	.L31
 264:Src/stm32l0xx_hal_msp.c ****   {
 265:Src/stm32l0xx_hal_msp.c ****   /* USER CODE BEGIN USART1_MspInit 0 */
 266:Src/stm32l0xx_hal_msp.c **** 
 267:Src/stm32l0xx_hal_msp.c ****   /* USER CODE END USART1_MspInit 0 */
 268:Src/stm32l0xx_hal_msp.c ****     /* Peripheral clock enable */
 269:Src/stm32l0xx_hal_msp.c ****     __HAL_RCC_USART1_CLK_ENABLE();
 270:Src/stm32l0xx_hal_msp.c ****   
 271:Src/stm32l0xx_hal_msp.c ****     __HAL_RCC_GPIOA_CLK_ENABLE();
 272:Src/stm32l0xx_hal_msp.c ****     /**USART1 GPIO Configuration    
 273:Src/stm32l0xx_hal_msp.c ****     PA9     ------> USART1_TX
 274:Src/stm32l0xx_hal_msp.c ****     PA10     ------> USART1_RX 
 275:Src/stm32l0xx_hal_msp.c ****     */
 276:Src/stm32l0xx_hal_msp.c ****     GPIO_InitStruct.Pin = GPIO_PIN_9|GPIO_PIN_10;
 277:Src/stm32l0xx_hal_msp.c ****     GPIO_InitStruct.Mode = GPIO_MODE_AF_PP;
 278:Src/stm32l0xx_hal_msp.c ****     GPIO_InitStruct.Pull = GPIO_NOPULL;
 279:Src/stm32l0xx_hal_msp.c ****     GPIO_InitStruct.Speed = GPIO_SPEED_FREQ_VERY_HIGH;
 280:Src/stm32l0xx_hal_msp.c ****     GPIO_InitStruct.Alternate = GPIO_AF4_USART1;
 281:Src/stm32l0xx_hal_msp.c ****     HAL_GPIO_Init(GPIOA, &GPIO_InitStruct);
 282:Src/stm32l0xx_hal_msp.c **** 
 283:Src/stm32l0xx_hal_msp.c ****   /* USER CODE BEGIN USART1_MspInit 1 */
 284:Src/stm32l0xx_hal_msp.c **** 
 285:Src/stm32l0xx_hal_msp.c ****   /* USER CODE END USART1_MspInit 1 */
 286:Src/stm32l0xx_hal_msp.c ****   }
 287:Src/stm32l0xx_hal_msp.c ****   else if(huart->Instance==USART2)
 501              		.loc 1 287 8 is_stmt 1 view .LVU111
 502              		.loc 1 287 10 is_stmt 0 view .LVU112
 503 0018 214A     		ldr	r2, .L33+4
 504 001a 9342     		cmp	r3, r2
 505 001c 20D0     		beq	.L32
 506              	.L28:
 288:Src/stm32l0xx_hal_msp.c ****   {
 289:Src/stm32l0xx_hal_msp.c ****   /* USER CODE BEGIN USART2_MspInit 0 */
 290:Src/stm32l0xx_hal_msp.c **** 
 291:Src/stm32l0xx_hal_msp.c ****   /* USER CODE END USART2_MspInit 0 */
 292:Src/stm32l0xx_hal_msp.c ****     /* Peripheral clock enable */
 293:Src/stm32l0xx_hal_msp.c ****     __HAL_RCC_USART2_CLK_ENABLE();
 294:Src/stm32l0xx_hal_msp.c ****   
 295:Src/stm32l0xx_hal_msp.c ****     __HAL_RCC_GPIOA_CLK_ENABLE();
 296:Src/stm32l0xx_hal_msp.c ****     /**USART2 GPIO Configuration    
 297:Src/stm32l0xx_hal_msp.c ****     PA2     ------> USART2_TX
 298:Src/stm32l0xx_hal_msp.c ****     PA3     ------> USART2_RX 
 299:Src/stm32l0xx_hal_msp.c ****     */
 300:Src/stm32l0xx_hal_msp.c ****     GPIO_InitStruct.Pin = GPIO_PIN_2|GPIO_PIN_3;
 301:Src/stm32l0xx_hal_msp.c ****     GPIO_InitStruct.Mode = GPIO_MODE_AF_PP;
ARM GAS  /var/folders/jl/lskhb0_j53jf26l9_b8c7ppm0000gn/T//cc7f8plR.s 			page 16


 302:Src/stm32l0xx_hal_msp.c ****     GPIO_InitStruct.Pull = GPIO_NOPULL;
 303:Src/stm32l0xx_hal_msp.c ****     GPIO_InitStruct.Speed = GPIO_SPEED_FREQ_VERY_HIGH;
 304:Src/stm32l0xx_hal_msp.c ****     GPIO_InitStruct.Alternate = GPIO_AF4_USART2;
 305:Src/stm32l0xx_hal_msp.c ****     HAL_GPIO_Init(GPIOA, &GPIO_InitStruct);
 306:Src/stm32l0xx_hal_msp.c **** 
 307:Src/stm32l0xx_hal_msp.c ****   /* USER CODE BEGIN USART2_MspInit 1 */
 308:Src/stm32l0xx_hal_msp.c **** 
 309:Src/stm32l0xx_hal_msp.c ****   /* USER CODE END USART2_MspInit 1 */
 310:Src/stm32l0xx_hal_msp.c ****   }
 311:Src/stm32l0xx_hal_msp.c **** 
 312:Src/stm32l0xx_hal_msp.c **** }
 507              		.loc 1 312 1 view .LVU113
 508 001e 08B0     		add	sp, sp, #32
 509              		@ sp needed
 510              	.LVL29:
 511              		.loc 1 312 1 view .LVU114
 512 0020 10BD     		pop	{r4, pc}
 513              	.LVL30:
 514              	.L31:
 269:Src/stm32l0xx_hal_msp.c ****   
 515              		.loc 1 269 5 is_stmt 1 view .LVU115
 516 0022 204B     		ldr	r3, .L33+8
 517 0024 596B     		ldr	r1, [r3, #52]
 518 0026 8022     		movs	r2, #128
 519 0028 D201     		lsls	r2, r2, #7
 520 002a 0A43     		orrs	r2, r1
 521 002c 5A63     		str	r2, [r3, #52]
 271:Src/stm32l0xx_hal_msp.c ****     /**USART1 GPIO Configuration    
 522              		.loc 1 271 5 view .LVU116
 523              	.LBB5:
 271:Src/stm32l0xx_hal_msp.c ****     /**USART1 GPIO Configuration    
 524              		.loc 1 271 5 view .LVU117
 271:Src/stm32l0xx_hal_msp.c ****     /**USART1 GPIO Configuration    
 525              		.loc 1 271 5 view .LVU118
 526 002e D96A     		ldr	r1, [r3, #44]
 527 0030 0122     		movs	r2, #1
 528 0032 1143     		orrs	r1, r2
 529 0034 D962     		str	r1, [r3, #44]
 271:Src/stm32l0xx_hal_msp.c ****     /**USART1 GPIO Configuration    
 530              		.loc 1 271 5 view .LVU119
 531 0036 DB6A     		ldr	r3, [r3, #44]
 532 0038 1A40     		ands	r2, r3
 533 003a 0192     		str	r2, [sp, #4]
 271:Src/stm32l0xx_hal_msp.c ****     /**USART1 GPIO Configuration    
 534              		.loc 1 271 5 view .LVU120
 535 003c 019B     		ldr	r3, [sp, #4]
 536              	.LBE5:
 271:Src/stm32l0xx_hal_msp.c ****     /**USART1 GPIO Configuration    
 537              		.loc 1 271 5 view .LVU121
 276:Src/stm32l0xx_hal_msp.c ****     GPIO_InitStruct.Mode = GPIO_MODE_AF_PP;
 538              		.loc 1 276 5 view .LVU122
 276:Src/stm32l0xx_hal_msp.c ****     GPIO_InitStruct.Mode = GPIO_MODE_AF_PP;
 539              		.loc 1 276 25 is_stmt 0 view .LVU123
 540 003e C023     		movs	r3, #192
 541 0040 DB00     		lsls	r3, r3, #3
 542 0042 0393     		str	r3, [sp, #12]
 277:Src/stm32l0xx_hal_msp.c ****     GPIO_InitStruct.Pull = GPIO_NOPULL;
ARM GAS  /var/folders/jl/lskhb0_j53jf26l9_b8c7ppm0000gn/T//cc7f8plR.s 			page 17


 543              		.loc 1 277 5 is_stmt 1 view .LVU124
 277:Src/stm32l0xx_hal_msp.c ****     GPIO_InitStruct.Pull = GPIO_NOPULL;
 544              		.loc 1 277 26 is_stmt 0 view .LVU125
 545 0044 0223     		movs	r3, #2
 546 0046 0493     		str	r3, [sp, #16]
 278:Src/stm32l0xx_hal_msp.c ****     GPIO_InitStruct.Speed = GPIO_SPEED_FREQ_VERY_HIGH;
 547              		.loc 1 278 5 is_stmt 1 view .LVU126
 278:Src/stm32l0xx_hal_msp.c ****     GPIO_InitStruct.Speed = GPIO_SPEED_FREQ_VERY_HIGH;
 548              		.loc 1 278 26 is_stmt 0 view .LVU127
 549 0048 0023     		movs	r3, #0
 550 004a 0593     		str	r3, [sp, #20]
 279:Src/stm32l0xx_hal_msp.c ****     GPIO_InitStruct.Alternate = GPIO_AF4_USART1;
 551              		.loc 1 279 5 is_stmt 1 view .LVU128
 279:Src/stm32l0xx_hal_msp.c ****     GPIO_InitStruct.Alternate = GPIO_AF4_USART1;
 552              		.loc 1 279 27 is_stmt 0 view .LVU129
 553 004c 0333     		adds	r3, r3, #3
 554 004e 0693     		str	r3, [sp, #24]
 280:Src/stm32l0xx_hal_msp.c ****     HAL_GPIO_Init(GPIOA, &GPIO_InitStruct);
 555              		.loc 1 280 5 is_stmt 1 view .LVU130
 280:Src/stm32l0xx_hal_msp.c ****     HAL_GPIO_Init(GPIOA, &GPIO_InitStruct);
 556              		.loc 1 280 31 is_stmt 0 view .LVU131
 557 0050 0133     		adds	r3, r3, #1
 558 0052 0793     		str	r3, [sp, #28]
 281:Src/stm32l0xx_hal_msp.c **** 
 559              		.loc 1 281 5 is_stmt 1 view .LVU132
 560 0054 A020     		movs	r0, #160
 561 0056 03A9     		add	r1, sp, #12
 562 0058 C005     		lsls	r0, r0, #23
 563 005a FFF7FEFF 		bl	HAL_GPIO_Init
 564              	.LVL31:
 565 005e DEE7     		b	.L28
 566              	.L32:
 293:Src/stm32l0xx_hal_msp.c ****   
 567              		.loc 1 293 5 view .LVU133
 568 0060 104B     		ldr	r3, .L33+8
 569 0062 996B     		ldr	r1, [r3, #56]
 570 0064 8022     		movs	r2, #128
 571 0066 9202     		lsls	r2, r2, #10
 572 0068 0A43     		orrs	r2, r1
 573 006a 9A63     		str	r2, [r3, #56]
 295:Src/stm32l0xx_hal_msp.c ****     /**USART2 GPIO Configuration    
 574              		.loc 1 295 5 view .LVU134
 575              	.LBB6:
 295:Src/stm32l0xx_hal_msp.c ****     /**USART2 GPIO Configuration    
 576              		.loc 1 295 5 view .LVU135
 295:Src/stm32l0xx_hal_msp.c ****     /**USART2 GPIO Configuration    
 577              		.loc 1 295 5 view .LVU136
 578 006c D96A     		ldr	r1, [r3, #44]
 579 006e 0122     		movs	r2, #1
 580 0070 1143     		orrs	r1, r2
 581 0072 D962     		str	r1, [r3, #44]
 295:Src/stm32l0xx_hal_msp.c ****     /**USART2 GPIO Configuration    
 582              		.loc 1 295 5 view .LVU137
 583 0074 DB6A     		ldr	r3, [r3, #44]
 584 0076 1A40     		ands	r2, r3
 585 0078 0292     		str	r2, [sp, #8]
 295:Src/stm32l0xx_hal_msp.c ****     /**USART2 GPIO Configuration    
ARM GAS  /var/folders/jl/lskhb0_j53jf26l9_b8c7ppm0000gn/T//cc7f8plR.s 			page 18


 586              		.loc 1 295 5 view .LVU138
 587 007a 029B     		ldr	r3, [sp, #8]
 588              	.LBE6:
 295:Src/stm32l0xx_hal_msp.c ****     /**USART2 GPIO Configuration    
 589              		.loc 1 295 5 view .LVU139
 300:Src/stm32l0xx_hal_msp.c ****     GPIO_InitStruct.Mode = GPIO_MODE_AF_PP;
 590              		.loc 1 300 5 view .LVU140
 300:Src/stm32l0xx_hal_msp.c ****     GPIO_InitStruct.Mode = GPIO_MODE_AF_PP;
 591              		.loc 1 300 25 is_stmt 0 view .LVU141
 592 007c 0C23     		movs	r3, #12
 593 007e 0393     		str	r3, [sp, #12]
 301:Src/stm32l0xx_hal_msp.c ****     GPIO_InitStruct.Pull = GPIO_NOPULL;
 594              		.loc 1 301 5 is_stmt 1 view .LVU142
 301:Src/stm32l0xx_hal_msp.c ****     GPIO_InitStruct.Pull = GPIO_NOPULL;
 595              		.loc 1 301 26 is_stmt 0 view .LVU143
 596 0080 0A3B     		subs	r3, r3, #10
 597 0082 0493     		str	r3, [sp, #16]
 302:Src/stm32l0xx_hal_msp.c ****     GPIO_InitStruct.Speed = GPIO_SPEED_FREQ_VERY_HIGH;
 598              		.loc 1 302 5 is_stmt 1 view .LVU144
 302:Src/stm32l0xx_hal_msp.c ****     GPIO_InitStruct.Speed = GPIO_SPEED_FREQ_VERY_HIGH;
 599              		.loc 1 302 26 is_stmt 0 view .LVU145
 600 0084 0023     		movs	r3, #0
 601 0086 0593     		str	r3, [sp, #20]
 303:Src/stm32l0xx_hal_msp.c ****     GPIO_InitStruct.Alternate = GPIO_AF4_USART2;
 602              		.loc 1 303 5 is_stmt 1 view .LVU146
 303:Src/stm32l0xx_hal_msp.c ****     GPIO_InitStruct.Alternate = GPIO_AF4_USART2;
 603              		.loc 1 303 27 is_stmt 0 view .LVU147
 604 0088 0333     		adds	r3, r3, #3
 605 008a 0693     		str	r3, [sp, #24]
 304:Src/stm32l0xx_hal_msp.c ****     HAL_GPIO_Init(GPIOA, &GPIO_InitStruct);
 606              		.loc 1 304 5 is_stmt 1 view .LVU148
 304:Src/stm32l0xx_hal_msp.c ****     HAL_GPIO_Init(GPIOA, &GPIO_InitStruct);
 607              		.loc 1 304 31 is_stmt 0 view .LVU149
 608 008c 0133     		adds	r3, r3, #1
 609 008e 0793     		str	r3, [sp, #28]
 305:Src/stm32l0xx_hal_msp.c **** 
 610              		.loc 1 305 5 is_stmt 1 view .LVU150
 611 0090 A020     		movs	r0, #160
 612 0092 03A9     		add	r1, sp, #12
 613 0094 C005     		lsls	r0, r0, #23
 614 0096 FFF7FEFF 		bl	HAL_GPIO_Init
 615              	.LVL32:
 616              		.loc 1 312 1 is_stmt 0 view .LVU151
 617 009a C0E7     		b	.L28
 618              	.L34:
 619              		.align	2
 620              	.L33:
 621 009c 00380140 		.word	1073821696
 622 00a0 00440040 		.word	1073759232
 623 00a4 00100240 		.word	1073876992
 624              		.cfi_endproc
 625              	.LFE39:
 627              		.section	.text.HAL_UART_MspDeInit,"ax",%progbits
 628              		.align	1
 629              		.global	HAL_UART_MspDeInit
 630              		.syntax unified
 631              		.code	16
ARM GAS  /var/folders/jl/lskhb0_j53jf26l9_b8c7ppm0000gn/T//cc7f8plR.s 			page 19


 632              		.thumb_func
 633              		.fpu softvfp
 635              	HAL_UART_MspDeInit:
 636              	.LVL33:
 637              	.LFB40:
 313:Src/stm32l0xx_hal_msp.c **** 
 314:Src/stm32l0xx_hal_msp.c **** /**
 315:Src/stm32l0xx_hal_msp.c **** * @brief UART MSP De-Initialization
 316:Src/stm32l0xx_hal_msp.c **** * This function freeze the hardware resources used in this example
 317:Src/stm32l0xx_hal_msp.c **** * @param huart: UART handle pointer
 318:Src/stm32l0xx_hal_msp.c **** * @retval None
 319:Src/stm32l0xx_hal_msp.c **** */
 320:Src/stm32l0xx_hal_msp.c **** void HAL_UART_MspDeInit(UART_HandleTypeDef* huart)
 321:Src/stm32l0xx_hal_msp.c **** {
 638              		.loc 1 321 1 is_stmt 1 view -0
 639              		.cfi_startproc
 640              		@ args = 0, pretend = 0, frame = 0
 641              		@ frame_needed = 0, uses_anonymous_args = 0
 642              		.loc 1 321 1 is_stmt 0 view .LVU153
 643 0000 10B5     		push	{r4, lr}
 644              	.LCFI8:
 645              		.cfi_def_cfa_offset 8
 646              		.cfi_offset 4, -8
 647              		.cfi_offset 14, -4
 322:Src/stm32l0xx_hal_msp.c ****   if(huart->Instance==USART1)
 648              		.loc 1 322 3 is_stmt 1 view .LVU154
 649              		.loc 1 322 11 is_stmt 0 view .LVU155
 650 0002 0368     		ldr	r3, [r0]
 651              		.loc 1 322 5 view .LVU156
 652 0004 0E4A     		ldr	r2, .L40
 653 0006 9342     		cmp	r3, r2
 654 0008 03D0     		beq	.L38
 323:Src/stm32l0xx_hal_msp.c ****   {
 324:Src/stm32l0xx_hal_msp.c ****   /* USER CODE BEGIN USART1_MspDeInit 0 */
 325:Src/stm32l0xx_hal_msp.c **** 
 326:Src/stm32l0xx_hal_msp.c ****   /* USER CODE END USART1_MspDeInit 0 */
 327:Src/stm32l0xx_hal_msp.c ****     /* Peripheral clock disable */
 328:Src/stm32l0xx_hal_msp.c ****     __HAL_RCC_USART1_CLK_DISABLE();
 329:Src/stm32l0xx_hal_msp.c ****   
 330:Src/stm32l0xx_hal_msp.c ****     /**USART1 GPIO Configuration    
 331:Src/stm32l0xx_hal_msp.c ****     PA9     ------> USART1_TX
 332:Src/stm32l0xx_hal_msp.c ****     PA10     ------> USART1_RX 
 333:Src/stm32l0xx_hal_msp.c ****     */
 334:Src/stm32l0xx_hal_msp.c ****     HAL_GPIO_DeInit(GPIOA, GPIO_PIN_9|GPIO_PIN_10);
 335:Src/stm32l0xx_hal_msp.c **** 
 336:Src/stm32l0xx_hal_msp.c ****   /* USER CODE BEGIN USART1_MspDeInit 1 */
 337:Src/stm32l0xx_hal_msp.c **** 
 338:Src/stm32l0xx_hal_msp.c ****   /* USER CODE END USART1_MspDeInit 1 */
 339:Src/stm32l0xx_hal_msp.c ****   }
 340:Src/stm32l0xx_hal_msp.c ****   else if(huart->Instance==USART2)
 655              		.loc 1 340 8 is_stmt 1 view .LVU157
 656              		.loc 1 340 10 is_stmt 0 view .LVU158
 657 000a 0E4A     		ldr	r2, .L40+4
 658 000c 9342     		cmp	r3, r2
 659 000e 0CD0     		beq	.L39
 660              	.LVL34:
 661              	.L35:
ARM GAS  /var/folders/jl/lskhb0_j53jf26l9_b8c7ppm0000gn/T//cc7f8plR.s 			page 20


 341:Src/stm32l0xx_hal_msp.c ****   {
 342:Src/stm32l0xx_hal_msp.c ****   /* USER CODE BEGIN USART2_MspDeInit 0 */
 343:Src/stm32l0xx_hal_msp.c **** 
 344:Src/stm32l0xx_hal_msp.c ****   /* USER CODE END USART2_MspDeInit 0 */
 345:Src/stm32l0xx_hal_msp.c ****     /* Peripheral clock disable */
 346:Src/stm32l0xx_hal_msp.c ****     __HAL_RCC_USART2_CLK_DISABLE();
 347:Src/stm32l0xx_hal_msp.c ****   
 348:Src/stm32l0xx_hal_msp.c ****     /**USART2 GPIO Configuration    
 349:Src/stm32l0xx_hal_msp.c ****     PA2     ------> USART2_TX
 350:Src/stm32l0xx_hal_msp.c ****     PA3     ------> USART2_RX 
 351:Src/stm32l0xx_hal_msp.c ****     */
 352:Src/stm32l0xx_hal_msp.c ****     HAL_GPIO_DeInit(GPIOA, GPIO_PIN_2|GPIO_PIN_3);
 353:Src/stm32l0xx_hal_msp.c **** 
 354:Src/stm32l0xx_hal_msp.c ****   /* USER CODE BEGIN USART2_MspDeInit 1 */
 355:Src/stm32l0xx_hal_msp.c **** 
 356:Src/stm32l0xx_hal_msp.c ****   /* USER CODE END USART2_MspDeInit 1 */
 357:Src/stm32l0xx_hal_msp.c ****   }
 358:Src/stm32l0xx_hal_msp.c **** 
 359:Src/stm32l0xx_hal_msp.c **** }
 662              		.loc 1 359 1 view .LVU159
 663              		@ sp needed
 664 0010 10BD     		pop	{r4, pc}
 665              	.LVL35:
 666              	.L38:
 328:Src/stm32l0xx_hal_msp.c ****   
 667              		.loc 1 328 5 is_stmt 1 view .LVU160
 668 0012 0D4A     		ldr	r2, .L40+8
 669 0014 536B     		ldr	r3, [r2, #52]
 670 0016 0D49     		ldr	r1, .L40+12
 671 0018 0B40     		ands	r3, r1
 672 001a 5363     		str	r3, [r2, #52]
 334:Src/stm32l0xx_hal_msp.c **** 
 673              		.loc 1 334 5 view .LVU161
 674 001c C021     		movs	r1, #192
 675 001e A020     		movs	r0, #160
 676              	.LVL36:
 334:Src/stm32l0xx_hal_msp.c **** 
 677              		.loc 1 334 5 is_stmt 0 view .LVU162
 678 0020 C900     		lsls	r1, r1, #3
 679 0022 C005     		lsls	r0, r0, #23
 680 0024 FFF7FEFF 		bl	HAL_GPIO_DeInit
 681              	.LVL37:
 682 0028 F2E7     		b	.L35
 683              	.LVL38:
 684              	.L39:
 346:Src/stm32l0xx_hal_msp.c ****   
 685              		.loc 1 346 5 is_stmt 1 view .LVU163
 686 002a 074A     		ldr	r2, .L40+8
 687 002c 936B     		ldr	r3, [r2, #56]
 688 002e 0849     		ldr	r1, .L40+16
 689 0030 0B40     		ands	r3, r1
 690 0032 9363     		str	r3, [r2, #56]
 352:Src/stm32l0xx_hal_msp.c **** 
 691              		.loc 1 352 5 view .LVU164
 692 0034 A020     		movs	r0, #160
 693              	.LVL39:
 352:Src/stm32l0xx_hal_msp.c **** 
ARM GAS  /var/folders/jl/lskhb0_j53jf26l9_b8c7ppm0000gn/T//cc7f8plR.s 			page 21


 694              		.loc 1 352 5 is_stmt 0 view .LVU165
 695 0036 0C21     		movs	r1, #12
 696 0038 C005     		lsls	r0, r0, #23
 697 003a FFF7FEFF 		bl	HAL_GPIO_DeInit
 698              	.LVL40:
 699              		.loc 1 359 1 view .LVU166
 700 003e E7E7     		b	.L35
 701              	.L41:
 702              		.align	2
 703              	.L40:
 704 0040 00380140 		.word	1073821696
 705 0044 00440040 		.word	1073759232
 706 0048 00100240 		.word	1073876992
 707 004c FFBFFFFF 		.word	-16385
 708 0050 FFFFFDFF 		.word	-131073
 709              		.cfi_endproc
 710              	.LFE40:
 712              		.text
 713              	.Letext0:
 714              		.file 2 "/usr/local/Cellar/arm-gcc-bin/9-2019-q4-major/arm-none-eabi/include/machine/_default_type
 715              		.file 3 "/usr/local/Cellar/arm-gcc-bin/9-2019-q4-major/arm-none-eabi/include/sys/_stdint.h"
 716              		.file 4 "Drivers/CMSIS/Device/ST/STM32L0xx/Include/system_stm32l0xx.h"
 717              		.file 5 "Drivers/CMSIS/Device/ST/STM32L0xx/Include/stm32l052xx.h"
 718              		.file 6 "Drivers/CMSIS/Device/ST/STM32L0xx/Include/stm32l0xx.h"
 719              		.file 7 "Drivers/STM32L0xx_HAL_Driver/Inc/stm32l0xx_hal_def.h"
 720              		.file 8 "Drivers/STM32L0xx_HAL_Driver/Inc/stm32l0xx_hal_gpio.h"
 721              		.file 9 "Drivers/STM32L0xx_HAL_Driver/Inc/stm32l0xx_hal_dma.h"
 722              		.file 10 "Drivers/STM32L0xx_HAL_Driver/Inc/stm32l0xx_hal_adc.h"
 723              		.file 11 "Drivers/STM32L0xx_HAL_Driver/Inc/stm32l0xx_hal_spi.h"
 724              		.file 12 "Drivers/STM32L0xx_HAL_Driver/Inc/stm32l0xx_hal_uart.h"
 725              		.file 13 "Drivers/STM32L0xx_HAL_Driver/Inc/stm32l0xx_hal.h"
 726              		.file 14 "<built-in>"
ARM GAS  /var/folders/jl/lskhb0_j53jf26l9_b8c7ppm0000gn/T//cc7f8plR.s 			page 22


DEFINED SYMBOLS
                            *ABS*:0000000000000000 stm32l0xx_hal_msp.c
/var/folders/jl/lskhb0_j53jf26l9_b8c7ppm0000gn/T//cc7f8plR.s:16     .text.HAL_MspInit:0000000000000000 $t
/var/folders/jl/lskhb0_j53jf26l9_b8c7ppm0000gn/T//cc7f8plR.s:24     .text.HAL_MspInit:0000000000000000 HAL_MspInit
/var/folders/jl/lskhb0_j53jf26l9_b8c7ppm0000gn/T//cc7f8plR.s:50     .text.HAL_MspInit:0000000000000018 $d
/var/folders/jl/lskhb0_j53jf26l9_b8c7ppm0000gn/T//cc7f8plR.s:55     .text.HAL_ADC_MspInit:0000000000000000 $t
/var/folders/jl/lskhb0_j53jf26l9_b8c7ppm0000gn/T//cc7f8plR.s:62     .text.HAL_ADC_MspInit:0000000000000000 HAL_ADC_MspInit
/var/folders/jl/lskhb0_j53jf26l9_b8c7ppm0000gn/T//cc7f8plR.s:149    .text.HAL_ADC_MspInit:0000000000000050 $d
/var/folders/jl/lskhb0_j53jf26l9_b8c7ppm0000gn/T//cc7f8plR.s:155    .text.HAL_ADC_MspDeInit:0000000000000000 $t
/var/folders/jl/lskhb0_j53jf26l9_b8c7ppm0000gn/T//cc7f8plR.s:162    .text.HAL_ADC_MspDeInit:0000000000000000 HAL_ADC_MspDeInit
/var/folders/jl/lskhb0_j53jf26l9_b8c7ppm0000gn/T//cc7f8plR.s:208    .text.HAL_ADC_MspDeInit:0000000000000024 $d
/var/folders/jl/lskhb0_j53jf26l9_b8c7ppm0000gn/T//cc7f8plR.s:215    .text.HAL_SPI_MspInit:0000000000000000 $t
/var/folders/jl/lskhb0_j53jf26l9_b8c7ppm0000gn/T//cc7f8plR.s:222    .text.HAL_SPI_MspInit:0000000000000000 HAL_SPI_MspInit
/var/folders/jl/lskhb0_j53jf26l9_b8c7ppm0000gn/T//cc7f8plR.s:369    .text.HAL_SPI_MspInit:0000000000000090 $d
/var/folders/jl/lskhb0_j53jf26l9_b8c7ppm0000gn/T//cc7f8plR.s:377    .text.HAL_SPI_MspDeInit:0000000000000000 $t
/var/folders/jl/lskhb0_j53jf26l9_b8c7ppm0000gn/T//cc7f8plR.s:384    .text.HAL_SPI_MspDeInit:0000000000000000 HAL_SPI_MspDeInit
/var/folders/jl/lskhb0_j53jf26l9_b8c7ppm0000gn/T//cc7f8plR.s:451    .text.HAL_SPI_MspDeInit:000000000000003c $d
/var/folders/jl/lskhb0_j53jf26l9_b8c7ppm0000gn/T//cc7f8plR.s:461    .text.HAL_UART_MspInit:0000000000000000 $t
/var/folders/jl/lskhb0_j53jf26l9_b8c7ppm0000gn/T//cc7f8plR.s:468    .text.HAL_UART_MspInit:0000000000000000 HAL_UART_MspInit
/var/folders/jl/lskhb0_j53jf26l9_b8c7ppm0000gn/T//cc7f8plR.s:621    .text.HAL_UART_MspInit:000000000000009c $d
/var/folders/jl/lskhb0_j53jf26l9_b8c7ppm0000gn/T//cc7f8plR.s:628    .text.HAL_UART_MspDeInit:0000000000000000 $t
/var/folders/jl/lskhb0_j53jf26l9_b8c7ppm0000gn/T//cc7f8plR.s:635    .text.HAL_UART_MspDeInit:0000000000000000 HAL_UART_MspDeInit
/var/folders/jl/lskhb0_j53jf26l9_b8c7ppm0000gn/T//cc7f8plR.s:704    .text.HAL_UART_MspDeInit:0000000000000040 $d

UNDEFINED SYMBOLS
memset
HAL_GPIO_Init
HAL_GPIO_DeInit
